SF:d:\git\PillarTechnology\checkout-order-total-kata\Domain\DateTimeExtensions.cs
FN:7,System.DateTime PointOfSale.Domain.DateTimeExtensions::StartOfWeek(System.DateTime)
FNDA:192,System.DateTime PointOfSale.Domain.DateTimeExtensions::StartOfWeek(System.DateTime)
DA:8,192
DA:9,192
DA:10,192
DA:11,192
FN:12,System.DateTime PointOfSale.Domain.DateTimeExtensions::StartOfLastWeek(System.DateTime)
FNDA:16,System.DateTime PointOfSale.Domain.DateTimeExtensions::StartOfLastWeek(System.DateTime)
DA:13,16
FN:13,System.DateTime PointOfSale.Domain.DateTimeExtensions::StartOfNextWeek(System.DateTime)
FNDA:10,System.DateTime PointOfSale.Domain.DateTimeExtensions::StartOfNextWeek(System.DateTime)
DA:14,10
FN:14,System.DateTime PointOfSale.Domain.DateTimeExtensions::EndOfWeek(System.DateTime)
FNDA:70,System.DateTime PointOfSale.Domain.DateTimeExtensions::EndOfWeek(System.DateTime)
DA:15,70
FN:15,System.DateTime PointOfSale.Domain.DateTimeExtensions::EndOfLastWeek(System.DateTime)
FNDA:16,System.DateTime PointOfSale.Domain.DateTimeExtensions::EndOfLastWeek(System.DateTime)
DA:16,16
FN:16,System.DateTime PointOfSale.Domain.DateTimeExtensions::EndOfNextWeek(System.DateTime)
FNDA:10,System.DateTime PointOfSale.Domain.DateTimeExtensions::EndOfNextWeek(System.DateTime)
DA:17,10
LF:9
LH:9
BRF:0
BRH:0
FNF:6
FNH:6
end_of_record
SF:d:\git\PillarTechnology\checkout-order-total-kata\Domain\models\invoice\Invoice.cs
FN:8,System.Int64 PointOfSale.Domain.Invoice::get_OrderId()
FNDA:0,System.Int64 PointOfSale.Domain.Invoice::get_OrderId()
DA:9,0
FN:9,System.Collections.Generic.IEnumerable`1<PointOfSale.Domain.LineItem> PointOfSale.Domain.Invoice::get_LineItems()
FNDA:0,System.Collections.Generic.IEnumerable`1<PointOfSale.Domain.LineItem> PointOfSale.Domain.Invoice::get_LineItems()
DA:10,0
FN:10,NodaMoney.Money PointOfSale.Domain.Invoice::get_PreTaxTotal()
FNDA:2,NodaMoney.Money PointOfSale.Domain.Invoice::get_PreTaxTotal()
DA:11,2
FN:20,NodaMoney.Money PointOfSale.Domain.Invoice::CalculatePreTaxTotal(System.Collections.Generic.IEnumerable`1<PointOfSale.Domain.LineItem>)
FNDA:2,NodaMoney.Money PointOfSale.Domain.Invoice::CalculatePreTaxTotal(System.Collections.Generic.IEnumerable`1<PointOfSale.Domain.LineItem>)
DA:21,2
DA:22,38
DA:23,2
BRDA:22,8,0,1
BRDA:22,8,1,2
FN:24,System.String PointOfSale.Domain.Invoice::ToString()
FNDA:0,System.String PointOfSale.Domain.Invoice::ToString()
DA:25,0
FN:12,System.Void PointOfSale.Domain.Invoice::.ctor(System.Int64,System.Collections.Generic.IEnumerable`1<PointOfSale.Domain.LineItem>)
FNDA:2,System.Void PointOfSale.Domain.Invoice::.ctor(System.Int64,System.Collections.Generic.IEnumerable`1<PointOfSale.Domain.LineItem>)
DA:13,2
DA:14,2
DA:15,2
DA:16,2
DA:17,2
DA:18,2
LF:13
LH:10
BRF:2
BRH:2
FNF:6
FNH:3
end_of_record
SF:d:\git\PillarTechnology\checkout-order-total-kata\Domain\models\invoice\InvoiceFactory.cs
FN:10,PointOfSale.Domain.Order PointOfSale.Domain.Invoice/Factory::get_Order()
FNDA:6,PointOfSale.Domain.Order PointOfSale.Domain.Invoice/Factory::get_Order()
DA:11,6
FN:18,PointOfSale.Domain.Invoice PointOfSale.Domain.Invoice/Factory::CreateInvoice()
FNDA:2,PointOfSale.Domain.Invoice PointOfSale.Domain.Invoice/Factory::CreateInvoice()
DA:19,2
DA:20,2
DA:21,2
DA:22,2
FN:24,System.Collections.Generic.ICollection`1<PointOfSale.Domain.LineItem> PointOfSale.Domain.Invoice/Factory::CreateLineItems(System.Collections.Generic.IEnumerable`1<PointOfSale.Domain.ScannedItem>)
FNDA:2,System.Collections.Generic.ICollection`1<PointOfSale.Domain.LineItem> PointOfSale.Domain.Invoice/Factory::CreateLineItems(System.Collections.Generic.IEnumerable`1<PointOfSale.Domain.ScannedItem>)
DA:25,2
DA:26,2
DA:28,47
DA:29,130
DA:31,2
DA:32,2
BRDA:28,21,0,1
BRDA:28,21,1,2
BRDA:28,124,1,8
BRDA:28,124,0,2
FN:34,System.Collections.Generic.ICollection`1<PointOfSale.Domain.LineItem> PointOfSale.Domain.Invoice/Factory::CreateProductDiscountLineItems(PointOfSale.Domain.Product,System.Collections.Generic.IEnumerable`1<PointOfSale.Domain.ScannedItem>)
FNDA:17,System.Collections.Generic.ICollection`1<PointOfSale.Domain.LineItem> PointOfSale.Domain.Invoice/Factory::CreateProductDiscountLineItems(PointOfSale.Domain.Product,System.Collections.Generic.IEnumerable`1<PointOfSale.Domain.ScannedItem>)
DA:35,17
DA:36,17
DA:38,17
DA:39,6
DA:41,11
DA:42,9
DA:44,11
DA:45,6
DA:46,10
DA:47,26
DA:48,6
DA:49,6
DA:51,11
DA:52,17
BRDA:38,13,0,11
BRDA:38,13,1,6
BRDA:38,29,0,6
BRDA:38,29,1,11
BRDA:41,46,0,9
BRDA:41,46,1,11
BRDA:44,72,0,6
BRDA:46,91,0,1
BRDA:46,91,1,6
BRDA:44,72,1,11
FN:54,System.Collections.Generic.IEnumerable`1<PointOfSale.Domain.LineItem> PointOfSale.Domain.Invoice/Factory::CreateProductMarkdownLineItems(System.Collections.Generic.IEnumerable`1<PointOfSale.Domain.ScannedItem>)
FNDA:9,System.Collections.Generic.IEnumerable`1<PointOfSale.Domain.LineItem> PointOfSale.Domain.Invoice/Factory::CreateProductMarkdownLineItems(System.Collections.Generic.IEnumerable`1<PointOfSale.Domain.ScannedItem>)
DA:55,9
DA:56,30
DA:57,9
BRDA:56,8,0,1
BRDA:56,8,1,9
FN:59,System.Collections.Generic.IEnumerable`1<PointOfSale.Domain.LineItem> PointOfSale.Domain.Invoice/Factory::CreateProductSpecialLineItems(PointOfSale.Domain.Product,System.Collections.Generic.IEnumerable`1<PointOfSale.Domain.ScannedItem>)
FNDA:9,System.Collections.Generic.IEnumerable`1<PointOfSale.Domain.LineItem> PointOfSale.Domain.Invoice/Factory::CreateProductSpecialLineItems(PointOfSale.Domain.Product,System.Collections.Generic.IEnumerable`1<PointOfSale.Domain.ScannedItem>)
DA:60,9
DA:61,9
DA:62,9
DA:63,9
FN:65,System.Collections.Generic.IEnumerable`1<PointOfSale.Domain.LineItem> PointOfSale.Domain.Invoice/Factory::CreateRetailLineItems(System.Collections.Generic.IEnumerable`1<PointOfSale.Domain.ScannedItem>)
FNDA:3,System.Collections.Generic.IEnumerable`1<PointOfSale.Domain.LineItem> PointOfSale.Domain.Invoice/Factory::CreateRetailLineItems(System.Collections.Generic.IEnumerable`1<PointOfSale.Domain.ScannedItem>)
DA:66,3
DA:67,38
DA:68,3
BRDA:67,8,0,1
BRDA:67,8,1,3
FN:12,System.Void PointOfSale.Domain.Invoice/Factory::.ctor(PointOfSale.Domain.Order)
FNDA:2,System.Void PointOfSale.Domain.Invoice/Factory::.ctor(PointOfSale.Domain.Order)
DA:13,2
DA:14,2
DA:15,2
DA:16,2
LF:39
LH:39
BRF:18
BRH:18
FNF:8
FNH:8
end_of_record
SF:d:\git\PillarTechnology\checkout-order-total-kata\Domain\models\invoice\line-items\LineItem.cs
FN:6,System.String PointOfSale.Domain.LineItem::get_Description()
FNDA:0,System.String PointOfSale.Domain.LineItem::get_Description()
DA:7,0
FN:7,System.String PointOfSale.Domain.LineItem::get_ProductName()
FNDA:0,System.String PointOfSale.Domain.LineItem::get_ProductName()
DA:8,0
FN:8,NodaMoney.Money PointOfSale.Domain.LineItem::get_SalePrice()
FNDA:61,NodaMoney.Money PointOfSale.Domain.LineItem::get_SalePrice()
DA:9,61
FN:16,System.String PointOfSale.Domain.LineItem::ToString()
FNDA:0,System.String PointOfSale.Domain.LineItem::ToString()
DA:17,0
FN:10,System.Void PointOfSale.Domain.LineItem::.ctor(System.String,NodaMoney.Money)
FNDA:101,System.Void PointOfSale.Domain.LineItem::.ctor(System.String,NodaMoney.Money)
DA:11,101
DA:12,101
DA:13,101
DA:14,101
DA:15,101
LF:9
LH:6
BRF:0
BRH:0
FNF:5
FNH:2
end_of_record
SF:d:\git\PillarTechnology\checkout-order-total-kata\Domain\models\invoice\line-items\MarkdownLineItem.cs
FN:6,System.String PointOfSale.Domain.MarkdownLineItem::get_Description()
FNDA:0,System.String PointOfSale.Domain.MarkdownLineItem::get_Description()
DA:7,0
FN:7,System.Int32 PointOfSale.Domain.MarkdownLineItem::get_ScannedItemId()
FNDA:13,System.Int32 PointOfSale.Domain.MarkdownLineItem::get_ScannedItemId()
DA:8,13
FN:9,System.Void PointOfSale.Domain.MarkdownLineItem::.ctor(System.String,NodaMoney.Money,System.Int32)
FNDA:21,System.Void PointOfSale.Domain.MarkdownLineItem::.ctor(System.String,NodaMoney.Money,System.Int32)
DA:10,21
DA:11,21
DA:12,21
DA:13,21
LF:6
LH:5
BRF:0
BRH:0
FNF:3
FNH:2
end_of_record
SF:d:\git\PillarTechnology\checkout-order-total-kata\Domain\models\invoice\line-items\RetailLineItem.cs
FN:6,System.Int32 PointOfSale.Domain.RetailLineItem::get_ScannedItemId()
FNDA:10,System.Int32 PointOfSale.Domain.RetailLineItem::get_ScannedItemId()
DA:7,10
FN:8,System.Void PointOfSale.Domain.RetailLineItem::.ctor(System.String,NodaMoney.Money,System.Int32)
FNDA:35,System.Void PointOfSale.Domain.RetailLineItem::.ctor(System.String,NodaMoney.Money,System.Int32)
DA:9,35
DA:10,35
DA:11,35
DA:12,35
LF:5
LH:5
BRF:0
BRH:0
FNF:2
FNH:2
end_of_record
SF:d:\git\PillarTechnology\checkout-order-total-kata\Domain\models\invoice\line-items\SpecialLineItem.cs
FN:7,System.String PointOfSale.Domain.SpecialLineItem::get_Description()
FNDA:0,System.String PointOfSale.Domain.SpecialLineItem::get_Description()
DA:8,0
FN:8,System.Collections.Generic.IEnumerable`1<System.Int32> PointOfSale.Domain.SpecialLineItem::get_LineItemIds()
FNDA:4,System.Collections.Generic.IEnumerable`1<System.Int32> PointOfSale.Domain.SpecialLineItem::get_LineItemIds()
DA:9,4
FN:9,System.String PointOfSale.Domain.SpecialLineItem::get_SpecialDescription()
FNDA:0,System.String PointOfSale.Domain.SpecialLineItem::get_SpecialDescription()
DA:10,0
FN:11,System.Void PointOfSale.Domain.SpecialLineItem::.ctor(System.String,NodaMoney.Money,System.Collections.Generic.IEnumerable`1<System.Int32>,System.String)
FNDA:45,System.Void PointOfSale.Domain.SpecialLineItem::.ctor(System.String,NodaMoney.Money,System.Collections.Generic.IEnumerable`1<System.Int32>,System.String)
DA:12,45
DA:13,45
DA:14,45
DA:15,45
DA:16,45
LF:8
LH:6
BRF:0
BRH:0
FNF:4
FNH:2
end_of_record
SF:d:\git\PillarTechnology\checkout-order-total-kata\Domain\models\order\Order.cs
FN:9,System.Int64 PointOfSale.Domain.Order::get_Id()
FNDA:5,System.Int64 PointOfSale.Domain.Order::get_Id()
DA:10,5
FN:10,System.Collections.Generic.IEnumerable`1<PointOfSale.Domain.ScannedItem> PointOfSale.Domain.Order::get_ScannedItems()
FNDA:23,System.Collections.Generic.IEnumerable`1<PointOfSale.Domain.ScannedItem> PointOfSale.Domain.Order::get_ScannedItems()
DA:11,23
FN:13,PointOfSale.Domain.Order PointOfSale.Domain.Order::AddScannedItem(PointOfSale.Domain.ScannedItem)
FNDA:125,PointOfSale.Domain.Order PointOfSale.Domain.Order::AddScannedItem(PointOfSale.Domain.ScannedItem)
DA:14,125
DA:15,125
DA:16,125
DA:17,125
DA:18,125
FN:20,PointOfSale.Domain.ScannedItem PointOfSale.Domain.Order::RemoveScannedItem(System.Int32)
FNDA:1,PointOfSale.Domain.ScannedItem PointOfSale.Domain.Order::RemoveScannedItem(System.Int32)
DA:21,1
DA:22,9
DA:23,1
DA:24,1
DA:25,1
FN:7,System.Void PointOfSale.Domain.Order::.ctor()
FNDA:19,System.Void PointOfSale.Domain.Order::.ctor()
DA:8,19
FN:29,System.Int32 PointOfSale.Domain.Order/ScannedItemIdGenerator::Next(System.Collections.Generic.IEnumerable`1<PointOfSale.Domain.ScannedItem>)
FNDA:125,System.Int32 PointOfSale.Domain.Order/ScannedItemIdGenerator::Next(System.Collections.Generic.IEnumerable`1<PointOfSale.Domain.ScannedItem>)
DA:30,125
DA:31,586
DA:32,125
BRDA:31,7,0,106
BRDA:31,16,0,1
BRDA:31,16,1,106
BRDA:31,7,1,19
LF:16
LH:16
BRF:4
BRH:4
FNF:6
FNH:6
end_of_record
SF:d:\git\PillarTechnology\checkout-order-total-kata\Domain\models\order\scanned-items\ScannedItem.cs
FN:6,System.Int32 PointOfSale.Domain.ScannedItem::get_Id()
FNDA:837,System.Int32 PointOfSale.Domain.ScannedItem::get_Id()
DA:7,837
FN:7,NodaMoney.Money PointOfSale.Domain.ScannedItem::get_MarkdownDiscount()
FNDA:21,NodaMoney.Money PointOfSale.Domain.ScannedItem::get_MarkdownDiscount()
DA:8,21
FN:8,PointOfSale.Domain.Product PointOfSale.Domain.ScannedItem::get_Product()
FNDA:263,PointOfSale.Domain.Product PointOfSale.Domain.ScannedItem::get_Product()
DA:9,263
FN:9,NodaMoney.Money PointOfSale.Domain.ScannedItem::get_RetailPrice()
FNDA:30,NodaMoney.Money PointOfSale.Domain.ScannedItem::get_RetailPrice()
DA:10,30
FN:17,PointOfSale.Domain.LineItem PointOfSale.Domain.ScannedItem::CreateMarkdownLineItem()
FNDA:21,PointOfSale.Domain.LineItem PointOfSale.Domain.ScannedItem::CreateMarkdownLineItem()
DA:18,21
DA:19,21
DA:20,21
FN:22,PointOfSale.Domain.LineItem PointOfSale.Domain.ScannedItem::CreateRetailLineItem()
FNDA:35,PointOfSale.Domain.LineItem PointOfSale.Domain.ScannedItem::CreateRetailLineItem()
DA:23,35
DA:24,35
DA:25,35
FN:26,System.String PointOfSale.Domain.ScannedItem::ToString()
FNDA:0,System.String PointOfSale.Domain.ScannedItem::ToString()
DA:27,0
FN:11,System.Void PointOfSale.Domain.ScannedItem::.ctor(PointOfSale.Domain.Product)
FNDA:255,System.Void PointOfSale.Domain.ScannedItem::.ctor(PointOfSale.Domain.Product)
DA:12,255
DA:13,255
DA:14,255
DA:15,255
LF:15
LH:14
BRF:0
BRH:0
FNF:8
FNH:7
end_of_record
SF:d:\git\PillarTechnology\checkout-order-total-kata\Domain\models\order\scanned-items\WeightedScannedItem.cs
FN:6,NodaMoney.Money PointOfSale.Domain.WeightedScannedItem::get_MarkdownDiscount()
FNDA:0,NodaMoney.Money PointOfSale.Domain.WeightedScannedItem::get_MarkdownDiscount()
DA:7,0
FN:7,System.Decimal PointOfSale.Domain.WeightedScannedItem::get_Weight()
FNDA:19,System.Decimal PointOfSale.Domain.WeightedScannedItem::get_Weight()
DA:8,19
FN:8,NodaMoney.Money PointOfSale.Domain.WeightedScannedItem::get_RetailPrice()
FNDA:9,NodaMoney.Money PointOfSale.Domain.WeightedScannedItem::get_RetailPrice()
DA:9,9
FN:10,System.Void PointOfSale.Domain.WeightedScannedItem::.ctor(PointOfSale.Domain.Product,System.Decimal)
FNDA:45,System.Void PointOfSale.Domain.WeightedScannedItem::.ctor(PointOfSale.Domain.Product,System.Decimal)
DA:11,45
DA:12,45
DA:13,45
DA:14,45
LF:7
LH:6
BRF:0
BRH:0
FNF:4
FNH:3
end_of_record
SF:d:\git\PillarTechnology\checkout-order-total-kata\Domain\models\product\EachesProduct.cs
FN:4,System.Void PointOfSale.Domain.EachesProduct::.ctor(System.String,System.Decimal)
FNDA:77,System.Void PointOfSale.Domain.EachesProduct::.ctor(System.String,System.Decimal)
DA:5,77
DA:6,77
DA:7,77
DA:8,77
DA:9,77
DA:10,77
DA:11,77
DA:12,77
LF:8
LH:8
BRF:0
BRH:0
FNF:1
FNH:1
end_of_record
SF:d:\git\PillarTechnology\checkout-order-total-kata\Domain\models\product\ISellableAsEaches.cs
FN:12,NodaMoney.Money PointOfSale.Domain.SellableAsEaches::get_RetailPrice()
FNDA:196,NodaMoney.Money PointOfSale.Domain.SellableAsEaches::get_RetailPrice()
DA:13,196
FN:19,NodaMoney.Money PointOfSale.Domain.NotSellableAsEaches::get_RetailPrice()
FNDA:0,NodaMoney.Money PointOfSale.Domain.NotSellableAsEaches::get_RetailPrice()
DA:20,0
FN:20,System.Void PointOfSale.Domain.NotSellableAsEaches::set_RetailPrice(NodaMoney.Money)
FNDA:0,System.Void PointOfSale.Domain.NotSellableAsEaches::set_RetailPrice(NodaMoney.Money)
DA:21,0
LF:3
LH:1
BRF:0
BRH:0
FNF:3
FNH:1
end_of_record
SF:d:\git\PillarTechnology\checkout-order-total-kata\Domain\models\product\ISellableByMass.cs
FN:14,UnitsNet.Mass PointOfSale.Domain.SellableByMass::get_Mass()
FNDA:28,UnitsNet.Mass PointOfSale.Domain.SellableByMass::get_Mass()
DA:15,28
FN:15,NodaMoney.Money PointOfSale.Domain.SellableByMass::get_RetailPricePerUnit()
FNDA:37,NodaMoney.Money PointOfSale.Domain.SellableByMass::get_RetailPricePerUnit()
DA:16,37
FN:22,UnitsNet.Mass PointOfSale.Domain.NotSellableByMass::get_Mass()
FNDA:4,UnitsNet.Mass PointOfSale.Domain.NotSellableByMass::get_Mass()
DA:23,4
FN:23,System.Void PointOfSale.Domain.NotSellableByMass::set_Mass(UnitsNet.Mass)
FNDA:0,System.Void PointOfSale.Domain.NotSellableByMass::set_Mass(UnitsNet.Mass)
DA:24,0
FN:28,NodaMoney.Money PointOfSale.Domain.NotSellableByMass::get_RetailPricePerUnit()
FNDA:4,NodaMoney.Money PointOfSale.Domain.NotSellableByMass::get_RetailPricePerUnit()
DA:29,4
FN:29,System.Void PointOfSale.Domain.NotSellableByMass::set_RetailPricePerUnit(NodaMoney.Money)
FNDA:0,System.Void PointOfSale.Domain.NotSellableByMass::set_RetailPricePerUnit(NodaMoney.Money)
DA:30,0
LF:6
LH:4
BRF:0
BRH:0
FNF:6
FNH:4
end_of_record
SF:d:\git\PillarTechnology\checkout-order-total-kata\Domain\models\product\markdown\Markdown.cs
FN:14,NodaMoney.Money PointOfSale.Domain.Markdown::get_AmountOffRetail()
FNDA:34,NodaMoney.Money PointOfSale.Domain.Markdown::get_AmountOffRetail()
DA:15,34
FN:15,System.DateTime PointOfSale.Domain.Markdown::get_EndTime()
FNDA:0,System.DateTime PointOfSale.Domain.Markdown::get_EndTime()
DA:16,0
FN:16,System.Boolean PointOfSale.Domain.Markdown::get_IsActive()
FNDA:27,System.Boolean PointOfSale.Domain.Markdown::get_IsActive()
DA:17,27
FN:17,System.DateTime PointOfSale.Domain.Markdown::get_StartTime()
FNDA:0,System.DateTime PointOfSale.Domain.Markdown::get_StartTime()
DA:18,0
FN:25,System.String PointOfSale.Domain.Markdown::ToString()
FNDA:4,System.String PointOfSale.Domain.Markdown::ToString()
DA:26,4
FN:19,System.Void PointOfSale.Domain.Markdown::.ctor(NodaMoney.Money,PointOfSale.Domain.ITemporal)
FNDA:47,System.Void PointOfSale.Domain.Markdown::.ctor(NodaMoney.Money,PointOfSale.Domain.ITemporal)
DA:20,47
DA:21,47
DA:22,47
DA:23,47
DA:24,47
LF:10
LH:8
BRF:0
BRH:0
FNF:6
FNH:4
end_of_record
SF:d:\git\PillarTechnology\checkout-order-total-kata\Domain\models\product\markdown\MarkdownFactory.cs
FN:10,NodaMoney.Money PointOfSale.Domain.Markdown/Factory::get_AmountOffRetail()
FNDA:94,NodaMoney.Money PointOfSale.Domain.Markdown/Factory::get_AmountOffRetail()
DA:11,94
FN:11,System.DateTime PointOfSale.Domain.Markdown/Factory::get_EndTime()
FNDA:94,System.DateTime PointOfSale.Domain.Markdown/Factory::get_EndTime()
DA:12,94
FN:12,System.DateTime PointOfSale.Domain.Markdown/Factory::get_StartTime()
FNDA:94,System.DateTime PointOfSale.Domain.Markdown/Factory::get_StartTime()
DA:13,94
FN:20,PointOfSale.Domain.IMarkdownFactory PointOfSale.Domain.Markdown/Factory::Configure(NodaMoney.Money,System.DateTime,System.DateTime)
FNDA:47,PointOfSale.Domain.IMarkdownFactory PointOfSale.Domain.Markdown/Factory::Configure(NodaMoney.Money,System.DateTime,System.DateTime)
DA:21,47
DA:22,47
DA:23,47
DA:24,47
DA:26,47
DA:27,47
FN:29,PointOfSale.Domain.Markdown PointOfSale.Domain.Markdown/Factory::CreateMarkdown()
FNDA:47,PointOfSale.Domain.Markdown PointOfSale.Domain.Markdown/Factory::CreateMarkdown()
DA:30,47
DA:31,47
DA:32,47
FN:14,System.Void PointOfSale.Domain.Markdown/Factory::.ctor(PointOfSale.Domain.IDateTimeProvider)
FNDA:47,System.Void PointOfSale.Domain.Markdown/Factory::.ctor(PointOfSale.Domain.IDateTimeProvider)
DA:15,47
DA:16,47
DA:17,47
DA:18,47
LF:16
LH:16
BRF:0
BRH:0
FNF:6
FNH:6
end_of_record
SF:d:\git\PillarTechnology\checkout-order-total-kata\Domain\models\product\MassProduct.cs
FN:8,System.Void PointOfSale.Domain.MassProduct::.ctor(System.String,System.Decimal)
FNDA:28,System.Void PointOfSale.Domain.MassProduct::.ctor(System.String,System.Decimal)
DA:9,28
DA:10,28
DA:11,28
DA:12,28
DA:13,28
DA:14,28
DA:15,28
DA:16,28
DA:17,28
FN:18,System.Void PointOfSale.Domain.MassProduct::.ctor(System.String,System.Decimal,System.Double,System.String)
FNDA:0,System.Void PointOfSale.Domain.MassProduct::.ctor(System.String,System.Decimal,System.Double,System.String)
DA:19,0
DA:20,0
DA:21,0
DA:22,0
DA:23,0
DA:24,0
DA:25,0
DA:26,0
DA:27,0
FN:30,System.Double PointOfSale.Domain.MassProduct/MassProductBuilder::get_MassAmount()
FNDA:0,System.Double PointOfSale.Domain.MassProduct/MassProductBuilder::get_MassAmount()
DA:31,0
FN:31,System.String PointOfSale.Domain.MassProduct/MassProductBuilder::get_MassUnit()
FNDA:0,System.String PointOfSale.Domain.MassProduct/MassProductBuilder::get_MassUnit()
DA:32,0
FN:32,System.String PointOfSale.Domain.MassProduct/MassProductBuilder::get_Name()
FNDA:0,System.String PointOfSale.Domain.MassProduct/MassProductBuilder::get_Name()
DA:33,0
FN:33,System.Decimal PointOfSale.Domain.MassProduct/MassProductBuilder::get_RetailPricePerUnit()
FNDA:0,System.Decimal PointOfSale.Domain.MassProduct/MassProductBuilder::get_RetailPricePerUnit()
DA:34,0
FN:42,PointOfSale.Domain.MassProduct/MassProductBuilder PointOfSale.Domain.MassProduct/MassProductBuilder::SetMass(System.Double,System.String)
FNDA:0,PointOfSale.Domain.MassProduct/MassProductBuilder PointOfSale.Domain.MassProduct/MassProductBuilder::SetMass(System.Double,System.String)
DA:43,0
DA:44,0
DA:45,0
DA:46,0
DA:47,0
FN:49,PointOfSale.Domain.MassProduct PointOfSale.Domain.MassProduct/MassProductBuilder::Build()
FNDA:0,PointOfSale.Domain.MassProduct PointOfSale.Domain.MassProduct/MassProductBuilder::Build()
DA:50,0
DA:51,0
DA:52,0
FN:35,System.Void PointOfSale.Domain.MassProduct/MassProductBuilder::.ctor(System.String,System.Decimal)
FNDA:0,System.Void PointOfSale.Domain.MassProduct/MassProductBuilder::.ctor(System.String,System.Decimal)
DA:36,0
DA:37,0
DA:38,0
DA:39,0
DA:40,0
LF:35
LH:9
BRF:0
BRH:0
FNF:9
FNH:1
end_of_record
SF:d:\git\PillarTechnology\checkout-order-total-kata\Domain\models\product\Product.cs
FN:13,System.Boolean PointOfSale.Domain.Product::get_HasActiveMarkdown()
FNDA:76,System.Boolean PointOfSale.Domain.Product::get_HasActiveMarkdown()
DA:14,76
BRDA:14,6,0,23
BRDA:14,6,1,53
FN:14,System.Boolean PointOfSale.Domain.Product::get_HasActiveSpecial()
FNDA:26,System.Boolean PointOfSale.Domain.Product::get_HasActiveSpecial()
DA:15,26
BRDA:15,6,0,20
BRDA:15,6,1,6
FN:15,PointOfSale.Domain.Markdown PointOfSale.Domain.Product::get_Markdown()
FNDA:184,PointOfSale.Domain.Markdown PointOfSale.Domain.Product::get_Markdown()
DA:16,184
FN:18,UnitsNet.Mass PointOfSale.Domain.Product::get_Mass()
FNDA:4,UnitsNet.Mass PointOfSale.Domain.Product::get_Mass()
DA:19,4
FN:19,System.Void PointOfSale.Domain.Product::set_Mass(UnitsNet.Mass)
FNDA:28,System.Void PointOfSale.Domain.Product::set_Mass(UnitsNet.Mass)
DA:20,28
FN:21,System.String PointOfSale.Domain.Product::get_Name()
FNDA:105,System.String PointOfSale.Domain.Product::get_Name()
DA:22,105
FN:24,NodaMoney.Money PointOfSale.Domain.Product::get_RetailPrice()
FNDA:119,NodaMoney.Money PointOfSale.Domain.Product::get_RetailPrice()
DA:25,119
FN:25,System.Void PointOfSale.Domain.Product::set_RetailPrice(NodaMoney.Money)
FNDA:77,System.Void PointOfSale.Domain.Product::set_RetailPrice(NodaMoney.Money)
DA:26,77
FN:29,NodaMoney.Money PointOfSale.Domain.Product::get_RetailPricePerUnit()
FNDA:13,NodaMoney.Money PointOfSale.Domain.Product::get_RetailPricePerUnit()
DA:30,13
FN:30,System.Void PointOfSale.Domain.Product::set_RetailPricePerUnit(NodaMoney.Money)
FNDA:28,System.Void PointOfSale.Domain.Product::set_RetailPricePerUnit(NodaMoney.Money)
DA:31,28
FN:32,PointOfSale.Domain.Special PointOfSale.Domain.Product::get_Special()
FNDA:73,PointOfSale.Domain.Special PointOfSale.Domain.Product::get_Special()
DA:33,73
FN:34,System.Void PointOfSale.Domain.Product::.ctor(System.String,PointOfSale.Domain.ISellableAsEaches,PointOfSale.Domain.ISellableByMass)
FNDA:105,System.Void PointOfSale.Domain.Product::.ctor(System.String,PointOfSale.Domain.ISellableAsEaches,PointOfSale.Domain.ISellableByMass)
DA:35,105
DA:36,105
DA:37,105
DA:38,104
DA:39,105
DA:40,105
LF:17
LH:17
BRF:4
BRH:4
FNF:12
FNH:12
end_of_record
SF:d:\git\PillarTechnology\checkout-order-total-kata\Domain\models\product\ProductSpecial.cs
FN:7,PointOfSale.Domain.Product PointOfSale.Domain.ProductSpecial::get_Product()
FNDA:143,PointOfSale.Domain.Product PointOfSale.Domain.ProductSpecial::get_Product()
DA:8,143
FN:8,PointOfSale.Domain.Special PointOfSale.Domain.ProductSpecial::get_Special()
FNDA:200,PointOfSale.Domain.Special PointOfSale.Domain.ProductSpecial::get_Special()
DA:9,200
FN:33,System.Boolean PointOfSale.Domain.ProductSpecial::GetIsBestDiscount()
FNDA:46,System.Boolean PointOfSale.Domain.ProductSpecial::GetIsBestDiscount()
DA:34,46
DA:35,46
DA:37,45
DA:38,2
DA:40,44
DA:41,35
DA:43,9
DA:45,9
DA:46,46
BRDA:37,33,0,2
BRDA:37,33,1,44
BRDA:40,57,0,35
BRDA:40,57,1,9
FN:10,System.Void PointOfSale.Domain.ProductSpecial::.ctor(PointOfSale.Domain.Product,PointOfSale.Domain.Special)
FNDA:46,System.Void PointOfSale.Domain.ProductSpecial::.ctor(PointOfSale.Domain.Product,PointOfSale.Domain.Special)
DA:11,46
DA:12,46
DA:13,46
DA:14,46
DA:15,46
FN:17,System.Boolean PointOfSale.Domain.ProductSpecial/<CreateLineItems>d__7::MoveNext()
FNDA:46,System.Boolean PointOfSale.Domain.ProductSpecial/<CreateLineItems>d__7::MoveNext()
DA:18,46
DA:19,46
DA:20,7
DA:22,39
DA:24,168
DA:25,48
DA:26,48
DA:27,3
DA:29,45
DA:30,45
DA:31,36
BRDA:19,51,0,7
BRDA:19,51,1,39
BRDA:24,298,1,48
BRDA:26,126,0,7
BRDA:26,126,1,41
BRDA:26,196,0,3
BRDA:26,196,1,45
BRDA:18,14,1,45
BRDA:24,298,0,36
LF:27
LH:27
BRF:13
BRH:13
FNF:5
FNH:5
end_of_record
SF:d:\git\PillarTechnology\checkout-order-total-kata\Domain\models\product\specials\BuyNForXAmountSpecial.cs
FN:9,System.String PointOfSale.Domain.BuyNForXAmountSpecial::get_Description()
FNDA:9,System.String PointOfSale.Domain.BuyNForXAmountSpecial::get_Description()
DA:10,9
FN:10,System.Int32 PointOfSale.Domain.BuyNForXAmountSpecial::get_DiscountedItems()
FNDA:60,System.Int32 PointOfSale.Domain.BuyNForXAmountSpecial::get_DiscountedItems()
DA:11,60
FN:11,NodaMoney.Money PointOfSale.Domain.BuyNForXAmountSpecial::get_GroupSalePrice()
FNDA:30,NodaMoney.Money PointOfSale.Domain.BuyNForXAmountSpecial::get_GroupSalePrice()
DA:12,30
FN:12,System.Int32 PointOfSale.Domain.BuyNForXAmountSpecial::get_ScannedItemsRequired()
FNDA:30,System.Int32 PointOfSale.Domain.BuyNForXAmountSpecial::get_ScannedItemsRequired()
DA:13,30
FN:26,NodaMoney.Money PointOfSale.Domain.BuyNForXAmountSpecial::CalculateTotalDiscount(PointOfSale.Domain.Product)
FNDA:21,NodaMoney.Money PointOfSale.Domain.BuyNForXAmountSpecial::CalculateTotalDiscount(PointOfSale.Domain.Product)
DA:27,21
DA:28,21
DA:29,21
DA:30,21
FN:32,System.Collections.Generic.IEnumerable`1<System.Int32> PointOfSale.Domain.BuyNForXAmountSpecial::GetScannedItemIds(System.Collections.Generic.IEnumerable`1<PointOfSale.Domain.ScannedItem>,System.Int32)
FNDA:9,System.Collections.Generic.IEnumerable`1<System.Int32> PointOfSale.Domain.BuyNForXAmountSpecial::GetScannedItemIds(System.Collections.Generic.IEnumerable`1<PointOfSale.Domain.ScannedItem>,System.Int32)
DA:33,9
DA:34,9
DA:35,9
DA:36,9
DA:37,9
DA:38,9
BRDA:34,32,0,1
BRDA:34,32,1,9
FN:19,System.Void PointOfSale.Domain.BuyNForXAmountSpecial::.ctor(PointOfSale.Domain.ITemporal,System.Int32,NodaMoney.Money,System.Nullable`1<System.Int32>)
FNDA:12,System.Void PointOfSale.Domain.BuyNForXAmountSpecial::.ctor(PointOfSale.Domain.ITemporal,System.Int32,NodaMoney.Money,System.Nullable`1<System.Int32>)
DA:20,12
DA:21,12
DA:22,12
DA:23,12
DA:24,12
LF:19
LH:19
BRF:2
BRH:2
FNF:7
FNH:7
end_of_record
SF:d:\git\PillarTechnology\checkout-order-total-kata\Domain\models\product\specials\BuyNForXAmountSpecialFactory.cs
FN:11,System.Int32 PointOfSale.Domain.BuyNForXAmountSpecial/Factory::get_DiscountedItems()
FNDA:24,System.Int32 PointOfSale.Domain.BuyNForXAmountSpecial/Factory::get_DiscountedItems()
DA:12,24
FN:12,NodaMoney.Money PointOfSale.Domain.BuyNForXAmountSpecial/Factory::get_GroupSalePrice()
FNDA:24,NodaMoney.Money PointOfSale.Domain.BuyNForXAmountSpecial/Factory::get_GroupSalePrice()
DA:13,24
FN:17,PointOfSale.Domain.BuyNForXAmountSpecial/Factory PointOfSale.Domain.BuyNForXAmountSpecial/Factory::Configure(System.Int32,System.DateTime,NodaMoney.Money,System.DateTime,System.Nullable`1<System.Int32>)
FNDA:12,PointOfSale.Domain.BuyNForXAmountSpecial/Factory PointOfSale.Domain.BuyNForXAmountSpecial/Factory::Configure(System.Int32,System.DateTime,NodaMoney.Money,System.DateTime,System.Nullable`1<System.Int32>)
DA:18,12
DA:19,12
DA:20,12
DA:21,12
DA:23,12
DA:24,12
FN:26,PointOfSale.Domain.Special PointOfSale.Domain.BuyNForXAmountSpecial/Factory::CreateSpecial()
FNDA:12,PointOfSale.Domain.Special PointOfSale.Domain.BuyNForXAmountSpecial/Factory::CreateSpecial()
DA:27,12
DA:28,12
DA:29,12
FN:14,System.Void PointOfSale.Domain.BuyNForXAmountSpecial/Factory::.ctor(PointOfSale.Domain.IDateTimeProvider)
FNDA:36,System.Void PointOfSale.Domain.BuyNForXAmountSpecial/Factory::.ctor(PointOfSale.Domain.IDateTimeProvider)
DA:15,36
LF:12
LH:12
BRF:0
BRH:0
FNF:5
FNH:5
end_of_record
SF:d:\git\PillarTechnology\checkout-order-total-kata\Domain\models\product\specials\BuyNGetMAtXPercentOffSpecial.cs
FN:9,System.String PointOfSale.Domain.BuyNGetMAtXPercentOffSpecial::get_Description()
FNDA:40,System.String PointOfSale.Domain.BuyNGetMAtXPercentOffSpecial::get_Description()
DA:10,40
FN:10,System.Int32 PointOfSale.Domain.BuyNGetMAtXPercentOffSpecial::get_DiscountedItems()
FNDA:236,System.Int32 PointOfSale.Domain.BuyNGetMAtXPercentOffSpecial::get_DiscountedItems()
DA:11,236
FN:11,System.Decimal PointOfSale.Domain.BuyNGetMAtXPercentOffSpecial::get_PercentageOff()
FNDA:125,System.Decimal PointOfSale.Domain.BuyNGetMAtXPercentOffSpecial::get_PercentageOff()
DA:12,125
FN:12,System.Decimal PointOfSale.Domain.BuyNGetMAtXPercentOffSpecial::get_Multiplier()
FNDA:118,System.Decimal PointOfSale.Domain.BuyNGetMAtXPercentOffSpecial::get_Multiplier()
DA:13,118
FN:13,System.Int32 PointOfSale.Domain.BuyNGetMAtXPercentOffSpecial::get_PreDiscountItems()
FNDA:175,System.Int32 PointOfSale.Domain.BuyNGetMAtXPercentOffSpecial::get_PreDiscountItems()
DA:14,175
FN:14,System.Int32 PointOfSale.Domain.BuyNGetMAtXPercentOffSpecial::get_ScannedItemsRequired()
FNDA:122,System.Int32 PointOfSale.Domain.BuyNGetMAtXPercentOffSpecial::get_ScannedItemsRequired()
DA:15,122
FN:30,NodaMoney.Money PointOfSale.Domain.BuyNGetMAtXPercentOffSpecial::CalculateTotalDiscount(PointOfSale.Domain.Product)
FNDA:64,NodaMoney.Money PointOfSale.Domain.BuyNGetMAtXPercentOffSpecial::CalculateTotalDiscount(PointOfSale.Domain.Product)
DA:31,64
DA:32,64
DA:33,64
FN:35,System.Collections.Generic.IEnumerable`1<System.Int32> PointOfSale.Domain.BuyNGetMAtXPercentOffSpecial::GetScannedItemIds(System.Collections.Generic.IEnumerable`1<PointOfSale.Domain.ScannedItem>,System.Int32)
FNDA:33,System.Collections.Generic.IEnumerable`1<System.Int32> PointOfSale.Domain.BuyNGetMAtXPercentOffSpecial::GetScannedItemIds(System.Collections.Generic.IEnumerable`1<PointOfSale.Domain.ScannedItem>,System.Int32)
DA:36,33
DA:37,33
DA:38,33
DA:39,33
DA:40,45
DA:41,33
BRDA:37,32,0,1
BRDA:37,32,1,33
FN:22,System.Void PointOfSale.Domain.BuyNGetMAtXPercentOffSpecial::.ctor(PointOfSale.Domain.ITemporal,System.Int32,System.Int32,System.Decimal,System.Nullable`1<System.Int32>)
FNDA:37,System.Void PointOfSale.Domain.BuyNGetMAtXPercentOffSpecial::.ctor(PointOfSale.Domain.ITemporal,System.Int32,System.Int32,System.Decimal,System.Nullable`1<System.Int32>)
DA:23,37
DA:24,37
DA:25,37
DA:26,37
DA:27,37
DA:28,37
LF:21
LH:21
BRF:2
BRH:2
FNF:9
FNH:9
end_of_record
SF:d:\git\PillarTechnology\checkout-order-total-kata\Domain\models\product\specials\BuyNGetMAtXPercentOffSpecialFactory.cs
FN:11,System.Int32 PointOfSale.Domain.BuyNGetMAtXPercentOffSpecial/Factory::get_DiscountedItems()
FNDA:74,System.Int32 PointOfSale.Domain.BuyNGetMAtXPercentOffSpecial/Factory::get_DiscountedItems()
DA:12,74
FN:12,System.Decimal PointOfSale.Domain.BuyNGetMAtXPercentOffSpecial/Factory::get_PercentageOff()
FNDA:74,System.Decimal PointOfSale.Domain.BuyNGetMAtXPercentOffSpecial/Factory::get_PercentageOff()
DA:13,74
FN:13,System.Int32 PointOfSale.Domain.BuyNGetMAtXPercentOffSpecial/Factory::get_PreDiscountItems()
FNDA:74,System.Int32 PointOfSale.Domain.BuyNGetMAtXPercentOffSpecial/Factory::get_PreDiscountItems()
DA:14,74
FN:18,PointOfSale.Domain.BuyNGetMAtXPercentOffSpecial/Factory PointOfSale.Domain.BuyNGetMAtXPercentOffSpecial/Factory::Configure(System.Int32,System.DateTime,System.Decimal,System.Int32,System.DateTime,System.Nullable`1<System.Int32>)
FNDA:37,PointOfSale.Domain.BuyNGetMAtXPercentOffSpecial/Factory PointOfSale.Domain.BuyNGetMAtXPercentOffSpecial/Factory::Configure(System.Int32,System.DateTime,System.Decimal,System.Int32,System.DateTime,System.Nullable`1<System.Int32>)
DA:19,37
DA:20,37
DA:21,37
DA:22,37
DA:23,37
DA:25,37
DA:26,37
FN:28,PointOfSale.Domain.Special PointOfSale.Domain.BuyNGetMAtXPercentOffSpecial/Factory::CreateSpecial()
FNDA:32,PointOfSale.Domain.Special PointOfSale.Domain.BuyNGetMAtXPercentOffSpecial/Factory::CreateSpecial()
DA:29,32
DA:30,32
DA:31,32
FN:15,System.Void PointOfSale.Domain.BuyNGetMAtXPercentOffSpecial/Factory::.ctor(PointOfSale.Domain.IDateTimeProvider)
FNDA:111,System.Void PointOfSale.Domain.BuyNGetMAtXPercentOffSpecial/Factory::.ctor(PointOfSale.Domain.IDateTimeProvider)
DA:16,111
LF:14
LH:14
BRF:0
BRH:0
FNF:6
FNH:6
end_of_record
SF:d:\git\PillarTechnology\checkout-order-total-kata\Domain\models\product\specials\BuyNGetMOfEqualOrLesserValueAtXPercentOffSpecial.cs
FN:9,System.String PointOfSale.Domain.BuyNGetMOfEqualOrLesserValueAtXPercentOffSpecial::get_Description()
FNDA:3,System.String PointOfSale.Domain.BuyNGetMOfEqualOrLesserValueAtXPercentOffSpecial::get_Description()
DA:10,3
FN:20,NodaMoney.Money PointOfSale.Domain.BuyNGetMOfEqualOrLesserValueAtXPercentOffSpecial::CalculateTotalDiscount(PointOfSale.Domain.Product)
FNDA:3,NodaMoney.Money PointOfSale.Domain.BuyNGetMOfEqualOrLesserValueAtXPercentOffSpecial::CalculateTotalDiscount(PointOfSale.Domain.Product)
DA:21,3
DA:22,3
DA:23,3
FN:25,System.Collections.Generic.IEnumerable`1<System.Int32> PointOfSale.Domain.BuyNGetMOfEqualOrLesserValueAtXPercentOffSpecial::GetScannedItemIds(System.Collections.Generic.IEnumerable`1<PointOfSale.Domain.ScannedItem>,System.Int32)
FNDA:0,System.Collections.Generic.IEnumerable`1<System.Int32> PointOfSale.Domain.BuyNGetMOfEqualOrLesserValueAtXPercentOffSpecial::GetScannedItemIds(System.Collections.Generic.IEnumerable`1<PointOfSale.Domain.ScannedItem>,System.Int32)
DA:26,0
DA:27,0
DA:28,0
DA:29,0
DA:30,0
DA:31,0
BRDA:27,8,0,0
BRDA:27,8,1,0
BRDA:27,68,0,0
BRDA:27,68,1,0
FN:33,PointOfSale.Domain.LineItem PointOfSale.Domain.BuyNGetMOfEqualOrLesserValueAtXPercentOffSpecial::CreateLineItem(PointOfSale.Domain.Product,System.Collections.Generic.IEnumerable`1<PointOfSale.Domain.ScannedItem>,System.Int32)
FNDA:3,PointOfSale.Domain.LineItem PointOfSale.Domain.BuyNGetMOfEqualOrLesserValueAtXPercentOffSpecial::CreateLineItem(PointOfSale.Domain.Product,System.Collections.Generic.IEnumerable`1<PointOfSale.Domain.ScannedItem>,System.Int32)
DA:34,3
DA:35,3
DA:36,13
DA:37,3
DA:38,3
DA:39,3
DA:41,3
DA:42,7
DA:44,3
DA:45,3
BRDA:35,8,0,1
BRDA:35,8,1,3
BRDA:44,124,0,1
BRDA:44,124,1,3
FN:17,System.Void PointOfSale.Domain.BuyNGetMOfEqualOrLesserValueAtXPercentOffSpecial::.ctor(PointOfSale.Domain.ITemporal,System.Int32,System.Int32,System.Decimal,System.Nullable`1<System.Int32>)
FNDA:15,System.Void PointOfSale.Domain.BuyNGetMOfEqualOrLesserValueAtXPercentOffSpecial::.ctor(PointOfSale.Domain.ITemporal,System.Int32,System.Int32,System.Decimal,System.Nullable`1<System.Int32>)
DA:18,15
LF:21
LH:15
BRF:8
BRH:4
FNF:5
FNH:4
end_of_record
SF:d:\git\PillarTechnology\checkout-order-total-kata\Domain\models\product\specials\BuyNGetMOfEqualOrLesserValueAtXPercentOffSpecialFactory.cs
FN:14,PointOfSale.Domain.Special PointOfSale.Domain.BuyNGetMOfEqualOrLesserValueAtXPercentOffSpecial/Factory::CreateSpecial()
FNDA:5,PointOfSale.Domain.Special PointOfSale.Domain.BuyNGetMOfEqualOrLesserValueAtXPercentOffSpecial/Factory::CreateSpecial()
DA:15,5
DA:16,5
DA:17,5
FN:11,System.Void PointOfSale.Domain.BuyNGetMOfEqualOrLesserValueAtXPercentOffSpecial/Factory::.ctor(PointOfSale.Domain.IDateTimeProvider)
FNDA:15,System.Void PointOfSale.Domain.BuyNGetMOfEqualOrLesserValueAtXPercentOffSpecial/Factory::.ctor(PointOfSale.Domain.IDateTimeProvider)
DA:12,15
LF:4
LH:4
BRF:0
BRH:0
FNF:2
FNH:2
end_of_record
SF:d:\git\PillarTechnology\checkout-order-total-kata\Domain\models\product\specials\Special.cs
FN:10,System.DateTime PointOfSale.Domain.Special::get_EndTime()
FNDA:7,System.DateTime PointOfSale.Domain.Special::get_EndTime()
DA:11,7
FN:11,System.Boolean PointOfSale.Domain.Special::get_IsActive()
FNDA:27,System.Boolean PointOfSale.Domain.Special::get_IsActive()
DA:12,27
FN:12,System.Nullable`1<System.Int32> PointOfSale.Domain.Special::get_Limit()
FNDA:62,System.Nullable`1<System.Int32> PointOfSale.Domain.Special::get_Limit()
DA:13,62
FN:14,System.DateTime PointOfSale.Domain.Special::get_StartTime()
FNDA:7,System.DateTime PointOfSale.Domain.Special::get_StartTime()
DA:15,7
FN:25,PointOfSale.Domain.LineItem PointOfSale.Domain.Special::CreateLineItem(PointOfSale.Domain.Product,System.Collections.Generic.IEnumerable`1<PointOfSale.Domain.ScannedItem>,System.Int32)
FNDA:42,PointOfSale.Domain.LineItem PointOfSale.Domain.Special::CreateLineItem(PointOfSale.Domain.Product,System.Collections.Generic.IEnumerable`1<PointOfSale.Domain.ScannedItem>,System.Int32)
DA:26,42
DA:27,42
DA:28,42
FN:16,System.Void PointOfSale.Domain.Special::.ctor(PointOfSale.Domain.ITemporal,System.Nullable`1<System.Int32>)
FNDA:49,System.Void PointOfSale.Domain.Special::.ctor(PointOfSale.Domain.ITemporal,System.Nullable`1<System.Int32>)
DA:17,49
DA:18,49
DA:19,49
DA:20,49
DA:21,49
LF:12
LH:12
BRF:0
BRH:0
FNF:6
FNH:6
end_of_record
SF:d:\git\PillarTechnology\checkout-order-total-kata\Domain\models\product\specials\SpecialFactory.cs
FN:7,System.DateTime PointOfSale.Domain.SpecialFactory::get_EndTime()
FNDA:98,System.DateTime PointOfSale.Domain.SpecialFactory::get_EndTime()
DA:8,98
FN:8,System.Nullable`1<System.Int32> PointOfSale.Domain.SpecialFactory::get_Limit()
FNDA:98,System.Nullable`1<System.Int32> PointOfSale.Domain.SpecialFactory::get_Limit()
DA:9,98
FN:9,System.DateTime PointOfSale.Domain.SpecialFactory::get_StartTime()
FNDA:98,System.DateTime PointOfSale.Domain.SpecialFactory::get_StartTime()
DA:10,98
FN:17,System.Void PointOfSale.Domain.SpecialFactory::Configure(System.DateTime,System.DateTime,System.Nullable`1<System.Int32>)
FNDA:49,System.Void PointOfSale.Domain.SpecialFactory::Configure(System.DateTime,System.DateTime,System.Nullable`1<System.Int32>)
DA:18,49
DA:19,49
DA:20,49
DA:21,49
DA:22,49
FN:11,System.Void PointOfSale.Domain.SpecialFactory::.ctor(PointOfSale.Domain.IDateTimeProvider)
FNDA:49,System.Void PointOfSale.Domain.SpecialFactory::.ctor(PointOfSale.Domain.IDateTimeProvider)
DA:12,49
DA:13,49
DA:14,49
DA:15,49
LF:12
LH:12
BRF:0
BRH:0
FNF:5
FNH:5
end_of_record
SF:d:\git\PillarTechnology\checkout-order-total-kata\Domain\services\BasicDateTimeProvider.cs
FN:6,System.DateTime PointOfSale.Domain.BasicDateTimeProvider::get_Now()
FNDA:96,System.DateTime PointOfSale.Domain.BasicDateTimeProvider::get_Now()
DA:7,96
LF:1
LH:1
BRF:0
BRH:0
FNF:1
FNH:1
end_of_record
SF:d:\git\PillarTechnology\checkout-order-total-kata\Domain\services\BasicTemporal.cs
FN:6,System.DateTime PointOfSale.Domain.BasicTemporal::get_EndTime()
FNDA:61,System.DateTime PointOfSale.Domain.BasicTemporal::get_EndTime()
DA:7,61
FN:7,System.DateTime PointOfSale.Domain.BasicTemporal::get_StartTime()
FNDA:61,System.DateTime PointOfSale.Domain.BasicTemporal::get_StartTime()
DA:8,61
FN:12,System.Boolean PointOfSale.Domain.BasicTemporal::get_IsActive()
FNDA:54,System.Boolean PointOfSale.Domain.BasicTemporal::get_IsActive()
DA:13,54
DA:14,54
DA:15,54
DA:16,54
BRDA:15,19,0,54
BRDA:15,19,1,0
FN:18,System.Void PointOfSale.Domain.BasicTemporal::.ctor(System.DateTime,System.DateTime)
FNDA:96,System.Void PointOfSale.Domain.BasicTemporal::.ctor(System.DateTime,System.DateTime)
DA:19,96
DA:20,96
DA:21,96
DA:22,96
DA:23,96
LF:11
LH:11
BRF:2
BRH:1
FNF:4
FNH:4
end_of_record