SF:d:\git\PillarTechnology\checkout-order-total-kata\Domain\DateTimeExtensions.cs
FN:7,System.DateTime PointOfSale.Domain.DateTimeExtensions::StartOfWeek(System.DateTime)
FNDA:96,System.DateTime PointOfSale.Domain.DateTimeExtensions::StartOfWeek(System.DateTime)
DA:8,96
DA:9,96
DA:10,96
DA:11,96
FN:12,System.DateTime PointOfSale.Domain.DateTimeExtensions::StartOfLastWeek(System.DateTime)
FNDA:16,System.DateTime PointOfSale.Domain.DateTimeExtensions::StartOfLastWeek(System.DateTime)
DA:13,16
FN:13,System.DateTime PointOfSale.Domain.DateTimeExtensions::StartOfNextWeek(System.DateTime)
FNDA:16,System.DateTime PointOfSale.Domain.DateTimeExtensions::StartOfNextWeek(System.DateTime)
DA:14,16
FN:14,System.DateTime PointOfSale.Domain.DateTimeExtensions::EndOfWeek(System.DateTime)
FNDA:16,System.DateTime PointOfSale.Domain.DateTimeExtensions::EndOfWeek(System.DateTime)
DA:15,16
FN:15,System.DateTime PointOfSale.Domain.DateTimeExtensions::EndOfLastWeek(System.DateTime)
FNDA:16,System.DateTime PointOfSale.Domain.DateTimeExtensions::EndOfLastWeek(System.DateTime)
DA:16,16
FN:16,System.DateTime PointOfSale.Domain.DateTimeExtensions::EndOfNextWeek(System.DateTime)
FNDA:16,System.DateTime PointOfSale.Domain.DateTimeExtensions::EndOfNextWeek(System.DateTime)
DA:17,16
LF:9
LH:9
BRF:0
BRH:0
FNF:6
FNH:6
end_of_record
SF:d:\git\PillarTechnology\checkout-order-total-kata\Domain\models\invoice\Invoice.cs
FN:8,System.Int64 PointOfSale.Domain.Invoice::get_OrderId()
FNDA:0,System.Int64 PointOfSale.Domain.Invoice::get_OrderId()
DA:9,0
FN:9,System.Collections.Generic.IEnumerable`1<PointOfSale.Domain.LineItem> PointOfSale.Domain.Invoice::get_LineItems()
FNDA:0,System.Collections.Generic.IEnumerable`1<PointOfSale.Domain.LineItem> PointOfSale.Domain.Invoice::get_LineItems()
DA:10,0
FN:10,NodaMoney.Money PointOfSale.Domain.Invoice::get_PreTaxTotal()
FNDA:0,NodaMoney.Money PointOfSale.Domain.Invoice::get_PreTaxTotal()
DA:11,0
FN:20,NodaMoney.Money PointOfSale.Domain.Invoice::CalculatePreTaxTotal(System.Collections.Generic.IEnumerable`1<PointOfSale.Domain.LineItem>)
FNDA:0,NodaMoney.Money PointOfSale.Domain.Invoice::CalculatePreTaxTotal(System.Collections.Generic.IEnumerable`1<PointOfSale.Domain.LineItem>)
DA:21,0
DA:22,0
DA:23,0
BRDA:22,8,0,0
BRDA:22,8,1,0
FN:24,System.String PointOfSale.Domain.Invoice::ToString()
FNDA:0,System.String PointOfSale.Domain.Invoice::ToString()
DA:25,0
FN:12,System.Void PointOfSale.Domain.Invoice::.ctor(System.Int64,System.Collections.Generic.IEnumerable`1<PointOfSale.Domain.LineItem>)
FNDA:0,System.Void PointOfSale.Domain.Invoice::.ctor(System.Int64,System.Collections.Generic.IEnumerable`1<PointOfSale.Domain.LineItem>)
DA:13,0
DA:14,0
DA:15,0
DA:16,0
DA:17,0
DA:18,0
LF:13
LH:0
BRF:2
BRH:0
FNF:6
FNH:0
end_of_record
SF:d:\git\PillarTechnology\checkout-order-total-kata\Domain\models\invoice\InvoiceFactory.cs
FN:9,PointOfSale.Domain.Order PointOfSale.Domain.Invoice/Factory::get_Order()
FNDA:0,PointOfSale.Domain.Order PointOfSale.Domain.Invoice/Factory::get_Order()
DA:10,0
FN:17,PointOfSale.Domain.Invoice PointOfSale.Domain.Invoice/Factory::CreateInvoice()
FNDA:0,PointOfSale.Domain.Invoice PointOfSale.Domain.Invoice/Factory::CreateInvoice()
DA:18,0
DA:19,0
DA:20,0
DA:21,0
FN:23,System.Collections.Generic.ICollection`1<PointOfSale.Domain.LineItem> PointOfSale.Domain.Invoice/Factory::CreateLineItems(System.Collections.Generic.IEnumerable`1<PointOfSale.Domain.ScannedItem>)
FNDA:0,System.Collections.Generic.ICollection`1<PointOfSale.Domain.LineItem> PointOfSale.Domain.Invoice/Factory::CreateLineItems(System.Collections.Generic.IEnumerable`1<PointOfSale.Domain.ScannedItem>)
DA:24,0
DA:25,0
DA:27,0
DA:28,0
DA:30,0
DA:31,0
BRDA:27,21,0,0
BRDA:27,21,1,0
BRDA:27,124,1,0
BRDA:27,124,0,0
FN:33,System.Collections.Generic.ICollection`1<PointOfSale.Domain.LineItem> PointOfSale.Domain.Invoice/Factory::CreateProductDiscountLineItems(PointOfSale.Domain.Product,System.Collections.Generic.IEnumerable`1<PointOfSale.Domain.ScannedItem>)
FNDA:0,System.Collections.Generic.ICollection`1<PointOfSale.Domain.LineItem> PointOfSale.Domain.Invoice/Factory::CreateProductDiscountLineItems(PointOfSale.Domain.Product,System.Collections.Generic.IEnumerable`1<PointOfSale.Domain.ScannedItem>)
DA:34,0
DA:35,0
DA:37,0
DA:38,0
DA:40,0
DA:41,0
DA:43,0
DA:44,0
DA:45,0
DA:46,0
DA:47,0
DA:48,0
DA:50,0
DA:51,0
BRDA:37,13,0,0
BRDA:37,13,1,0
BRDA:37,29,0,0
BRDA:37,29,1,0
BRDA:40,46,0,0
BRDA:40,46,1,0
BRDA:43,72,0,0
BRDA:45,91,0,0
BRDA:45,91,1,0
BRDA:43,72,1,0
FN:53,System.Collections.Generic.IEnumerable`1<PointOfSale.Domain.LineItem> PointOfSale.Domain.Invoice/Factory::CreateProductMarkdownLineItems(System.Collections.Generic.IEnumerable`1<PointOfSale.Domain.ScannedItem>)
FNDA:0,System.Collections.Generic.IEnumerable`1<PointOfSale.Domain.LineItem> PointOfSale.Domain.Invoice/Factory::CreateProductMarkdownLineItems(System.Collections.Generic.IEnumerable`1<PointOfSale.Domain.ScannedItem>)
DA:54,0
DA:55,0
DA:56,0
BRDA:55,8,0,0
BRDA:55,8,1,0
FN:58,System.Collections.Generic.IEnumerable`1<PointOfSale.Domain.LineItem> PointOfSale.Domain.Invoice/Factory::CreateProductSpecialLineItems(PointOfSale.Domain.Product,System.Collections.Generic.IEnumerable`1<PointOfSale.Domain.ScannedItem>)
FNDA:0,System.Collections.Generic.IEnumerable`1<PointOfSale.Domain.LineItem> PointOfSale.Domain.Invoice/Factory::CreateProductSpecialLineItems(PointOfSale.Domain.Product,System.Collections.Generic.IEnumerable`1<PointOfSale.Domain.ScannedItem>)
DA:59,0
DA:60,0
DA:61,0
DA:62,0
FN:64,System.Collections.Generic.IEnumerable`1<PointOfSale.Domain.LineItem> PointOfSale.Domain.Invoice/Factory::CreateRetailLineItems(System.Collections.Generic.IEnumerable`1<PointOfSale.Domain.ScannedItem>)
FNDA:0,System.Collections.Generic.IEnumerable`1<PointOfSale.Domain.LineItem> PointOfSale.Domain.Invoice/Factory::CreateRetailLineItems(System.Collections.Generic.IEnumerable`1<PointOfSale.Domain.ScannedItem>)
DA:65,0
DA:66,0
DA:67,0
BRDA:66,8,0,0
BRDA:66,8,1,0
FN:11,System.Void PointOfSale.Domain.Invoice/Factory::.ctor(PointOfSale.Domain.Order)
FNDA:0,System.Void PointOfSale.Domain.Invoice/Factory::.ctor(PointOfSale.Domain.Order)
DA:12,0
DA:13,0
DA:14,0
DA:15,0
LF:39
LH:0
BRF:18
BRH:0
FNF:8
FNH:0
end_of_record
SF:d:\git\PillarTechnology\checkout-order-total-kata\Domain\models\invoice\line-items\LineItem.cs
FN:6,System.String PointOfSale.Domain.LineItem::get_Description()
FNDA:0,System.String PointOfSale.Domain.LineItem::get_Description()
DA:7,0
FN:7,System.String PointOfSale.Domain.LineItem::get_ProductName()
FNDA:0,System.String PointOfSale.Domain.LineItem::get_ProductName()
DA:8,0
FN:8,NodaMoney.Money PointOfSale.Domain.LineItem::get_SalePrice()
FNDA:0,NodaMoney.Money PointOfSale.Domain.LineItem::get_SalePrice()
DA:9,0
FN:16,System.String PointOfSale.Domain.LineItem::ToString()
FNDA:0,System.String PointOfSale.Domain.LineItem::ToString()
DA:17,0
FN:10,System.Void PointOfSale.Domain.LineItem::.ctor(System.String,NodaMoney.Money)
FNDA:0,System.Void PointOfSale.Domain.LineItem::.ctor(System.String,NodaMoney.Money)
DA:11,0
DA:12,0
DA:13,0
DA:14,0
DA:15,0
LF:9
LH:0
BRF:0
BRH:0
FNF:5
FNH:0
end_of_record
SF:d:\git\PillarTechnology\checkout-order-total-kata\Domain\models\invoice\line-items\MarkdownLineItem.cs
FN:6,System.String PointOfSale.Domain.MarkdownLineItem::get_Description()
FNDA:0,System.String PointOfSale.Domain.MarkdownLineItem::get_Description()
DA:7,0
FN:7,System.Int32 PointOfSale.Domain.MarkdownLineItem::get_ScannedItemId()
FNDA:0,System.Int32 PointOfSale.Domain.MarkdownLineItem::get_ScannedItemId()
DA:8,0
FN:9,System.Void PointOfSale.Domain.MarkdownLineItem::.ctor(System.String,NodaMoney.Money,System.Int32)
FNDA:0,System.Void PointOfSale.Domain.MarkdownLineItem::.ctor(System.String,NodaMoney.Money,System.Int32)
DA:10,0
DA:11,0
DA:12,0
DA:13,0
LF:6
LH:0
BRF:0
BRH:0
FNF:3
FNH:0
end_of_record
SF:d:\git\PillarTechnology\checkout-order-total-kata\Domain\models\invoice\line-items\RetailLineItem.cs
FN:6,System.Int32 PointOfSale.Domain.RetailLineItem::get_ScannedItemId()
FNDA:0,System.Int32 PointOfSale.Domain.RetailLineItem::get_ScannedItemId()
DA:7,0
FN:8,System.Void PointOfSale.Domain.RetailLineItem::.ctor(System.String,NodaMoney.Money,System.Int32)
FNDA:0,System.Void PointOfSale.Domain.RetailLineItem::.ctor(System.String,NodaMoney.Money,System.Int32)
DA:9,0
DA:10,0
DA:11,0
DA:12,0
LF:5
LH:0
BRF:0
BRH:0
FNF:2
FNH:0
end_of_record
SF:d:\git\PillarTechnology\checkout-order-total-kata\Domain\models\invoice\line-items\SpecialLineItem.cs
FN:7,System.String PointOfSale.Domain.SpecialLineItem::get_Description()
FNDA:0,System.String PointOfSale.Domain.SpecialLineItem::get_Description()
DA:8,0
FN:8,System.Collections.Generic.IEnumerable`1<System.Int32> PointOfSale.Domain.SpecialLineItem::get_LineItemIds()
FNDA:0,System.Collections.Generic.IEnumerable`1<System.Int32> PointOfSale.Domain.SpecialLineItem::get_LineItemIds()
DA:9,0
FN:9,System.String PointOfSale.Domain.SpecialLineItem::get_SpecialDescription()
FNDA:0,System.String PointOfSale.Domain.SpecialLineItem::get_SpecialDescription()
DA:10,0
FN:11,System.Void PointOfSale.Domain.SpecialLineItem::.ctor(System.String,NodaMoney.Money,System.Collections.Generic.IEnumerable`1<System.Int32>,System.String)
FNDA:0,System.Void PointOfSale.Domain.SpecialLineItem::.ctor(System.String,NodaMoney.Money,System.Collections.Generic.IEnumerable`1<System.Int32>,System.String)
DA:12,0
DA:13,0
DA:14,0
DA:15,0
DA:16,0
LF:8
LH:0
BRF:0
BRH:0
FNF:4
FNH:0
end_of_record
SF:d:\git\PillarTechnology\checkout-order-total-kata\Domain\models\order\Order.cs
FN:9,System.Int64 PointOfSale.Domain.Order::get_Id()
FNDA:0,System.Int64 PointOfSale.Domain.Order::get_Id()
DA:10,0
FN:10,System.Collections.Generic.IEnumerable`1<PointOfSale.Domain.ScannedItem> PointOfSale.Domain.Order::get_ScannedItems()
FNDA:0,System.Collections.Generic.IEnumerable`1<PointOfSale.Domain.ScannedItem> PointOfSale.Domain.Order::get_ScannedItems()
DA:11,0
FN:13,PointOfSale.Domain.Order PointOfSale.Domain.Order::AddScannedItem(PointOfSale.Domain.ScannedItem)
FNDA:0,PointOfSale.Domain.Order PointOfSale.Domain.Order::AddScannedItem(PointOfSale.Domain.ScannedItem)
DA:14,0
DA:15,0
DA:16,0
DA:17,0
DA:18,0
FN:20,PointOfSale.Domain.ScannedItem PointOfSale.Domain.Order::RemoveScannedItem(System.Int32)
FNDA:0,PointOfSale.Domain.ScannedItem PointOfSale.Domain.Order::RemoveScannedItem(System.Int32)
DA:21,0
DA:22,0
DA:23,0
DA:24,0
DA:25,0
FN:7,System.Void PointOfSale.Domain.Order::.ctor()
FNDA:0,System.Void PointOfSale.Domain.Order::.ctor()
DA:8,0
FN:29,System.Int32 PointOfSale.Domain.Order/ScannedItemIdGenerator::Next(System.Collections.Generic.IEnumerable`1<PointOfSale.Domain.ScannedItem>)
FNDA:0,System.Int32 PointOfSale.Domain.Order/ScannedItemIdGenerator::Next(System.Collections.Generic.IEnumerable`1<PointOfSale.Domain.ScannedItem>)
DA:30,0
DA:31,0
DA:32,0
BRDA:31,7,0,0
BRDA:31,16,0,0
BRDA:31,16,1,0
BRDA:31,7,1,0
LF:16
LH:0
BRF:4
BRH:0
FNF:6
FNH:0
end_of_record
SF:d:\git\PillarTechnology\checkout-order-total-kata\Domain\models\order\scanned-items\ScannedItem.cs
FN:6,System.Int32 PointOfSale.Domain.ScannedItem::get_Id()
FNDA:0,System.Int32 PointOfSale.Domain.ScannedItem::get_Id()
DA:7,0
FN:7,NodaMoney.Money PointOfSale.Domain.ScannedItem::get_MarkdownDiscount()
FNDA:0,NodaMoney.Money PointOfSale.Domain.ScannedItem::get_MarkdownDiscount()
DA:8,0
FN:8,PointOfSale.Domain.Product PointOfSale.Domain.ScannedItem::get_Product()
FNDA:0,PointOfSale.Domain.Product PointOfSale.Domain.ScannedItem::get_Product()
DA:9,0
FN:9,NodaMoney.Money PointOfSale.Domain.ScannedItem::get_RetailPrice()
FNDA:0,NodaMoney.Money PointOfSale.Domain.ScannedItem::get_RetailPrice()
DA:10,0
FN:17,PointOfSale.Domain.LineItem PointOfSale.Domain.ScannedItem::CreateMarkdownLineItem()
FNDA:0,PointOfSale.Domain.LineItem PointOfSale.Domain.ScannedItem::CreateMarkdownLineItem()
DA:18,0
DA:19,0
DA:20,0
FN:22,PointOfSale.Domain.LineItem PointOfSale.Domain.ScannedItem::CreateRetailLineItem()
FNDA:0,PointOfSale.Domain.LineItem PointOfSale.Domain.ScannedItem::CreateRetailLineItem()
DA:23,0
DA:24,0
DA:25,0
FN:26,System.String PointOfSale.Domain.ScannedItem::ToString()
FNDA:0,System.String PointOfSale.Domain.ScannedItem::ToString()
DA:27,0
FN:11,System.Void PointOfSale.Domain.ScannedItem::.ctor(PointOfSale.Domain.Product)
FNDA:0,System.Void PointOfSale.Domain.ScannedItem::.ctor(PointOfSale.Domain.Product)
DA:12,0
DA:13,0
DA:14,0
DA:15,0
LF:15
LH:0
BRF:0
BRH:0
FNF:8
FNH:0
end_of_record
SF:d:\git\PillarTechnology\checkout-order-total-kata\Domain\models\order\scanned-items\WeightedScannedItem.cs
FN:6,NodaMoney.Money PointOfSale.Domain.WeightedScannedItem::get_MarkdownDiscount()
FNDA:0,NodaMoney.Money PointOfSale.Domain.WeightedScannedItem::get_MarkdownDiscount()
DA:7,0
FN:7,System.Decimal PointOfSale.Domain.WeightedScannedItem::get_Weight()
FNDA:0,System.Decimal PointOfSale.Domain.WeightedScannedItem::get_Weight()
DA:8,0
FN:8,NodaMoney.Money PointOfSale.Domain.WeightedScannedItem::get_RetailPrice()
FNDA:0,NodaMoney.Money PointOfSale.Domain.WeightedScannedItem::get_RetailPrice()
DA:9,0
FN:10,System.Void PointOfSale.Domain.WeightedScannedItem::.ctor(PointOfSale.Domain.Product,System.Decimal)
FNDA:0,System.Void PointOfSale.Domain.WeightedScannedItem::.ctor(PointOfSale.Domain.Product,System.Decimal)
DA:11,0
DA:12,0
DA:13,0
DA:14,0
LF:7
LH:0
BRF:0
BRH:0
FNF:4
FNH:0
end_of_record
SF:d:\git\PillarTechnology\checkout-order-total-kata\Domain\models\product\EachesProduct.cs
FN:4,System.Void PointOfSale.Domain.EachesProduct::.ctor(System.String,System.Decimal)
FNDA:33,System.Void PointOfSale.Domain.EachesProduct::.ctor(System.String,System.Decimal)
DA:5,33
DA:6,33
DA:7,33
DA:8,33
DA:9,33
DA:10,33
DA:11,33
DA:12,33
LF:8
LH:8
BRF:0
BRH:0
FNF:1
FNH:1
end_of_record
SF:d:\git\PillarTechnology\checkout-order-total-kata\Domain\models\product\ISellableAsEaches.cs
FN:12,NodaMoney.Money PointOfSale.Domain.SellableAsEaches::get_RetailPrice()
FNDA:34,NodaMoney.Money PointOfSale.Domain.SellableAsEaches::get_RetailPrice()
DA:13,34
FN:19,NodaMoney.Money PointOfSale.Domain.NotSellableAsEaches::get_RetailPrice()
FNDA:0,NodaMoney.Money PointOfSale.Domain.NotSellableAsEaches::get_RetailPrice()
DA:20,0
FN:20,System.Void PointOfSale.Domain.NotSellableAsEaches::set_RetailPrice(NodaMoney.Money)
FNDA:0,System.Void PointOfSale.Domain.NotSellableAsEaches::set_RetailPrice(NodaMoney.Money)
DA:21,0
LF:3
LH:1
BRF:0
BRH:0
FNF:3
FNH:1
end_of_record
SF:d:\git\PillarTechnology\checkout-order-total-kata\Domain\models\product\ISellableByMass.cs
FN:14,UnitsNet.Mass PointOfSale.Domain.SellableByMass::get_Mass()
FNDA:32,UnitsNet.Mass PointOfSale.Domain.SellableByMass::get_Mass()
DA:15,32
FN:15,NodaMoney.Money PointOfSale.Domain.SellableByMass::get_RetailPricePerUnit()
FNDA:32,NodaMoney.Money PointOfSale.Domain.SellableByMass::get_RetailPricePerUnit()
DA:16,32
FN:22,UnitsNet.Mass PointOfSale.Domain.NotSellableByMass::get_Mass()
FNDA:0,UnitsNet.Mass PointOfSale.Domain.NotSellableByMass::get_Mass()
DA:23,0
FN:23,System.Void PointOfSale.Domain.NotSellableByMass::set_Mass(UnitsNet.Mass)
FNDA:0,System.Void PointOfSale.Domain.NotSellableByMass::set_Mass(UnitsNet.Mass)
DA:24,0
FN:28,NodaMoney.Money PointOfSale.Domain.NotSellableByMass::get_RetailPricePerUnit()
FNDA:0,NodaMoney.Money PointOfSale.Domain.NotSellableByMass::get_RetailPricePerUnit()
DA:29,0
FN:29,System.Void PointOfSale.Domain.NotSellableByMass::set_RetailPricePerUnit(NodaMoney.Money)
FNDA:0,System.Void PointOfSale.Domain.NotSellableByMass::set_RetailPricePerUnit(NodaMoney.Money)
DA:30,0
LF:6
LH:2
BRF:0
BRH:0
FNF:6
FNH:2
end_of_record
SF:d:\git\PillarTechnology\checkout-order-total-kata\Domain\models\product\markdown\Markdown.cs
FN:14,NodaMoney.Money PointOfSale.Domain.Markdown::get_AmountOffRetail()
FNDA:0,NodaMoney.Money PointOfSale.Domain.Markdown::get_AmountOffRetail()
DA:15,0
FN:15,System.DateTime PointOfSale.Domain.Markdown::get_EndTime()
FNDA:0,System.DateTime PointOfSale.Domain.Markdown::get_EndTime()
DA:16,0
FN:16,System.Boolean PointOfSale.Domain.Markdown::get_IsActive()
FNDA:0,System.Boolean PointOfSale.Domain.Markdown::get_IsActive()
DA:17,0
FN:17,System.DateTime PointOfSale.Domain.Markdown::get_StartTime()
FNDA:0,System.DateTime PointOfSale.Domain.Markdown::get_StartTime()
DA:18,0
FN:25,System.String PointOfSale.Domain.Markdown::ToString()
FNDA:0,System.String PointOfSale.Domain.Markdown::ToString()
DA:26,0
FN:19,System.Void PointOfSale.Domain.Markdown::.ctor(NodaMoney.Money,PointOfSale.Domain.ITemporal)
FNDA:48,System.Void PointOfSale.Domain.Markdown::.ctor(NodaMoney.Money,PointOfSale.Domain.ITemporal)
DA:20,48
DA:21,48
DA:22,48
DA:23,48
DA:24,48
LF:10
LH:5
BRF:0
BRH:0
FNF:6
FNH:1
end_of_record
SF:d:\git\PillarTechnology\checkout-order-total-kata\Domain\models\product\markdown\MarkdownFactory.cs
FN:10,NodaMoney.Money PointOfSale.Domain.Markdown/Factory::get_AmountOffRetail()
FNDA:96,NodaMoney.Money PointOfSale.Domain.Markdown/Factory::get_AmountOffRetail()
DA:11,96
FN:11,System.DateTime PointOfSale.Domain.Markdown/Factory::get_EndTime()
FNDA:96,System.DateTime PointOfSale.Domain.Markdown/Factory::get_EndTime()
DA:12,96
FN:12,System.DateTime PointOfSale.Domain.Markdown/Factory::get_StartTime()
FNDA:96,System.DateTime PointOfSale.Domain.Markdown/Factory::get_StartTime()
DA:13,96
FN:20,PointOfSale.Domain.IMarkdownFactory PointOfSale.Domain.Markdown/Factory::Configure(NodaMoney.Money,System.DateTime,System.DateTime)
FNDA:48,PointOfSale.Domain.IMarkdownFactory PointOfSale.Domain.Markdown/Factory::Configure(NodaMoney.Money,System.DateTime,System.DateTime)
DA:21,48
DA:22,48
DA:23,48
DA:24,48
DA:26,48
DA:27,48
FN:29,PointOfSale.Domain.Markdown PointOfSale.Domain.Markdown/Factory::CreateMarkdown()
FNDA:48,PointOfSale.Domain.Markdown PointOfSale.Domain.Markdown/Factory::CreateMarkdown()
DA:30,48
DA:31,48
DA:32,48
FN:14,System.Void PointOfSale.Domain.Markdown/Factory::.ctor(PointOfSale.Domain.IDateTimeProvider)
FNDA:49,System.Void PointOfSale.Domain.Markdown/Factory::.ctor(PointOfSale.Domain.IDateTimeProvider)
DA:15,49
DA:16,49
DA:17,49
DA:18,49
LF:16
LH:16
BRF:0
BRH:0
FNF:6
FNH:6
end_of_record
SF:d:\git\PillarTechnology\checkout-order-total-kata\Domain\models\product\MassProduct.cs
FN:8,System.Void PointOfSale.Domain.MassProduct::.ctor(System.String,System.Decimal)
FNDA:32,System.Void PointOfSale.Domain.MassProduct::.ctor(System.String,System.Decimal)
DA:9,32
DA:10,32
DA:11,32
DA:12,32
DA:13,32
DA:14,32
DA:15,32
DA:16,32
DA:17,32
FN:18,System.Void PointOfSale.Domain.MassProduct::.ctor(System.String,System.Decimal,System.Double,System.String)
FNDA:0,System.Void PointOfSale.Domain.MassProduct::.ctor(System.String,System.Decimal,System.Double,System.String)
DA:19,0
DA:20,0
DA:21,0
DA:22,0
DA:23,0
DA:24,0
DA:25,0
DA:26,0
DA:27,0
FN:30,System.Double PointOfSale.Domain.MassProduct/MassProductBuilder::get_MassAmount()
FNDA:0,System.Double PointOfSale.Domain.MassProduct/MassProductBuilder::get_MassAmount()
DA:31,0
FN:31,System.String PointOfSale.Domain.MassProduct/MassProductBuilder::get_MassUnit()
FNDA:0,System.String PointOfSale.Domain.MassProduct/MassProductBuilder::get_MassUnit()
DA:32,0
FN:32,System.String PointOfSale.Domain.MassProduct/MassProductBuilder::get_Name()
FNDA:0,System.String PointOfSale.Domain.MassProduct/MassProductBuilder::get_Name()
DA:33,0
FN:33,System.Decimal PointOfSale.Domain.MassProduct/MassProductBuilder::get_RetailPricePerUnit()
FNDA:0,System.Decimal PointOfSale.Domain.MassProduct/MassProductBuilder::get_RetailPricePerUnit()
DA:34,0
FN:42,PointOfSale.Domain.MassProduct/MassProductBuilder PointOfSale.Domain.MassProduct/MassProductBuilder::SetMass(System.Double,System.String)
FNDA:0,PointOfSale.Domain.MassProduct/MassProductBuilder PointOfSale.Domain.MassProduct/MassProductBuilder::SetMass(System.Double,System.String)
DA:43,0
DA:44,0
DA:45,0
DA:46,0
DA:47,0
FN:49,PointOfSale.Domain.MassProduct PointOfSale.Domain.MassProduct/MassProductBuilder::Build()
FNDA:0,PointOfSale.Domain.MassProduct PointOfSale.Domain.MassProduct/MassProductBuilder::Build()
DA:50,0
DA:51,0
DA:52,0
FN:35,System.Void PointOfSale.Domain.MassProduct/MassProductBuilder::.ctor(System.String,System.Decimal)
FNDA:0,System.Void PointOfSale.Domain.MassProduct/MassProductBuilder::.ctor(System.String,System.Decimal)
DA:36,0
DA:37,0
DA:38,0
DA:39,0
DA:40,0
LF:35
LH:9
BRF:0
BRH:0
FNF:9
FNH:1
end_of_record
SF:d:\git\PillarTechnology\checkout-order-total-kata\Domain\models\product\Product.cs
FN:13,System.Boolean PointOfSale.Domain.Product::get_HasActiveMarkdown()
FNDA:0,System.Boolean PointOfSale.Domain.Product::get_HasActiveMarkdown()
DA:14,0
BRDA:14,6,0,0
BRDA:14,6,1,0
FN:14,System.Boolean PointOfSale.Domain.Product::get_HasActiveSpecial()
FNDA:0,System.Boolean PointOfSale.Domain.Product::get_HasActiveSpecial()
DA:15,0
BRDA:15,6,0,0
BRDA:15,6,1,0
FN:15,PointOfSale.Domain.Markdown PointOfSale.Domain.Product::get_Markdown()
FNDA:49,PointOfSale.Domain.Markdown PointOfSale.Domain.Product::get_Markdown()
DA:16,49
FN:18,UnitsNet.Mass PointOfSale.Domain.Product::get_Mass()
FNDA:0,UnitsNet.Mass PointOfSale.Domain.Product::get_Mass()
DA:19,0
FN:19,System.Void PointOfSale.Domain.Product::set_Mass(UnitsNet.Mass)
FNDA:32,System.Void PointOfSale.Domain.Product::set_Mass(UnitsNet.Mass)
DA:20,32
FN:21,System.String PointOfSale.Domain.Product::get_Name()
FNDA:371,System.String PointOfSale.Domain.Product::get_Name()
DA:22,371
FN:24,NodaMoney.Money PointOfSale.Domain.Product::get_RetailPrice()
FNDA:1,NodaMoney.Money PointOfSale.Domain.Product::get_RetailPrice()
DA:25,1
FN:25,System.Void PointOfSale.Domain.Product::set_RetailPrice(NodaMoney.Money)
FNDA:33,System.Void PointOfSale.Domain.Product::set_RetailPrice(NodaMoney.Money)
DA:26,33
FN:29,NodaMoney.Money PointOfSale.Domain.Product::get_RetailPricePerUnit()
FNDA:0,NodaMoney.Money PointOfSale.Domain.Product::get_RetailPricePerUnit()
DA:30,0
FN:30,System.Void PointOfSale.Domain.Product::set_RetailPricePerUnit(NodaMoney.Money)
FNDA:32,System.Void PointOfSale.Domain.Product::set_RetailPricePerUnit(NodaMoney.Money)
DA:31,32
FN:32,PointOfSale.Domain.Special PointOfSale.Domain.Product::get_Special()
FNDA:1,PointOfSale.Domain.Special PointOfSale.Domain.Product::get_Special()
DA:33,1
FN:34,System.Void PointOfSale.Domain.Product::.ctor(System.String,PointOfSale.Domain.ISellableAsEaches,PointOfSale.Domain.ISellableByMass)
FNDA:65,System.Void PointOfSale.Domain.Product::.ctor(System.String,PointOfSale.Domain.ISellableAsEaches,PointOfSale.Domain.ISellableByMass)
DA:35,65
DA:36,65
DA:37,65
DA:38,65
DA:39,65
DA:40,65
LF:17
LH:13
BRF:4
BRH:0
FNF:12
FNH:8
end_of_record
SF:d:\git\PillarTechnology\checkout-order-total-kata\Domain\models\product\ProductSpecial.cs
FN:7,PointOfSale.Domain.Product PointOfSale.Domain.ProductSpecial::get_Product()
FNDA:0,PointOfSale.Domain.Product PointOfSale.Domain.ProductSpecial::get_Product()
DA:8,0
FN:8,PointOfSale.Domain.Special PointOfSale.Domain.ProductSpecial::get_Special()
FNDA:0,PointOfSale.Domain.Special PointOfSale.Domain.ProductSpecial::get_Special()
DA:9,0
FN:33,System.Boolean PointOfSale.Domain.ProductSpecial::GetIsBestDiscount()
FNDA:0,System.Boolean PointOfSale.Domain.ProductSpecial::GetIsBestDiscount()
DA:34,0
DA:35,0
DA:37,0
DA:38,0
DA:40,0
DA:41,0
DA:43,0
DA:45,0
DA:46,0
BRDA:37,33,0,0
BRDA:37,33,1,0
BRDA:40,57,0,0
BRDA:40,57,1,0
FN:10,System.Void PointOfSale.Domain.ProductSpecial::.ctor(PointOfSale.Domain.Product,PointOfSale.Domain.Special)
FNDA:0,System.Void PointOfSale.Domain.ProductSpecial::.ctor(PointOfSale.Domain.Product,PointOfSale.Domain.Special)
DA:11,0
DA:12,0
DA:13,0
DA:14,0
DA:15,0
FN:17,System.Boolean PointOfSale.Domain.ProductSpecial/<CreateLineItems>d__7::MoveNext()
FNDA:0,System.Boolean PointOfSale.Domain.ProductSpecial/<CreateLineItems>d__7::MoveNext()
DA:18,0
DA:19,0
DA:20,0
DA:22,0
DA:24,0
DA:25,0
DA:26,0
DA:27,0
DA:29,0
DA:30,0
DA:31,0
BRDA:18,14,0,0
BRDA:19,51,0,0
BRDA:19,51,1,0
BRDA:24,298,1,0
BRDA:26,126,0,0
BRDA:26,126,1,0
BRDA:26,196,0,0
BRDA:26,196,1,0
BRDA:18,14,1,0
BRDA:24,298,0,0
LF:27
LH:0
BRF:14
BRH:0
FNF:5
FNH:0
end_of_record
SF:d:\git\PillarTechnology\checkout-order-total-kata\Domain\models\product\specials\BuyNForXAmountSpecial.cs
FN:8,System.String PointOfSale.Domain.BuyNForXAmountSpecial::get_Description()
FNDA:0,System.String PointOfSale.Domain.BuyNForXAmountSpecial::get_Description()
DA:9,0
FN:9,System.Int32 PointOfSale.Domain.BuyNForXAmountSpecial::get_DiscountedItems()
FNDA:0,System.Int32 PointOfSale.Domain.BuyNForXAmountSpecial::get_DiscountedItems()
DA:10,0
FN:10,NodaMoney.Money PointOfSale.Domain.BuyNForXAmountSpecial::get_GroupSalePrice()
FNDA:0,NodaMoney.Money PointOfSale.Domain.BuyNForXAmountSpecial::get_GroupSalePrice()
DA:11,0
FN:11,System.Int32 PointOfSale.Domain.BuyNForXAmountSpecial::get_ScannedItemsRequired()
FNDA:0,System.Int32 PointOfSale.Domain.BuyNForXAmountSpecial::get_ScannedItemsRequired()
DA:12,0
FN:25,NodaMoney.Money PointOfSale.Domain.BuyNForXAmountSpecial::CalculateTotalDiscount(PointOfSale.Domain.Product)
FNDA:0,NodaMoney.Money PointOfSale.Domain.BuyNForXAmountSpecial::CalculateTotalDiscount(PointOfSale.Domain.Product)
DA:26,0
DA:27,0
DA:28,0
DA:29,0
FN:31,System.Collections.Generic.IEnumerable`1<System.Int32> PointOfSale.Domain.BuyNForXAmountSpecial::GetScannedItemIds(System.Collections.Generic.IEnumerable`1<PointOfSale.Domain.ScannedItem>,System.Int32)
FNDA:0,System.Collections.Generic.IEnumerable`1<System.Int32> PointOfSale.Domain.BuyNForXAmountSpecial::GetScannedItemIds(System.Collections.Generic.IEnumerable`1<PointOfSale.Domain.ScannedItem>,System.Int32)
DA:32,0
DA:33,0
DA:34,0
DA:35,0
DA:36,0
DA:37,0
BRDA:33,32,0,0
BRDA:33,32,1,0
FN:18,System.Void PointOfSale.Domain.BuyNForXAmountSpecial::.ctor(PointOfSale.Domain.ITemporal,System.Int32,NodaMoney.Money,System.Nullable`1<System.Int32>)
FNDA:0,System.Void PointOfSale.Domain.BuyNForXAmountSpecial::.ctor(PointOfSale.Domain.ITemporal,System.Int32,NodaMoney.Money,System.Nullable`1<System.Int32>)
DA:19,0
DA:20,0
DA:21,0
DA:22,0
DA:23,0
LF:19
LH:0
BRF:2
BRH:0
FNF:7
FNH:0
end_of_record
SF:d:\git\PillarTechnology\checkout-order-total-kata\Domain\models\product\specials\BuyNForXAmountSpecialFactory.cs
FN:9,System.Int32 PointOfSale.Domain.BuyNForXAmountSpecial/Factory::get_DiscountedItems()
FNDA:0,System.Int32 PointOfSale.Domain.BuyNForXAmountSpecial/Factory::get_DiscountedItems()
DA:10,0
FN:10,NodaMoney.Money PointOfSale.Domain.BuyNForXAmountSpecial/Factory::get_GroupSalePrice()
FNDA:0,NodaMoney.Money PointOfSale.Domain.BuyNForXAmountSpecial/Factory::get_GroupSalePrice()
DA:11,0
FN:15,PointOfSale.Domain.BuyNForXAmountSpecial/Factory PointOfSale.Domain.BuyNForXAmountSpecial/Factory::Configure(System.Int32,System.DateTime,NodaMoney.Money,System.DateTime,System.Nullable`1<System.Int32>)
FNDA:0,PointOfSale.Domain.BuyNForXAmountSpecial/Factory PointOfSale.Domain.BuyNForXAmountSpecial/Factory::Configure(System.Int32,System.DateTime,NodaMoney.Money,System.DateTime,System.Nullable`1<System.Int32>)
DA:16,0
DA:17,0
DA:18,0
DA:19,0
DA:21,0
DA:22,0
FN:24,PointOfSale.Domain.Special PointOfSale.Domain.BuyNForXAmountSpecial/Factory::CreateSpecial()
FNDA:0,PointOfSale.Domain.Special PointOfSale.Domain.BuyNForXAmountSpecial/Factory::CreateSpecial()
DA:25,0
DA:26,0
DA:27,0
FN:12,System.Void PointOfSale.Domain.BuyNForXAmountSpecial/Factory::.ctor(PointOfSale.Domain.IDateTimeProvider)
FNDA:0,System.Void PointOfSale.Domain.BuyNForXAmountSpecial/Factory::.ctor(PointOfSale.Domain.IDateTimeProvider)
DA:13,0
LF:12
LH:0
BRF:0
BRH:0
FNF:5
FNH:0
end_of_record
SF:d:\git\PillarTechnology\checkout-order-total-kata\Domain\models\product\specials\BuyNGetMAtXPercentOffSpecial.cs
FN:8,System.String PointOfSale.Domain.BuyNGetMAtXPercentOffSpecial::get_Description()
FNDA:0,System.String PointOfSale.Domain.BuyNGetMAtXPercentOffSpecial::get_Description()
DA:9,0
FN:9,System.Int32 PointOfSale.Domain.BuyNGetMAtXPercentOffSpecial::get_DiscountedItems()
FNDA:0,System.Int32 PointOfSale.Domain.BuyNGetMAtXPercentOffSpecial::get_DiscountedItems()
DA:10,0
FN:10,System.Decimal PointOfSale.Domain.BuyNGetMAtXPercentOffSpecial::get_PercentageOff()
FNDA:0,System.Decimal PointOfSale.Domain.BuyNGetMAtXPercentOffSpecial::get_PercentageOff()
DA:11,0
FN:11,System.Decimal PointOfSale.Domain.BuyNGetMAtXPercentOffSpecial::get_Multiplier()
FNDA:0,System.Decimal PointOfSale.Domain.BuyNGetMAtXPercentOffSpecial::get_Multiplier()
DA:12,0
FN:12,System.Int32 PointOfSale.Domain.BuyNGetMAtXPercentOffSpecial::get_PreDiscountItems()
FNDA:0,System.Int32 PointOfSale.Domain.BuyNGetMAtXPercentOffSpecial::get_PreDiscountItems()
DA:13,0
FN:13,System.Int32 PointOfSale.Domain.BuyNGetMAtXPercentOffSpecial::get_ScannedItemsRequired()
FNDA:0,System.Int32 PointOfSale.Domain.BuyNGetMAtXPercentOffSpecial::get_ScannedItemsRequired()
DA:14,0
FN:29,NodaMoney.Money PointOfSale.Domain.BuyNGetMAtXPercentOffSpecial::CalculateTotalDiscount(PointOfSale.Domain.Product)
FNDA:0,NodaMoney.Money PointOfSale.Domain.BuyNGetMAtXPercentOffSpecial::CalculateTotalDiscount(PointOfSale.Domain.Product)
DA:30,0
DA:31,0
DA:32,0
FN:34,System.Collections.Generic.IEnumerable`1<System.Int32> PointOfSale.Domain.BuyNGetMAtXPercentOffSpecial::GetScannedItemIds(System.Collections.Generic.IEnumerable`1<PointOfSale.Domain.ScannedItem>,System.Int32)
FNDA:0,System.Collections.Generic.IEnumerable`1<System.Int32> PointOfSale.Domain.BuyNGetMAtXPercentOffSpecial::GetScannedItemIds(System.Collections.Generic.IEnumerable`1<PointOfSale.Domain.ScannedItem>,System.Int32)
DA:35,0
DA:36,0
DA:37,0
DA:38,0
DA:39,0
DA:40,0
BRDA:36,32,0,0
BRDA:36,32,1,0
FN:21,System.Void PointOfSale.Domain.BuyNGetMAtXPercentOffSpecial::.ctor(PointOfSale.Domain.ITemporal,System.Int32,System.Int32,System.Decimal,System.Nullable`1<System.Int32>)
FNDA:0,System.Void PointOfSale.Domain.BuyNGetMAtXPercentOffSpecial::.ctor(PointOfSale.Domain.ITemporal,System.Int32,System.Int32,System.Decimal,System.Nullable`1<System.Int32>)
DA:22,0
DA:23,0
DA:24,0
DA:25,0
DA:26,0
DA:27,0
LF:21
LH:0
BRF:2
BRH:0
FNF:9
FNH:0
end_of_record
SF:d:\git\PillarTechnology\checkout-order-total-kata\Domain\models\product\specials\BuyNGetMAtXPercentOffSpecialFactory.cs
FN:8,System.Int32 PointOfSale.Domain.BuyNGetMAtXPercentOffSpecial/Factory::get_DiscountedItems()
FNDA:0,System.Int32 PointOfSale.Domain.BuyNGetMAtXPercentOffSpecial/Factory::get_DiscountedItems()
DA:9,0
FN:9,System.Decimal PointOfSale.Domain.BuyNGetMAtXPercentOffSpecial/Factory::get_PercentageOff()
FNDA:0,System.Decimal PointOfSale.Domain.BuyNGetMAtXPercentOffSpecial/Factory::get_PercentageOff()
DA:10,0
FN:10,System.Int32 PointOfSale.Domain.BuyNGetMAtXPercentOffSpecial/Factory::get_PreDiscountItems()
FNDA:0,System.Int32 PointOfSale.Domain.BuyNGetMAtXPercentOffSpecial/Factory::get_PreDiscountItems()
DA:11,0
FN:15,PointOfSale.Domain.BuyNGetMAtXPercentOffSpecial/Factory PointOfSale.Domain.BuyNGetMAtXPercentOffSpecial/Factory::Configure(System.Int32,System.DateTime,System.Decimal,System.Int32,System.DateTime,System.Nullable`1<System.Int32>)
FNDA:0,PointOfSale.Domain.BuyNGetMAtXPercentOffSpecial/Factory PointOfSale.Domain.BuyNGetMAtXPercentOffSpecial/Factory::Configure(System.Int32,System.DateTime,System.Decimal,System.Int32,System.DateTime,System.Nullable`1<System.Int32>)
DA:16,0
DA:17,0
DA:18,0
DA:19,0
DA:20,0
DA:22,0
DA:23,0
FN:25,PointOfSale.Domain.Special PointOfSale.Domain.BuyNGetMAtXPercentOffSpecial/Factory::CreateSpecial()
FNDA:0,PointOfSale.Domain.Special PointOfSale.Domain.BuyNGetMAtXPercentOffSpecial/Factory::CreateSpecial()
DA:26,0
DA:27,0
DA:28,0
FN:12,System.Void PointOfSale.Domain.BuyNGetMAtXPercentOffSpecial/Factory::.ctor(PointOfSale.Domain.IDateTimeProvider)
FNDA:0,System.Void PointOfSale.Domain.BuyNGetMAtXPercentOffSpecial/Factory::.ctor(PointOfSale.Domain.IDateTimeProvider)
DA:13,0
LF:14
LH:0
BRF:0
BRH:0
FNF:6
FNH:0
end_of_record
SF:d:\git\PillarTechnology\checkout-order-total-kata\Domain\models\product\specials\BuyNGetMOfEqualOrLesserValueAtXPercentOffSpecial.cs
FN:8,System.String PointOfSale.Domain.BuyNGetMOfEqualOrLesserValueAtXPercentOffSpecial::get_Description()
FNDA:0,System.String PointOfSale.Domain.BuyNGetMOfEqualOrLesserValueAtXPercentOffSpecial::get_Description()
DA:9,0
FN:19,NodaMoney.Money PointOfSale.Domain.BuyNGetMOfEqualOrLesserValueAtXPercentOffSpecial::CalculateTotalDiscount(PointOfSale.Domain.Product)
FNDA:0,NodaMoney.Money PointOfSale.Domain.BuyNGetMOfEqualOrLesserValueAtXPercentOffSpecial::CalculateTotalDiscount(PointOfSale.Domain.Product)
DA:20,0
DA:21,0
DA:22,0
FN:24,System.Collections.Generic.IEnumerable`1<System.Int32> PointOfSale.Domain.BuyNGetMOfEqualOrLesserValueAtXPercentOffSpecial::GetScannedItemIds(System.Collections.Generic.IEnumerable`1<PointOfSale.Domain.ScannedItem>,System.Int32)
FNDA:0,System.Collections.Generic.IEnumerable`1<System.Int32> PointOfSale.Domain.BuyNGetMOfEqualOrLesserValueAtXPercentOffSpecial::GetScannedItemIds(System.Collections.Generic.IEnumerable`1<PointOfSale.Domain.ScannedItem>,System.Int32)
DA:25,0
DA:26,0
DA:27,0
DA:28,0
DA:29,0
DA:30,0
BRDA:26,8,0,0
BRDA:26,8,1,0
BRDA:26,68,0,0
BRDA:26,68,1,0
FN:32,PointOfSale.Domain.LineItem PointOfSale.Domain.BuyNGetMOfEqualOrLesserValueAtXPercentOffSpecial::CreateLineItem(PointOfSale.Domain.Product,System.Collections.Generic.IEnumerable`1<PointOfSale.Domain.ScannedItem>,System.Int32)
FNDA:0,PointOfSale.Domain.LineItem PointOfSale.Domain.BuyNGetMOfEqualOrLesserValueAtXPercentOffSpecial::CreateLineItem(PointOfSale.Domain.Product,System.Collections.Generic.IEnumerable`1<PointOfSale.Domain.ScannedItem>,System.Int32)
DA:33,0
DA:34,0
DA:35,0
DA:36,0
DA:37,0
DA:38,0
DA:40,0
DA:41,0
DA:43,0
DA:44,0
BRDA:34,8,0,0
BRDA:34,8,1,0
BRDA:43,124,0,0
BRDA:43,124,1,0
FN:16,System.Void PointOfSale.Domain.BuyNGetMOfEqualOrLesserValueAtXPercentOffSpecial::.ctor(PointOfSale.Domain.ITemporal,System.Int32,System.Int32,System.Decimal,System.Nullable`1<System.Int32>)
FNDA:0,System.Void PointOfSale.Domain.BuyNGetMOfEqualOrLesserValueAtXPercentOffSpecial::.ctor(PointOfSale.Domain.ITemporal,System.Int32,System.Int32,System.Decimal,System.Nullable`1<System.Int32>)
DA:17,0
LF:21
LH:0
BRF:8
BRH:0
FNF:5
FNH:0
end_of_record
SF:d:\git\PillarTechnology\checkout-order-total-kata\Domain\models\product\specials\BuyNGetMOfEqualOrLesserValueAtXPercentOffSpecialFactory.cs
FN:9,PointOfSale.Domain.Special PointOfSale.Domain.BuyNGetMOfEqualOrLesserValueAtXPercentOffSpecial/Factory::CreateSpecial()
FNDA:0,PointOfSale.Domain.Special PointOfSale.Domain.BuyNGetMOfEqualOrLesserValueAtXPercentOffSpecial/Factory::CreateSpecial()
DA:10,0
DA:11,0
DA:12,0
FN:6,System.Void PointOfSale.Domain.BuyNGetMOfEqualOrLesserValueAtXPercentOffSpecial/Factory::.ctor(PointOfSale.Domain.IDateTimeProvider)
FNDA:0,System.Void PointOfSale.Domain.BuyNGetMOfEqualOrLesserValueAtXPercentOffSpecial/Factory::.ctor(PointOfSale.Domain.IDateTimeProvider)
DA:7,0
LF:4
LH:0
BRF:0
BRH:0
FNF:2
FNH:0
end_of_record
SF:d:\git\PillarTechnology\checkout-order-total-kata\Domain\models\product\specials\Special.cs
FN:10,System.DateTime PointOfSale.Domain.Special::get_EndTime()
FNDA:0,System.DateTime PointOfSale.Domain.Special::get_EndTime()
DA:11,0
FN:11,System.Boolean PointOfSale.Domain.Special::get_IsActive()
FNDA:0,System.Boolean PointOfSale.Domain.Special::get_IsActive()
DA:12,0
FN:12,System.Nullable`1<System.Int32> PointOfSale.Domain.Special::get_Limit()
FNDA:0,System.Nullable`1<System.Int32> PointOfSale.Domain.Special::get_Limit()
DA:13,0
FN:14,System.DateTime PointOfSale.Domain.Special::get_StartTime()
FNDA:0,System.DateTime PointOfSale.Domain.Special::get_StartTime()
DA:15,0
FN:25,PointOfSale.Domain.LineItem PointOfSale.Domain.Special::CreateLineItem(PointOfSale.Domain.Product,System.Collections.Generic.IEnumerable`1<PointOfSale.Domain.ScannedItem>,System.Int32)
FNDA:0,PointOfSale.Domain.LineItem PointOfSale.Domain.Special::CreateLineItem(PointOfSale.Domain.Product,System.Collections.Generic.IEnumerable`1<PointOfSale.Domain.ScannedItem>,System.Int32)
DA:26,0
DA:27,0
DA:28,0
FN:16,System.Void PointOfSale.Domain.Special::.ctor(PointOfSale.Domain.ITemporal,System.Nullable`1<System.Int32>)
FNDA:0,System.Void PointOfSale.Domain.Special::.ctor(PointOfSale.Domain.ITemporal,System.Nullable`1<System.Int32>)
DA:17,0
DA:18,0
DA:19,0
DA:20,0
DA:21,0
LF:12
LH:0
BRF:0
BRH:0
FNF:6
FNH:0
end_of_record
SF:d:\git\PillarTechnology\checkout-order-total-kata\Domain\models\product\specials\SpecialFactory.cs
FN:7,System.DateTime PointOfSale.Domain.SpecialFactory::get_EndTime()
FNDA:0,System.DateTime PointOfSale.Domain.SpecialFactory::get_EndTime()
DA:8,0
FN:8,System.Nullable`1<System.Int32> PointOfSale.Domain.SpecialFactory::get_Limit()
FNDA:0,System.Nullable`1<System.Int32> PointOfSale.Domain.SpecialFactory::get_Limit()
DA:9,0
FN:9,System.DateTime PointOfSale.Domain.SpecialFactory::get_StartTime()
FNDA:0,System.DateTime PointOfSale.Domain.SpecialFactory::get_StartTime()
DA:10,0
FN:17,System.Void PointOfSale.Domain.SpecialFactory::Configure(System.DateTime,System.DateTime,System.Nullable`1<System.Int32>)
FNDA:0,System.Void PointOfSale.Domain.SpecialFactory::Configure(System.DateTime,System.DateTime,System.Nullable`1<System.Int32>)
DA:18,0
DA:19,0
DA:20,0
DA:21,0
DA:22,0
FN:11,System.Void PointOfSale.Domain.SpecialFactory::.ctor(PointOfSale.Domain.IDateTimeProvider)
FNDA:0,System.Void PointOfSale.Domain.SpecialFactory::.ctor(PointOfSale.Domain.IDateTimeProvider)
DA:12,0
DA:13,0
DA:14,0
DA:15,0
LF:12
LH:0
BRF:0
BRH:0
FNF:5
FNH:0
end_of_record
SF:d:\git\PillarTechnology\checkout-order-total-kata\Domain\services\BasicDateTimeProvider.cs
FN:6,System.DateTime PointOfSale.Domain.BasicDateTimeProvider::get_Now()
FNDA:48,System.DateTime PointOfSale.Domain.BasicDateTimeProvider::get_Now()
DA:7,48
LF:1
LH:1
BRF:0
BRH:0
FNF:1
FNH:1
end_of_record
SF:d:\git\PillarTechnology\checkout-order-total-kata\Domain\services\BasicTemporal.cs
FN:6,System.DateTime PointOfSale.Domain.BasicTemporal::get_EndTime()
FNDA:0,System.DateTime PointOfSale.Domain.BasicTemporal::get_EndTime()
DA:7,0
FN:7,System.DateTime PointOfSale.Domain.BasicTemporal::get_StartTime()
FNDA:0,System.DateTime PointOfSale.Domain.BasicTemporal::get_StartTime()
DA:8,0
FN:12,System.Boolean PointOfSale.Domain.BasicTemporal::get_IsActive()
FNDA:0,System.Boolean PointOfSale.Domain.BasicTemporal::get_IsActive()
DA:13,0
DA:14,0
DA:15,0
DA:16,0
BRDA:15,19,0,0
BRDA:15,19,1,0
FN:18,System.Void PointOfSale.Domain.BasicTemporal::.ctor(System.DateTime,System.DateTime)
FNDA:48,System.Void PointOfSale.Domain.BasicTemporal::.ctor(System.DateTime,System.DateTime)
DA:19,48
DA:20,48
DA:21,48
DA:22,48
DA:23,48
LF:11
LH:5
BRF:2
BRH:0
FNF:4
FNH:1
end_of_record
SF:D:\git\PillarTechnology\checkout-order-total-kata\Implementations\Basic\validators\OrderMustExistValidator.cs
FN:7,System.Void PointOfSale.Domain.OrderMustExistValidator::.ctor(PointOfSale.Domain.IOrderRepository)
FNDA:0,System.Void PointOfSale.Domain.OrderMustExistValidator::.ctor(PointOfSale.Domain.IOrderRepository)
DA:8,0
DA:9,0
DA:10,0
DA:11,0
DA:12,0
DA:13,0
DA:14,0
DA:15,0
LF:8
LH:0
BRF:0
BRH:0
FNF:1
FNH:0
end_of_record
SF:D:\git\PillarTechnology\checkout-order-total-kata\Implementations\Basic\validators\ScannedMassValidator.cs
FN:10,System.Void PointOfSale.Domain.ScannedMassValidator::.ctor()
FNDA:0,System.Void PointOfSale.Domain.ScannedMassValidator::.ctor()
DA:11,0
DA:12,0
DA:13,0
DA:15,0
DA:17,0
DA:18,0
DA:19,0
DA:21,0
DA:22,0
DA:23,0
DA:24,0
DA:25,0
BRDA:21,216,0,0
BRDA:21,216,1,0
LF:12
LH:0
BRF:2
BRH:0
FNF:1
FNH:0
end_of_record
SF:D:\git\PillarTechnology\checkout-order-total-kata\Implementations\Basic\services\products\EachesProductService.cs
FN:11,PointOfSale.Domain.Product PointOfSale.Implementations.EachesProductService::Create()
FNDA:1,PointOfSale.Domain.Product PointOfSale.Implementations.EachesProductService::Create()
DA:12,1
DA:13,1
DA:15,1
DA:16,1
DA:17,1
DA:18,1
DA:19,1
FN:21,PointOfSale.Services.ProductDto PointOfSale.Implementations.EachesProductService::ToDto(PointOfSale.Domain.Product)
FNDA:1,PointOfSale.Services.ProductDto PointOfSale.Implementations.EachesProductService::ToDto(PointOfSale.Domain.Product)
DA:22,1
FN:24,PointOfSale.Domain.Product PointOfSale.Implementations.EachesProductService::Update(PointOfSale.Domain.Product)
FNDA:0,PointOfSale.Domain.Product PointOfSale.Implementations.EachesProductService::Update(PointOfSale.Domain.Product)
DA:25,0
DA:26,0
DA:27,0
DA:28,0
DA:29,0
DA:30,0
FN:8,System.Void PointOfSale.Implementations.EachesProductService::.ctor(PointOfSale.Services.UpsertProductArgs,AutoMapper.IMapper)
FNDA:3,System.Void PointOfSale.Implementations.EachesProductService::.ctor(PointOfSale.Services.UpsertProductArgs,AutoMapper.IMapper)
DA:9,3
LF:15
LH:9
BRF:0
BRH:0
FNF:4
FNH:3
end_of_record
SF:D:\git\PillarTechnology\checkout-order-total-kata\Implementations\Basic\services\products\MassProductService.cs
FN:13,PointOfSale.Domain.Product PointOfSale.Implementations.MassProductService::Create()
FNDA:0,PointOfSale.Domain.Product PointOfSale.Implementations.MassProductService::Create()
DA:14,0
DA:15,0
DA:16,0
DA:18,0
DA:19,0
DA:21,0
DA:22,0
BRDA:18,49,0,0
BRDA:18,89,0,0
BRDA:18,49,1,0
BRDA:18,89,1,0
BRDA:18,110,0,0
BRDA:18,110,1,0
FN:24,PointOfSale.Services.ProductDto PointOfSale.Implementations.MassProductService::ToDto(PointOfSale.Domain.Product)
FNDA:0,PointOfSale.Services.ProductDto PointOfSale.Implementations.MassProductService::ToDto(PointOfSale.Domain.Product)
DA:25,0
FN:27,PointOfSale.Domain.Product PointOfSale.Implementations.MassProductService::Update(PointOfSale.Domain.Product)
FNDA:0,PointOfSale.Domain.Product PointOfSale.Implementations.MassProductService::Update(PointOfSale.Domain.Product)
DA:28,0
DA:29,0
DA:30,0
DA:31,0
DA:32,0
DA:33,0
FN:10,System.Void PointOfSale.Implementations.MassProductService::.ctor(PointOfSale.Services.UpsertProductArgs,AutoMapper.IMapper)
FNDA:0,System.Void PointOfSale.Implementations.MassProductService::.ctor(PointOfSale.Services.UpsertProductArgs,AutoMapper.IMapper)
DA:11,0
LF:15
LH:0
BRF:6
BRH:0
FNF:4
FNH:0
end_of_record
SF:D:\git\PillarTechnology\checkout-order-total-kata\Implementations\Basic\services\products\ProductService.cs
FN:11,System.Void PointOfSale.Implementations.ProductService::.ctor(PointOfSale.Services.UpsertProductArgs,AutoMapper.IMapper)
FNDA:1,System.Void PointOfSale.Implementations.ProductService::.ctor(PointOfSale.Services.UpsertProductArgs,AutoMapper.IMapper)
DA:12,1
DA:13,1
DA:14,1
DA:15,1
DA:16,1
LF:5
LH:5
BRF:0
BRH:0
FNF:1
FNH:1
end_of_record
SF:D:\git\PillarTechnology\checkout-order-total-kata\Implementations\Basic\services\products\ProductServiceProvider.cs
FN:12,System.Collections.Generic.IEnumerable`1<System.String> PointOfSale.Implementations.ProductServiceProvider::get_SellByTypes()
FNDA:3,System.Collections.Generic.IEnumerable`1<System.String> PointOfSale.Implementations.ProductServiceProvider::get_SellByTypes()
DA:13,3
FN:24,PointOfSale.Implementations.ProductService PointOfSale.Implementations.ProductServiceProvider::GetService(PointOfSale.Services.UpsertProductArgs)
FNDA:1,PointOfSale.Implementations.ProductService PointOfSale.Implementations.ProductServiceProvider::GetService(PointOfSale.Services.UpsertProductArgs)
DA:25,1
FN:14,System.Void PointOfSale.Implementations.ProductServiceProvider::.ctor(AutoMapper.IMapper)
FNDA:5,System.Void PointOfSale.Implementations.ProductServiceProvider::.ctor(AutoMapper.IMapper)
DA:15,5
DA:16,5
DA:17,5
DA:18,5
DA:19,6
DA:20,5
DA:21,5
DA:22,5
LF:10
LH:10
BRF:0
BRH:0
FNF:3
FNH:3
end_of_record
SF:D:\git\PillarTechnology\checkout-order-total-kata\Implementations\Basic\services\specials\BuyNAtXAmountSpecialService.cs
FN:19,PointOfSale.Domain.Special PointOfSale.Implementations.BuyNAtXAmountSpecialService::Create()
FNDA:0,PointOfSale.Domain.Special PointOfSale.Implementations.BuyNAtXAmountSpecialService::Create()
DA:20,0
DA:21,0
DA:22,0
DA:23,0
DA:24,0
DA:25,0
DA:26,0
DA:27,0
DA:28,0
DA:29,0
DA:30,0
DA:31,0
FN:33,PointOfSale.Services.ISpecialDto PointOfSale.Implementations.BuyNAtXAmountSpecialService::ToDto(PointOfSale.Domain.Special)
FNDA:0,PointOfSale.Services.ISpecialDto PointOfSale.Implementations.BuyNAtXAmountSpecialService::ToDto(PointOfSale.Domain.Special)
DA:34,0
FN:12,System.Void PointOfSale.Implementations.BuyNAtXAmountSpecialService::.ctor(PointOfSale.Services.CreateSpecialArgs,PointOfSale.Domain.IDateTimeProvider,AutoMapper.IMapper)
FNDA:0,System.Void PointOfSale.Implementations.BuyNAtXAmountSpecialService::.ctor(PointOfSale.Services.CreateSpecialArgs,PointOfSale.Domain.IDateTimeProvider,AutoMapper.IMapper)
DA:13,0
DA:14,0
DA:15,0
DA:16,0
DA:17,0
LF:18
LH:0
BRF:0
BRH:0
FNF:3
FNH:0
end_of_record
SF:D:\git\PillarTechnology\checkout-order-total-kata\Implementations\Basic\services\specials\BuyNGetMAtXPercentOffSpecialService.cs
FN:19,PointOfSale.Domain.Special PointOfSale.Implementations.BuyNGetMAtXPercentOffSpecialService::Create()
FNDA:0,PointOfSale.Domain.Special PointOfSale.Implementations.BuyNGetMAtXPercentOffSpecialService::Create()
DA:20,0
DA:21,0
DA:22,0
DA:23,0
DA:24,0
DA:25,0
DA:26,0
DA:27,0
DA:28,0
DA:29,0
DA:30,0
DA:31,0
DA:32,0
FN:34,PointOfSale.Services.ISpecialDto PointOfSale.Implementations.BuyNGetMAtXPercentOffSpecialService::ToDto(PointOfSale.Domain.Special)
FNDA:0,PointOfSale.Services.ISpecialDto PointOfSale.Implementations.BuyNGetMAtXPercentOffSpecialService::ToDto(PointOfSale.Domain.Special)
DA:35,0
FN:12,System.Void PointOfSale.Implementations.BuyNGetMAtXPercentOffSpecialService::.ctor(PointOfSale.Services.CreateSpecialArgs,PointOfSale.Domain.IDateTimeProvider,AutoMapper.IMapper)
FNDA:0,System.Void PointOfSale.Implementations.BuyNGetMAtXPercentOffSpecialService::.ctor(PointOfSale.Services.CreateSpecialArgs,PointOfSale.Domain.IDateTimeProvider,AutoMapper.IMapper)
DA:13,0
DA:14,0
DA:15,0
DA:16,0
DA:17,0
LF:19
LH:0
BRF:0
BRH:0
FNF:3
FNH:0
end_of_record
SF:D:\git\PillarTechnology\checkout-order-total-kata\Implementations\Basic\services\specials\BuyNGetMOfEqualOrLesserValueAtXPercentOffSpecialService.cs
FN:19,PointOfSale.Domain.Special PointOfSale.Implementations.BuyNGetMOfEqualOrLesserValueAtXPercentOffSpecialService::Create()
FNDA:0,PointOfSale.Domain.Special PointOfSale.Implementations.BuyNGetMOfEqualOrLesserValueAtXPercentOffSpecialService::Create()
DA:20,0
DA:21,0
DA:22,0
DA:23,0
DA:24,0
DA:25,0
DA:26,0
DA:27,0
DA:28,0
DA:29,0
DA:30,0
DA:31,0
DA:32,0
FN:34,PointOfSale.Services.ISpecialDto PointOfSale.Implementations.BuyNGetMOfEqualOrLesserValueAtXPercentOffSpecialService::ToDto(PointOfSale.Domain.Special)
FNDA:0,PointOfSale.Services.ISpecialDto PointOfSale.Implementations.BuyNGetMOfEqualOrLesserValueAtXPercentOffSpecialService::ToDto(PointOfSale.Domain.Special)
DA:35,0
FN:12,System.Void PointOfSale.Implementations.BuyNGetMOfEqualOrLesserValueAtXPercentOffSpecialService::.ctor(PointOfSale.Services.CreateSpecialArgs,PointOfSale.Domain.IDateTimeProvider,AutoMapper.IMapper)
FNDA:0,System.Void PointOfSale.Implementations.BuyNGetMOfEqualOrLesserValueAtXPercentOffSpecialService::.ctor(PointOfSale.Services.CreateSpecialArgs,PointOfSale.Domain.IDateTimeProvider,AutoMapper.IMapper)
DA:13,0
DA:14,0
DA:15,0
DA:16,0
DA:17,0
LF:19
LH:0
BRF:0
BRH:0
FNF:3
FNH:0
end_of_record
SF:D:\git\PillarTechnology\checkout-order-total-kata\Implementations\Basic\services\specials\SpecialService.cs
FN:12,System.Void PointOfSale.Implementations.SpecialService::.ctor(PointOfSale.Services.CreateSpecialArgs,PointOfSale.Domain.IDateTimeProvider,AutoMapper.IMapper)
FNDA:0,System.Void PointOfSale.Implementations.SpecialService::.ctor(PointOfSale.Services.CreateSpecialArgs,PointOfSale.Domain.IDateTimeProvider,AutoMapper.IMapper)
DA:13,0
DA:14,0
DA:15,0
DA:16,0
DA:17,0
DA:18,0
DA:19,0
DA:20,0
DA:21,0
DA:22,0
LF:10
LH:0
BRF:0
BRH:0
FNF:1
FNH:0
end_of_record
SF:D:\git\PillarTechnology\checkout-order-total-kata\Implementations\Basic\services\specials\SpecialServiceProvider.cs
FN:13,System.Collections.Generic.IEnumerable`1<System.String> PointOfSale.Implementations.SpecialServiceProvider::get_SpecialTypes()
FNDA:0,System.Collections.Generic.IEnumerable`1<System.String> PointOfSale.Implementations.SpecialServiceProvider::get_SpecialTypes()
DA:14,0
FN:26,PointOfSale.Implementations.SpecialService PointOfSale.Implementations.SpecialServiceProvider::GetService(PointOfSale.Services.CreateSpecialArgs)
FNDA:0,PointOfSale.Implementations.SpecialService PointOfSale.Implementations.SpecialServiceProvider::GetService(PointOfSale.Services.CreateSpecialArgs)
DA:27,0
FN:15,System.Void PointOfSale.Implementations.SpecialServiceProvider::.ctor(PointOfSale.Domain.IDateTimeProvider,AutoMapper.IMapper)
FNDA:1,System.Void PointOfSale.Implementations.SpecialServiceProvider::.ctor(PointOfSale.Domain.IDateTimeProvider,AutoMapper.IMapper)
DA:16,1
DA:17,1
DA:18,1
DA:19,1
DA:20,1
DA:21,1
DA:22,1
DA:23,1
DA:24,1
LF:11
LH:9
BRF:0
BRH:0
FNF:3
FNH:1
end_of_record
SF:D:\git\PillarTechnology\checkout-order-total-kata\Implementations\Basic\automapper\AutoMapperConfiguration.cs
FN:22,AutoMapper.IMapper PointOfSale.Implementations.Basic.Mapping::get_Mapper()
FNDA:0,AutoMapper.IMapper PointOfSale.Implementations.Basic.Mapping::get_Mapper()
DA:23,0
FN:10,System.Void PointOfSale.Implementations.Basic.Mapping::.cctor()
FNDA:0,System.Void PointOfSale.Implementations.Basic.Mapping::.cctor()
DA:11,0
DA:12,0
DA:13,0
DA:14,0
DA:15,0
DA:16,0
DA:17,0
DA:18,0
DA:19,0
DA:20,0
DA:21,0
LF:12
LH:0
BRF:4
BRH:0
FNF:2
FNH:0
end_of_record
SF:D:\git\PillarTechnology\checkout-order-total-kata\Implementations\Basic\automapper\MappingProfile.cs
FN:8,System.Void PointOfSale.Implementations.Basic.MappingProfile::.ctor()
FNDA:9,System.Void PointOfSale.Implementations.Basic.MappingProfile::.ctor()
DA:9,9
DA:10,9
DA:11,9
DA:12,9
DA:13,9
DA:14,9
DA:15,9
DA:16,9
DA:17,18
DA:18,9
DA:19,18
DA:20,9
DA:21,18
DA:22,9
DA:23,18
DA:24,9
BRDA:16,112,0,1
BRDA:16,112,1,9
BRDA:18,212,0,1
BRDA:18,212,1,9
BRDA:20,312,0,1
BRDA:20,312,1,9
BRDA:22,412,0,1
BRDA:22,412,1,9
LF:16
LH:16
BRF:8
BRH:8
FNF:1
FNH:1
end_of_record
SF:D:\git\PillarTechnology\checkout-order-total-kata\Implementations\Basic\checkout\CheckoutService.cs
FN:39,PointOfSale.Services.ScannedItemDto PointOfSale.Implementations.Basic.CheckoutService::RemoveScannedItem(PointOfSale.Services.RemoveScannedItemArgs)
FNDA:0,PointOfSale.Services.ScannedItemDto PointOfSale.Implementations.Basic.CheckoutService::RemoveScannedItem(PointOfSale.Services.RemoveScannedItemArgs)
DA:40,0
DA:41,0
DA:43,0
DA:45,0
DA:46,0
DA:48,0
DA:49,0
FN:51,PointOfSale.Services.ScannedItemDto PointOfSale.Implementations.Basic.CheckoutService::ScanItem(PointOfSale.Services.ScanItemArgs)
FNDA:0,PointOfSale.Services.ScannedItemDto PointOfSale.Implementations.Basic.CheckoutService::ScanItem(PointOfSale.Services.ScanItemArgs)
DA:52,0
DA:53,0
DA:55,0
DA:56,0
BRDA:55,48,0,0
BRDA:55,48,1,0
FN:58,PointOfSale.Services.ScannedItemDto PointOfSale.Implementations.Basic.CheckoutService::ScanWeightedItem(PointOfSale.Services.ScanWeightedItemArgs)
FNDA:0,PointOfSale.Services.ScannedItemDto PointOfSale.Implementations.Basic.CheckoutService::ScanWeightedItem(PointOfSale.Services.ScanWeightedItemArgs)
DA:59,0
DA:60,0
DA:62,0
DA:63,0
FN:65,PointOfSale.Domain.ScannedItem PointOfSale.Implementations.Basic.CheckoutService::ScanItem(System.Int64,System.String,System.Func`2<PointOfSale.Domain.Product,PointOfSale.Domain.ScannedItem>)
FNDA:0,PointOfSale.Domain.ScannedItem PointOfSale.Implementations.Basic.CheckoutService::ScanItem(System.Int64,System.String,System.Func`2<PointOfSale.Domain.Product,PointOfSale.Domain.ScannedItem>)
DA:66,0
DA:67,0
DA:68,0
DA:69,0
DA:71,0
DA:72,0
DA:74,0
DA:75,0
FN:19,System.Void PointOfSale.Implementations.Basic.CheckoutService::.ctor(AutoMapper.IMapper,PointOfSale.Domain.IOrderRepository,PointOfSale.Domain.IProductRepository,PointOfSale.Implementations.Basic.RemoveScannedItemArgsValidator,PointOfSale.Implementations.Basic.ScanItemArgsValidator,PointOfSale.Implementations.Basic.ScanWeightedItemArgsValidator)
FNDA:0,System.Void PointOfSale.Implementations.Basic.CheckoutService::.ctor(AutoMapper.IMapper,PointOfSale.Domain.IOrderRepository,PointOfSale.Domain.IProductRepository,PointOfSale.Implementations.Basic.RemoveScannedItemArgsValidator,PointOfSale.Implementations.Basic.ScanItemArgsValidator,PointOfSale.Implementations.Basic.ScanWeightedItemArgsValidator)
DA:20,0
DA:21,0
DA:22,0
DA:23,0
DA:24,0
DA:25,0
DA:26,0
DA:27,0
DA:28,0
DA:29,0
DA:30,0
DA:31,0
DA:32,0
DA:33,0
DA:34,0
DA:35,0
LF:39
LH:0
BRF:2
BRH:0
FNF:5
FNH:0
end_of_record
SF:D:\git\PillarTechnology\checkout-order-total-kata\Implementations\Basic\checkout\validators\RemoveScannedItemArgsValidator.cs
FN:18,System.Void PointOfSale.Implementations.Basic.RemoveScannedItemArgsValidator::CreateRules()
FNDA:0,System.Void PointOfSale.Implementations.Basic.RemoveScannedItemArgsValidator::CreateRules()
DA:19,0
DA:20,0
DA:21,0
DA:22,0
DA:23,0
DA:24,0
FN:11,System.Void PointOfSale.Implementations.Basic.RemoveScannedItemArgsValidator::.ctor(PointOfSale.Domain.IOrderRepository)
FNDA:0,System.Void PointOfSale.Implementations.Basic.RemoveScannedItemArgsValidator::.ctor(PointOfSale.Domain.IOrderRepository)
DA:12,0
DA:13,0
DA:14,0
DA:15,0
DA:16,0
LF:11
LH:0
BRF:2
BRH:0
FNF:2
FNH:0
end_of_record
SF:D:\git\PillarTechnology\checkout-order-total-kata\Implementations\Basic\checkout\validators\ScanItemArgsValidator.cs
FN:8,System.Void PointOfSale.Implementations.Basic.ScanItemArgsValidator::.ctor(PointOfSale.Implementations.Basic.IsEachesProductValidator,PointOfSale.Domain.OrderMustExistValidator,PointOfSale.Implementations.Basic.ProductMustExistValidator)
FNDA:0,System.Void PointOfSale.Implementations.Basic.ScanItemArgsValidator::.ctor(PointOfSale.Implementations.Basic.IsEachesProductValidator,PointOfSale.Domain.OrderMustExistValidator,PointOfSale.Implementations.Basic.ProductMustExistValidator)
DA:9,0
DA:10,0
DA:11,0
DA:12,0
DA:13,0
DA:14,0
DA:15,0
DA:16,0
DA:17,0
DA:18,0
LF:10
LH:0
BRF:0
BRH:0
FNF:1
FNH:0
end_of_record
SF:D:\git\PillarTechnology\checkout-order-total-kata\Implementations\Basic\checkout\validators\ScanWeightedItemArgsValidator.cs
FN:8,System.Void PointOfSale.Implementations.Basic.ScanWeightedItemArgsValidator::.ctor(PointOfSale.Implementations.Basic.IsMassProductValidator,PointOfSale.Domain.OrderMustExistValidator,PointOfSale.Implementations.Basic.ProductMustExistValidator,PointOfSale.Domain.ScannedMassValidator)
FNDA:0,System.Void PointOfSale.Implementations.Basic.ScanWeightedItemArgsValidator::.ctor(PointOfSale.Implementations.Basic.IsMassProductValidator,PointOfSale.Domain.OrderMustExistValidator,PointOfSale.Implementations.Basic.ProductMustExistValidator,PointOfSale.Domain.ScannedMassValidator)
DA:9,0
DA:10,0
DA:11,0
DA:12,0
DA:13,0
DA:14,0
DA:15,0
DA:16,0
DA:17,0
DA:18,0
DA:19,0
DA:20,0
LF:12
LH:0
BRF:0
BRH:0
FNF:1
FNH:0
end_of_record
SF:D:\git\PillarTechnology\checkout-order-total-kata\Implementations\Basic\data-access\OrderService.cs
FN:18,PointOfSale.Services.OrderDto PointOfSale.Implementations.Basic.OrderService::FindOrder(System.Int64)
FNDA:0,PointOfSale.Services.OrderDto PointOfSale.Implementations.Basic.OrderService::FindOrder(System.Int64)
DA:19,0
DA:20,0
DA:21,0
DA:22,0
FN:24,PointOfSale.Services.InvoiceDto PointOfSale.Implementations.Basic.OrderService::GetInvoice(System.Int64)
FNDA:0,PointOfSale.Services.InvoiceDto PointOfSale.Implementations.Basic.OrderService::GetInvoice(System.Int64)
DA:25,0
DA:26,0
DA:27,0
DA:28,0
DA:29,0
FN:11,System.Void PointOfSale.Implementations.Basic.OrderService::.ctor(AutoMapper.IMapper,PointOfSale.Domain.IOrderRepository)
FNDA:0,System.Void PointOfSale.Implementations.Basic.OrderService::.ctor(AutoMapper.IMapper,PointOfSale.Domain.IOrderRepository)
DA:12,0
DA:13,0
DA:14,0
DA:15,0
DA:16,0
LF:14
LH:0
BRF:0
BRH:0
FNF:3
FNH:0
end_of_record
SF:D:\git\PillarTechnology\checkout-order-total-kata\Implementations\Basic\data-access\ProductService.cs
FN:18,PointOfSale.Services.ProductDto PointOfSale.Implementations.Basic.ProductService::FindProduct(System.String)
FNDA:0,PointOfSale.Services.ProductDto PointOfSale.Implementations.Basic.ProductService::FindProduct(System.String)
DA:19,0
DA:20,0
DA:21,0
DA:22,0
FN:11,System.Void PointOfSale.Implementations.Basic.ProductService::.ctor(AutoMapper.IMapper,PointOfSale.Domain.IProductRepository)
FNDA:1,System.Void PointOfSale.Implementations.Basic.ProductService::.ctor(AutoMapper.IMapper,PointOfSale.Domain.IProductRepository)
DA:12,1
DA:13,1
DA:14,1
DA:15,1
DA:16,1
LF:9
LH:5
BRF:0
BRH:0
FNF:2
FNH:1
end_of_record
SF:D:\git\PillarTechnology\checkout-order-total-kata\Implementations\Basic\product-configuration\ProductConfigurationService.cs
FN:31,PointOfSale.Services.ProductDto PointOfSale.Implementations.Basic.ProductConfigurationService::CreateProduct(PointOfSale.Services.UpsertProductArgs)
FNDA:1,PointOfSale.Services.ProductDto PointOfSale.Implementations.Basic.ProductConfigurationService::CreateProduct(PointOfSale.Services.UpsertProductArgs)
DA:32,1
DA:33,1
DA:35,1
DA:36,1
DA:37,1
DA:38,1
DA:39,1
FN:41,PointOfSale.Services.ProductDto PointOfSale.Implementations.Basic.ProductConfigurationService::UpdateProduct(PointOfSale.Services.UpsertProductArgs)
FNDA:0,PointOfSale.Services.ProductDto PointOfSale.Implementations.Basic.ProductConfigurationService::UpdateProduct(PointOfSale.Services.UpsertProductArgs)
DA:42,0
DA:43,0
DA:45,0
DA:46,0
DA:47,0
DA:48,0
DA:49,0
DA:50,0
FN:15,System.Void PointOfSale.Implementations.Basic.ProductConfigurationService::.ctor(PointOfSale.Domain.IProductRepository,PointOfSale.Implementations.IProductServiceProvider,PointOfSale.Implementations.Basic.CreateProductArgsValidator,PointOfSale.Implementations.Basic.UpdateProductArgsValidator)
FNDA:1,System.Void PointOfSale.Implementations.Basic.ProductConfigurationService::.ctor(PointOfSale.Domain.IProductRepository,PointOfSale.Implementations.IProductServiceProvider,PointOfSale.Implementations.Basic.CreateProductArgsValidator,PointOfSale.Implementations.Basic.UpdateProductArgsValidator)
DA:16,1
DA:17,1
DA:18,1
DA:19,1
DA:20,1
DA:21,1
DA:22,1
DA:23,1
DA:24,1
DA:25,1
DA:26,1
DA:27,1
LF:27
LH:19
BRF:0
BRH:0
FNF:3
FNH:2
end_of_record
SF:D:\git\PillarTechnology\checkout-order-total-kata\Implementations\Basic\product-configuration\validators\CreateProductArgsValidator.cs
FN:9,System.Void PointOfSale.Implementations.Basic.CreateProductArgsValidator::.ctor(PointOfSale.Implementations.Basic.ProductMustNotExistValidator,PointOfSale.Implementations.Basic.SellByTypeValidator,PointOfSale.Implementations.Basic.IUpsertEachesProductArgsValidator,PointOfSale.Implementations.Basic.IUpsertMassProductArgsValidator)
FNDA:1,System.Void PointOfSale.Implementations.Basic.CreateProductArgsValidator::.ctor(PointOfSale.Implementations.Basic.ProductMustNotExistValidator,PointOfSale.Implementations.Basic.SellByTypeValidator,PointOfSale.Implementations.Basic.IUpsertEachesProductArgsValidator,PointOfSale.Implementations.Basic.IUpsertMassProductArgsValidator)
DA:10,1
DA:11,1
DA:12,1
DA:13,1
DA:14,1
DA:15,1
DA:16,1
DA:17,1
LF:8
LH:8
BRF:0
BRH:0
FNF:1
FNH:1
end_of_record
SF:D:\git\PillarTechnology\checkout-order-total-kata\Implementations\Basic\product-configuration\validators\IUpsertEachesProductArgsValidator.cs
FN:7,System.Void PointOfSale.Implementations.Basic.IUpsertEachesProductArgsValidator::.ctor()
FNDA:2,System.Void PointOfSale.Implementations.Basic.IUpsertEachesProductArgsValidator::.ctor()
DA:8,2
DA:9,2
DA:10,2
DA:11,2
DA:12,2
DA:13,2
LF:6
LH:6
BRF:0
BRH:0
FNF:1
FNH:1
end_of_record
SF:D:\git\PillarTechnology\checkout-order-total-kata\Implementations\Basic\product-configuration\validators\IUpsertMassProductArgsValidator.cs
FN:7,System.Void PointOfSale.Implementations.Basic.IUpsertMassProductArgsValidator::.ctor()
FNDA:2,System.Void PointOfSale.Implementations.Basic.IUpsertMassProductArgsValidator::.ctor()
DA:8,2
DA:9,2
DA:10,2
DA:11,2
DA:12,2
DA:13,2
LF:6
LH:6
BRF:0
BRH:0
FNF:1
FNH:1
end_of_record
SF:D:\git\PillarTechnology\checkout-order-total-kata\Implementations\Basic\product-configuration\validators\UpdateProductArgsValidator.cs
FN:9,System.Void PointOfSale.Implementations.Basic.UpdateProductArgsValidator::.ctor(PointOfSale.Implementations.Basic.ProductMustExistValidator,PointOfSale.Implementations.Basic.SellByTypeValidator,PointOfSale.Implementations.Basic.IUpsertEachesProductArgsValidator,PointOfSale.Implementations.Basic.IUpsertMassProductArgsValidator)
FNDA:1,System.Void PointOfSale.Implementations.Basic.UpdateProductArgsValidator::.ctor(PointOfSale.Implementations.Basic.ProductMustExistValidator,PointOfSale.Implementations.Basic.SellByTypeValidator,PointOfSale.Implementations.Basic.IUpsertEachesProductArgsValidator,PointOfSale.Implementations.Basic.IUpsertMassProductArgsValidator)
DA:10,1
DA:11,1
DA:12,1
DA:13,1
DA:14,1
DA:15,1
DA:16,1
DA:17,1
LF:8
LH:8
BRF:0
BRH:0
FNF:1
FNH:1
end_of_record
SF:D:\git\PillarTechnology\checkout-order-total-kata\Implementations\Basic\product-configuration\validators\UpsertProductArgsValidator.cs
FN:7,System.Void PointOfSale.Implementations.Basic.UpsertProductArgsValidator::.ctor(PointOfSale.Implementations.Basic.SellByTypeValidator,PointOfSale.Implementations.Basic.IUpsertEachesProductArgsValidator,PointOfSale.Implementations.Basic.IUpsertMassProductArgsValidator)
FNDA:2,System.Void PointOfSale.Implementations.Basic.UpsertProductArgsValidator::.ctor(PointOfSale.Implementations.Basic.SellByTypeValidator,PointOfSale.Implementations.Basic.IUpsertEachesProductArgsValidator,PointOfSale.Implementations.Basic.IUpsertMassProductArgsValidator)
DA:8,2
DA:9,2
DA:10,2
DA:11,2
DA:12,2
DA:13,2
DA:14,2
DA:15,5
DA:16,5
DA:17,2
BRDA:15,50,0,1
BRDA:15,50,1,2
BRDA:16,100,0,1
BRDA:16,100,1,2
LF:10
LH:10
BRF:4
BRH:4
FNF:1
FNH:1
end_of_record
SF:D:\git\PillarTechnology\checkout-order-total-kata\Implementations\Basic\product-markdown-configuration\ProductMarkdownConfigurationService.cs
FN:28,PointOfSale.Services.ProductDto PointOfSale.Implementations.Basic.ProductMarkdownConfigurationService::UpsertProductMarkdown(PointOfSale.Services.UpsertProductMarkdownArgs)
FNDA:0,PointOfSale.Services.ProductDto PointOfSale.Implementations.Basic.ProductMarkdownConfigurationService::UpsertProductMarkdown(PointOfSale.Services.UpsertProductMarkdownArgs)
DA:29,0
DA:30,0
DA:32,0
DA:33,0
DA:34,0
DA:35,0
DA:36,0
DA:37,0
DA:38,0
DA:39,0
DA:41,0
DA:43,0
DA:44,0
FN:15,System.Void PointOfSale.Implementations.Basic.ProductMarkdownConfigurationService::.ctor(AutoMapper.IMapper,PointOfSale.Domain.IMarkdownFactory,PointOfSale.Domain.IProductRepository,PointOfSale.Implementations.Basic.UpsertProductMarkdownArgsValidator)
FNDA:1,System.Void PointOfSale.Implementations.Basic.ProductMarkdownConfigurationService::.ctor(AutoMapper.IMapper,PointOfSale.Domain.IMarkdownFactory,PointOfSale.Domain.IProductRepository,PointOfSale.Implementations.Basic.UpsertProductMarkdownArgsValidator)
DA:16,1
DA:17,1
DA:18,1
DA:19,1
DA:20,1
DA:21,1
DA:22,1
DA:23,1
DA:24,1
DA:25,1
DA:26,1
LF:24
LH:11
BRF:0
BRH:0
FNF:2
FNH:1
end_of_record
SF:D:\git\PillarTechnology\checkout-order-total-kata\Implementations\Basic\product-markdown-configuration\validators\UpsertProductMarkdownArgsValidator.cs
FN:8,System.Void PointOfSale.Implementations.Basic.UpsertProductMarkdownArgsValidator::.ctor(PointOfSale.Implementations.Basic.AmountOffRetailValidator,PointOfSale.Implementations.Basic.ProductMustExistValidator,PointOfSale.Domain.IProductRepository,PointOfSale.Implementations.Basic.SellByTypeValidator,PointOfSale.Implementations.Basic.TemporalValidator)
FNDA:1,System.Void PointOfSale.Implementations.Basic.UpsertProductMarkdownArgsValidator::.ctor(PointOfSale.Implementations.Basic.AmountOffRetailValidator,PointOfSale.Implementations.Basic.ProductMustExistValidator,PointOfSale.Domain.IProductRepository,PointOfSale.Implementations.Basic.SellByTypeValidator,PointOfSale.Implementations.Basic.TemporalValidator)
DA:9,1
DA:10,1
DA:11,1
DA:12,1
DA:13,1
DA:14,1
DA:15,1
DA:16,1
DA:17,1
DA:18,1
DA:19,1
DA:20,1
DA:22,1
DA:24,1
DA:25,2
DA:26,2
DA:27,2
DA:28,2
DA:29,2
DA:30,1
DA:31,2
DA:32,2
DA:33,2
DA:34,2
DA:35,2
DA:36,1
LF:26
LH:26
BRF:16
BRH:8
FNF:1
FNH:1
end_of_record
SF:D:\git\PillarTechnology\checkout-order-total-kata\Implementations\Basic\product-special-configuration\ProductSpecialConfigurationService.cs
FN:31,PointOfSale.Services.ProductDto PointOfSale.Implementations.Basic.ProductSpecialConfigurationService::CreateSpecial(PointOfSale.Services.CreateSpecialArgs)
FNDA:0,PointOfSale.Services.ProductDto PointOfSale.Implementations.Basic.ProductSpecialConfigurationService::CreateSpecial(PointOfSale.Services.CreateSpecialArgs)
DA:32,0
DA:33,0
DA:35,0
DA:36,0
DA:38,0
DA:40,0
DA:41,0
DA:42,0
DA:43,0
DA:44,0
DA:46,0
DA:47,0
DA:48,0
DA:49,0
BRDA:41,102,0,0
BRDA:41,102,1,0
FN:15,System.Void PointOfSale.Implementations.Basic.ProductSpecialConfigurationService::.ctor(AutoMapper.IMapper,PointOfSale.Domain.IProductRepository,PointOfSale.Implementations.IProductServiceProvider,PointOfSale.Implementations.ISpecialServiceProvider,FluentValidation.IValidator`1<PointOfSale.Services.CreateSpecialArgs>)
FNDA:1,System.Void PointOfSale.Implementations.Basic.ProductSpecialConfigurationService::.ctor(AutoMapper.IMapper,PointOfSale.Domain.IProductRepository,PointOfSale.Implementations.IProductServiceProvider,PointOfSale.Implementations.ISpecialServiceProvider,FluentValidation.IValidator`1<PointOfSale.Services.CreateSpecialArgs>)
DA:16,1
DA:17,1
DA:18,1
DA:19,1
DA:20,1
DA:21,1
DA:22,1
DA:23,1
DA:24,1
DA:25,1
DA:26,1
DA:27,1
DA:28,1
DA:29,1
LF:28
LH:14
BRF:2
BRH:0
FNF:2
FNH:1
end_of_record
SF:D:\git\PillarTechnology\checkout-order-total-kata\Implementations\Basic\product-special-configuration\validators\CreateSpecialArgsValidator.cs
FN:7,System.Void PointOfSale.Implementations.Basic.CreateSpecialArgsValidator::.ctor(PointOfSale.Implementations.Basic.DiscountedItemsValidator,PointOfSale.Implementations.Basic.GroupSalePriceValidator,PointOfSale.Implementations.Basic.IsEachesProductValidator,PointOfSale.Implementations.Basic.IsMassProductValidator,PointOfSale.Implementations.Basic.PercentageOffValidator,PointOfSale.Implementations.Basic.PreDiscountItemsValidator,PointOfSale.Implementations.Basic.ProductMustExistValidator,PointOfSale.Implementations.Basic.TemporalValidator)
FNDA:1,System.Void PointOfSale.Implementations.Basic.CreateSpecialArgsValidator::.ctor(PointOfSale.Implementations.Basic.DiscountedItemsValidator,PointOfSale.Implementations.Basic.GroupSalePriceValidator,PointOfSale.Implementations.Basic.IsEachesProductValidator,PointOfSale.Implementations.Basic.IsMassProductValidator,PointOfSale.Implementations.Basic.PercentageOffValidator,PointOfSale.Implementations.Basic.PreDiscountItemsValidator,PointOfSale.Implementations.Basic.ProductMustExistValidator,PointOfSale.Implementations.Basic.TemporalValidator)
DA:8,1
DA:9,1
DA:10,1
DA:11,1
DA:12,1
DA:13,1
DA:14,1
DA:15,1
DA:16,1
DA:17,1
DA:18,1
DA:19,1
DA:20,1
DA:21,1
DA:23,1
DA:24,2
DA:25,2
DA:26,2
DA:27,2
DA:29,1
DA:30,2
DA:31,2
DA:32,2
DA:33,2
DA:34,2
DA:36,1
DA:37,2
DA:38,2
DA:39,2
DA:40,2
DA:41,2
DA:42,1
BRDA:23,92,0,1
BRDA:23,92,1,1
BRDA:29,142,0,1
BRDA:29,142,1,1
BRDA:36,192,0,1
BRDA:36,192,1,1
LF:32
LH:32
BRF:6
BRH:6
FNF:1
FNH:1
end_of_record
SF:D:\git\PillarTechnology\checkout-order-total-kata\Implementations\Basic\validators\AmountOffRetailValidator.cs
FN:7,System.Void PointOfSale.Implementations.Basic.AmountOffRetailValidator::.ctor()
FNDA:1,System.Void PointOfSale.Implementations.Basic.AmountOffRetailValidator::.ctor()
DA:8,1
DA:9,1
DA:10,1
DA:11,1
DA:12,1
DA:13,1
LF:6
LH:6
BRF:0
BRH:0
FNF:1
FNH:1
end_of_record
SF:D:\git\PillarTechnology\checkout-order-total-kata\Implementations\Basic\validators\DiscountedItemsValidator.cs
FN:7,System.Void PointOfSale.Implementations.Basic.DiscountedItemsValidator::.ctor()
FNDA:1,System.Void PointOfSale.Implementations.Basic.DiscountedItemsValidator::.ctor()
DA:8,1
DA:9,1
DA:10,1
DA:11,1
DA:12,1
DA:13,1
LF:6
LH:6
BRF:0
BRH:0
FNF:1
FNH:1
end_of_record
SF:D:\git\PillarTechnology\checkout-order-total-kata\Implementations\Basic\validators\GroupSalePriceValidator.cs
FN:7,System.Void PointOfSale.Implementations.Basic.GroupSalePriceValidator::.ctor()
FNDA:1,System.Void PointOfSale.Implementations.Basic.GroupSalePriceValidator::.ctor()
DA:8,1
DA:9,1
DA:10,1
DA:11,1
DA:12,1
DA:13,1
LF:6
LH:6
BRF:0
BRH:0
FNF:1
FNH:1
end_of_record
SF:D:\git\PillarTechnology\checkout-order-total-kata\Implementations\Basic\validators\IsEachesProductValidator.cs
FN:8,System.Void PointOfSale.Implementations.Basic.IsEachesProductValidator::.ctor(PointOfSale.Domain.IProductRepository)
FNDA:1,System.Void PointOfSale.Implementations.Basic.IsEachesProductValidator::.ctor(PointOfSale.Domain.IProductRepository)
DA:9,1
DA:10,1
DA:11,1
DA:12,2
DA:13,2
DA:14,2
DA:15,2
DA:16,2
DA:17,1
LF:9
LH:9
BRF:2
BRH:2
FNF:1
FNH:1
end_of_record
SF:D:\git\PillarTechnology\checkout-order-total-kata\Implementations\Basic\validators\IsMassProductValidator.cs
FN:8,System.Void PointOfSale.Implementations.Basic.IsMassProductValidator::.ctor(PointOfSale.Domain.IProductRepository)
FNDA:1,System.Void PointOfSale.Implementations.Basic.IsMassProductValidator::.ctor(PointOfSale.Domain.IProductRepository)
DA:9,1
DA:10,1
DA:11,1
DA:12,2
DA:13,2
DA:14,2
DA:15,2
DA:16,2
DA:17,1
LF:9
LH:9
BRF:2
BRH:2
FNF:1
FNH:1
end_of_record
SF:D:\git\PillarTechnology\checkout-order-total-kata\Implementations\Basic\validators\LimitValidator.cs
FN:7,System.Void PointOfSale.Implementations.Basic.LimitValidator::.ctor()
FNDA:0,System.Void PointOfSale.Implementations.Basic.LimitValidator::.ctor()
DA:8,0
DA:9,0
DA:10,0
DA:11,0
DA:12,0
DA:13,0
BRDA:10,83,0,0
BRDA:10,83,1,0
LF:6
LH:0
BRF:2
BRH:0
FNF:1
FNH:0
end_of_record
SF:D:\git\PillarTechnology\checkout-order-total-kata\Implementations\Basic\validators\PercentageOffValidator.cs
FN:7,System.Void PointOfSale.Implementations.Basic.PercentageOffValidator::.ctor()
FNDA:1,System.Void PointOfSale.Implementations.Basic.PercentageOffValidator::.ctor()
DA:8,1
DA:9,1
DA:10,1
DA:11,1
DA:12,1
DA:13,1
DA:14,1
LF:7
LH:7
BRF:0
BRH:0
FNF:1
FNH:1
end_of_record
SF:D:\git\PillarTechnology\checkout-order-total-kata\Implementations\Basic\validators\PreDiscountItemsValidator.cs
FN:7,System.Void PointOfSale.Implementations.Basic.PreDiscountItemsValidator::.ctor()
FNDA:1,System.Void PointOfSale.Implementations.Basic.PreDiscountItemsValidator::.ctor()
DA:8,1
DA:9,1
DA:10,1
DA:11,1
DA:12,1
DA:13,1
LF:6
LH:6
BRF:0
BRH:0
FNF:1
FNH:1
end_of_record
SF:D:\git\PillarTechnology\checkout-order-total-kata\Implementations\Basic\validators\ProductMustExistValidator.cs
FN:8,System.Void PointOfSale.Implementations.Basic.ProductMustExistValidator::.ctor(PointOfSale.Domain.IProductRepository)
FNDA:3,System.Void PointOfSale.Implementations.Basic.ProductMustExistValidator::.ctor(PointOfSale.Domain.IProductRepository)
DA:9,3
DA:10,3
DA:11,3
DA:12,3
DA:13,3
DA:14,3
DA:15,3
DA:16,3
LF:8
LH:8
BRF:0
BRH:0
FNF:1
FNH:1
end_of_record
SF:D:\git\PillarTechnology\checkout-order-total-kata\Implementations\Basic\validators\ProductMustNotExistValidator.cs
FN:8,System.Void PointOfSale.Implementations.Basic.ProductMustNotExistValidator::.ctor(PointOfSale.Domain.IProductRepository)
FNDA:1,System.Void PointOfSale.Implementations.Basic.ProductMustNotExistValidator::.ctor(PointOfSale.Domain.IProductRepository)
DA:9,1
DA:10,1
DA:11,1
DA:12,1
DA:13,1
DA:14,2
DA:15,1
DA:16,1
LF:8
LH:8
BRF:0
BRH:0
FNF:1
FNH:1
end_of_record
SF:D:\git\PillarTechnology\checkout-order-total-kata\Implementations\Basic\validators\SellByTypeValidator.cs
FN:8,System.Void PointOfSale.Implementations.Basic.SellByTypeValidator::.ctor(PointOfSale.Implementations.IProductServiceProvider)
FNDA:3,System.Void PointOfSale.Implementations.Basic.SellByTypeValidator::.ctor(PointOfSale.Implementations.IProductServiceProvider)
DA:9,3
DA:10,3
DA:11,3
DA:13,3
DA:14,3
DA:15,3
DA:16,4
DA:17,3
DA:18,3
LF:9
LH:9
BRF:0
BRH:0
FNF:1
FNH:1
end_of_record
SF:D:\git\PillarTechnology\checkout-order-total-kata\Implementations\Basic\validators\TemporalValidator.cs
FN:7,System.Void PointOfSale.Implementations.Basic.TemporalValidator::.ctor()
FNDA:2,System.Void PointOfSale.Implementations.Basic.TemporalValidator::.ctor()
DA:8,2
DA:9,2
DA:10,2
DA:11,2
DA:12,2
DA:13,2
DA:14,2
DA:15,2
DA:17,2
DA:18,2
DA:19,2
BRDA:10,150,0,1
BRDA:10,150,1,2
LF:11
LH:11
BRF:2
BRH:2
FNF:1
FNH:1
end_of_record
SF:D:\git\PillarTechnology\checkout-order-total-kata\Infrastructure\InMemory\repositories\InMemoryOrderRepository.cs
FN:10,System.Int64 PointOfSale.Infrastructure.InMemory.InMemoryOrderRepository::GetNextId()
FNDA:0,System.Int64 PointOfSale.Infrastructure.InMemory.InMemoryOrderRepository::GetNextId()
DA:11,0
DA:12,0
DA:13,0
BRDA:12,12,0,0
BRDA:12,26,0,0
BRDA:12,26,1,0
BRDA:12,12,1,0
FN:15,PointOfSale.Domain.Order PointOfSale.Infrastructure.InMemory.InMemoryOrderRepository::CreateOrder(PointOfSale.Domain.Order)
FNDA:0,PointOfSale.Domain.Order PointOfSale.Infrastructure.InMemory.InMemoryOrderRepository::CreateOrder(PointOfSale.Domain.Order)
DA:16,0
DA:17,0
DA:18,0
DA:19,0
DA:20,0
FN:22,System.Boolean PointOfSale.Infrastructure.InMemory.InMemoryOrderRepository::Exists(System.Int64)
FNDA:0,System.Boolean PointOfSale.Infrastructure.InMemory.InMemoryOrderRepository::Exists(System.Int64)
DA:23,0
FN:25,PointOfSale.Domain.Order PointOfSale.Infrastructure.InMemory.InMemoryOrderRepository::FindOrder(System.Int64)
FNDA:0,PointOfSale.Domain.Order PointOfSale.Infrastructure.InMemory.InMemoryOrderRepository::FindOrder(System.Int64)
DA:26,0
DA:27,0
DA:28,0
FN:30,PointOfSale.Domain.Order PointOfSale.Infrastructure.InMemory.InMemoryOrderRepository::UpdateOrder(PointOfSale.Domain.Order)
FNDA:0,PointOfSale.Domain.Order PointOfSale.Infrastructure.InMemory.InMemoryOrderRepository::UpdateOrder(PointOfSale.Domain.Order)
DA:31,0
DA:32,0
DA:33,0
FN:8,System.Void PointOfSale.Infrastructure.InMemory.InMemoryOrderRepository::.ctor()
FNDA:0,System.Void PointOfSale.Infrastructure.InMemory.InMemoryOrderRepository::.ctor()
DA:9,0
LF:16
LH:0
BRF:4
BRH:0
FNF:6
FNH:0
end_of_record
SF:D:\git\PillarTechnology\checkout-order-total-kata\Infrastructure\InMemory\repositories\InMemoryProductRepository.cs
FN:11,PointOfSale.Domain.Product PointOfSale.Infrastructure.InMemory.InMemoryProductRepository::CreateProduct(PointOfSale.Domain.Product)
FNDA:65,PointOfSale.Domain.Product PointOfSale.Infrastructure.InMemory.InMemoryProductRepository::CreateProduct(PointOfSale.Domain.Product)
DA:12,65
DA:13,65
DA:14,65
DA:15,65
FN:17,System.Boolean PointOfSale.Infrastructure.InMemory.InMemoryProductRepository::Exists(System.String)
FNDA:1,System.Boolean PointOfSale.Infrastructure.InMemory.InMemoryProductRepository::Exists(System.String)
DA:18,1
DA:19,9
DA:20,1
FN:22,PointOfSale.Domain.Product PointOfSale.Infrastructure.InMemory.InMemoryProductRepository::FindProduct(System.String)
FNDA:65,PointOfSale.Domain.Product PointOfSale.Infrastructure.InMemory.InMemoryProductRepository::FindProduct(System.String)
DA:23,65
DA:24,362
DA:25,65
FN:27,PointOfSale.Domain.Product PointOfSale.Infrastructure.InMemory.InMemoryProductRepository::UpdateProduct(PointOfSale.Domain.Product)
FNDA:0,PointOfSale.Domain.Product PointOfSale.Infrastructure.InMemory.InMemoryProductRepository::UpdateProduct(PointOfSale.Domain.Product)
DA:28,0
DA:29,0
DA:30,0
FN:8,System.Void PointOfSale.Infrastructure.InMemory.InMemoryProductRepository::.ctor()
FNDA:8,System.Void PointOfSale.Infrastructure.InMemory.InMemoryProductRepository::.ctor()
DA:9,8
LF:14
LH:11
BRF:0
BRH:0
FNF:5
FNH:4
end_of_record
SF:D:\git\PillarTechnology\checkout-order-total-kata\Services\checkout\args\RemoveScannedItemArgs.cs
FN:4,System.Nullable`1<System.Int64> PointOfSale.Services.RemoveScannedItemArgs::get_OrderId()
FNDA:0,System.Nullable`1<System.Int64> PointOfSale.Services.RemoveScannedItemArgs::get_OrderId()
DA:5,0
FN:5,System.Nullable`1<System.Int32> PointOfSale.Services.RemoveScannedItemArgs::get_ScannedItemId()
FNDA:0,System.Nullable`1<System.Int32> PointOfSale.Services.RemoveScannedItemArgs::get_ScannedItemId()
DA:6,0
FN:7,System.Void PointOfSale.Services.RemoveScannedItemArgs::.ctor()
FNDA:0,System.Void PointOfSale.Services.RemoveScannedItemArgs::.ctor()
DA:8,0
FN:9,System.Void PointOfSale.Services.RemoveScannedItemArgs::.ctor(System.Nullable`1<System.Int64>,System.Nullable`1<System.Int32>)
FNDA:0,System.Void PointOfSale.Services.RemoveScannedItemArgs::.ctor(System.Nullable`1<System.Int64>,System.Nullable`1<System.Int32>)
DA:10,0
DA:11,0
DA:12,0
DA:13,0
DA:14,0
LF:8
LH:0
BRF:0
BRH:0
FNF:4
FNH:0
end_of_record
SF:D:\git\PillarTechnology\checkout-order-total-kata\Services\checkout\args\ScanItemArgs.cs
FN:4,System.Nullable`1<System.Int64> PointOfSale.Services.ScanItemArgs::get_OrderId()
FNDA:0,System.Nullable`1<System.Int64> PointOfSale.Services.ScanItemArgs::get_OrderId()
DA:5,0
FN:5,System.String PointOfSale.Services.ScanItemArgs::get_ProductName()
FNDA:0,System.String PointOfSale.Services.ScanItemArgs::get_ProductName()
DA:6,0
LF:2
LH:0
BRF:0
BRH:0
FNF:2
FNH:0
end_of_record
SF:D:\git\PillarTechnology\checkout-order-total-kata\Services\checkout\args\ScanWeightedItemArgs.cs
FN:4,System.Nullable`1<System.Decimal> PointOfSale.Services.ScanWeightedItemArgs::get_MassAmount()
FNDA:0,System.Nullable`1<System.Decimal> PointOfSale.Services.ScanWeightedItemArgs::get_MassAmount()
DA:5,0
FN:5,System.String PointOfSale.Services.ScanWeightedItemArgs::get_MassUnit()
FNDA:0,System.String PointOfSale.Services.ScanWeightedItemArgs::get_MassUnit()
DA:6,0
FN:6,System.Nullable`1<System.Int64> PointOfSale.Services.ScanWeightedItemArgs::get_OrderId()
FNDA:0,System.Nullable`1<System.Int64> PointOfSale.Services.ScanWeightedItemArgs::get_OrderId()
DA:7,0
FN:7,System.String PointOfSale.Services.ScanWeightedItemArgs::get_ProductName()
FNDA:0,System.String PointOfSale.Services.ScanWeightedItemArgs::get_ProductName()
DA:8,0
LF:4
LH:0
BRF:0
BRH:0
FNF:4
FNH:0
end_of_record
SF:D:\git\PillarTechnology\checkout-order-total-kata\Services\dtos\InvoiceDto.cs
FN:6,System.Int64 PointOfSale.Services.InvoiceDto::get_OrderId()
FNDA:0,System.Int64 PointOfSale.Services.InvoiceDto::get_OrderId()
DA:7,0
FN:7,System.Collections.Generic.IEnumerable`1<PointOfSale.Services.LineItemDto> PointOfSale.Services.InvoiceDto::get_LineItems()
FNDA:0,System.Collections.Generic.IEnumerable`1<PointOfSale.Services.LineItemDto> PointOfSale.Services.InvoiceDto::get_LineItems()
DA:8,0
FN:8,System.Decimal PointOfSale.Services.InvoiceDto::get_PreTaxTotal()
FNDA:0,System.Decimal PointOfSale.Services.InvoiceDto::get_PreTaxTotal()
DA:9,0
LF:3
LH:0
BRF:0
BRH:0
FNF:3
FNH:0
end_of_record
SF:D:\git\PillarTechnology\checkout-order-total-kata\Services\dtos\IProductDto.cs
FN:14,PointOfSale.Services.MarkdownDto PointOfSale.Services.ProductDto::get_Markdown()
FNDA:1,PointOfSale.Services.MarkdownDto PointOfSale.Services.ProductDto::get_Markdown()
DA:15,1
FN:15,System.String PointOfSale.Services.ProductDto::get_Name()
FNDA:2,System.String PointOfSale.Services.ProductDto::get_Name()
DA:16,2
FN:16,System.String PointOfSale.Services.ProductDto::get_SellByType()
FNDA:2,System.String PointOfSale.Services.ProductDto::get_SellByType()
DA:17,2
FN:17,PointOfSale.Services.ISpecialDto PointOfSale.Services.ProductDto::get_Special()
FNDA:1,PointOfSale.Services.ISpecialDto PointOfSale.Services.ProductDto::get_Special()
DA:18,1
FN:22,System.Decimal PointOfSale.Services.EachesProductDto::get_RetailPrice()
FNDA:1,System.Decimal PointOfSale.Services.EachesProductDto::get_RetailPrice()
DA:23,1
FN:27,System.Double PointOfSale.Services.MassDto::get_Amount()
FNDA:0,System.Double PointOfSale.Services.MassDto::get_Amount()
DA:28,0
FN:28,System.String PointOfSale.Services.MassDto::get_Unit()
FNDA:0,System.String PointOfSale.Services.MassDto::get_Unit()
DA:29,0
FN:33,PointOfSale.Services.MassDto PointOfSale.Services.MassProductDto::get_Mass()
FNDA:0,PointOfSale.Services.MassDto PointOfSale.Services.MassProductDto::get_Mass()
DA:34,0
LF:8
LH:5
BRF:0
BRH:0
FNF:8
FNH:5
end_of_record
SF:D:\git\PillarTechnology\checkout-order-total-kata\Services\dtos\ISpecialDto.cs
FN:28,System.String PointOfSale.Services.BuyNForXAmountSpecialDto::get_Description()
FNDA:0,System.String PointOfSale.Services.BuyNForXAmountSpecialDto::get_Description()
DA:29,0
FN:29,System.Int32 PointOfSale.Services.BuyNForXAmountSpecialDto::get_DiscountedItems()
[...]
FNDA:0,System.Void PointOfSale.Test.Implementations.Basic.ProductConfigurationServiceTest::UpdateProduct_WithInvalidRetailPrice_ThrowsArgumentException(System.Nullable`1<System.Double>,System.String)
DA:74,0
DA:75,0
DA:77,0
DA:78,0
FN:85,System.Void PointOfSale.Test.Implementations.Basic.ProductConfigurationServiceTest::UpdateProduct_WithInvalidSellByType_ThrowsArgumentException(System.String,System.String)
FNDA:0,System.Void PointOfSale.Test.Implementations.Basic.ProductConfigurationServiceTest::UpdateProduct_WithInvalidSellByType_ThrowsArgumentException(System.String,System.String)
DA:86,0
DA:87,0
DA:89,0
DA:90,0
FN:11,System.Void PointOfSale.Test.Implementations.Basic.ProductConfigurationServiceTest::.ctor()
FNDA:0,System.Void PointOfSale.Test.Implementations.Basic.ProductConfigurationServiceTest::.ctor()
DA:12,0
DA:13,0
DA:14,0
DA:15,0
DA:16,0
LF:29
LH:0
BRF:4
BRH:0
FNF:7
FNH:0
end_of_record
SF:D:\git\PillarTechnology\checkout-order-total-kata\Test\Implementations\Basic\services\ProductMarkdownConfigurationServiceTest.cs
FN:25,System.Void PointOfSale.Test.Implementations.Basic.ProductMarkdownConfigurationServiceTest::UpsertProductMarkdown_WithInvalidProductName_ThrowsArgumentException(System.String,System.String)
FNDA:0,System.Void PointOfSale.Test.Implementations.Basic.ProductMarkdownConfigurationServiceTest::UpsertProductMarkdown_WithInvalidProductName_ThrowsArgumentException(System.String,System.String)
DA:26,0
DA:27,0
DA:28,0
DA:29,0
DA:30,0
DA:31,0
DA:32,0
DA:33,0
DA:34,0
DA:35,0
DA:37,0
DA:38,0
FN:44,System.Void PointOfSale.Test.Implementations.Basic.ProductMarkdownConfigurationServiceTest::UpsertProductMarkdown_WithInvalidMarkdownAmountOffRetail_ThrowsArgumentException(System.Nullable`1<System.Double>,System.String)
FNDA:0,System.Void PointOfSale.Test.Implementations.Basic.ProductMarkdownConfigurationServiceTest::UpsertProductMarkdown_WithInvalidMarkdownAmountOffRetail_ThrowsArgumentException(System.Nullable`1<System.Double>,System.String)
DA:45,0
DA:46,0
DA:47,0
DA:48,0
DA:49,0
DA:50,0
DA:51,0
DA:52,0
DA:53,0
DA:54,0
DA:56,0
DA:57,0
FN:61,System.Void PointOfSale.Test.Implementations.Basic.ProductMarkdownConfigurationServiceTest::UpsertProductMarkdown_WithInvalidTimeRange_ThrowsArgumentException(System.Nullable`1<System.DateTime>,System.Nullable`1<System.DateTime>,System.String)
FNDA:0,System.Void PointOfSale.Test.Implementations.Basic.ProductMarkdownConfigurationServiceTest::UpsertProductMarkdown_WithInvalidTimeRange_ThrowsArgumentException(System.Nullable`1<System.DateTime>,System.Nullable`1<System.DateTime>,System.String)
DA:62,0
DA:63,0
DA:64,0
DA:65,0
DA:66,0
DA:67,0
DA:68,0
DA:69,0
DA:70,0
DA:71,0
DA:73,0
DA:74,0
FN:14,System.Void PointOfSale.Test.Implementations.Basic.ProductMarkdownConfigurationServiceTest::.ctor()
FNDA:0,System.Void PointOfSale.Test.Implementations.Basic.ProductMarkdownConfigurationServiceTest::.ctor()
DA:15,0
DA:16,0
DA:17,0
DA:18,0
FN:86,System.Collections.IEnumerator PointOfSale.Test.Implementations.Basic.ProductMarkdownConfigurationServiceTest/InvalidTimeRangeUpsertProductMarkdownData::System.Collections.IEnumerable.GetEnumerator()
FNDA:0,System.Collections.IEnumerator PointOfSale.Test.Implementations.Basic.ProductMarkdownConfigurationServiceTest/InvalidTimeRangeUpsertProductMarkdownData::System.Collections.IEnumerable.GetEnumerator()
DA:87,0
FN:77,System.Void PointOfSale.Test.Implementations.Basic.ProductMarkdownConfigurationServiceTest/InvalidTimeRangeUpsertProductMarkdownData::.ctor()
FNDA:0,System.Void PointOfSale.Test.Implementations.Basic.ProductMarkdownConfigurationServiceTest/InvalidTimeRangeUpsertProductMarkdownData::.ctor()
DA:78,0
FN:80,System.Boolean PointOfSale.Test.Implementations.Basic.ProductMarkdownConfigurationServiceTest/InvalidTimeRangeUpsertProductMarkdownData/<GetEnumerator>d__1::MoveNext()
FNDA:0,System.Boolean PointOfSale.Test.Implementations.Basic.ProductMarkdownConfigurationServiceTest/InvalidTimeRangeUpsertProductMarkdownData/<GetEnumerator>d__1::MoveNext()
DA:81,0
DA:82,0
DA:83,0
DA:84,0
DA:85,0
LF:47
LH:0
BRF:2
BRH:0
FNF:7
FNH:0
end_of_record
SF:D:\git\PillarTechnology\checkout-order-total-kata\Test\Implementations\Basic\validators\CreateSpecialArgsValidatorTest.cs
FN:19,System.Void PointOfSale.Test.Implementations.Basic.CreateSpecialArgsValidatorTest::CreateSpecialArgsValidator_ContainsCorrectValidationRules()
FNDA:0,System.Void PointOfSale.Test.Implementations.Basic.CreateSpecialArgsValidatorTest::CreateSpecialArgsValidator_ContainsCorrectValidationRules()
DA:20,0
DA:21,0
DA:22,0
DA:23,0
DA:24,0
DA:25,0
DA:27,0
DA:28,0
DA:29,0
DA:31,0
DA:32,0
DA:33,0
FN:14,System.Void PointOfSale.Test.Implementations.Basic.CreateSpecialArgsValidatorTest::.ctor()
FNDA:0,System.Void PointOfSale.Test.Implementations.Basic.CreateSpecialArgsValidatorTest::.ctor()
DA:15,0
DA:16,0
LF:14
LH:0
BRF:0
BRH:0
FNF:2
FNH:0
end_of_record
SF:D:\git\PillarTechnology\checkout-order-total-kata\Test\Infrastructure\InMemory\obj\Debug\netcoreapp2.1\PointOfSale.Test.Infrastructure.InMemory.Program.cs
FN:3,System.Void AutoGeneratedProgram::Main(System.String[])
FNDA:0,System.Void AutoGeneratedProgram::Main(System.String[])
DA:4,0
LF:1
LH:0
BRF:0
BRH:0
FNF:1
FNH:0
end_of_record
SF:D:\git\PillarTechnology\checkout-order-total-kata\Test\Infrastructure\InMemory\factories\InMemoryOrderRepositoryFactory.cs
FN:8,System.Void PointOfSale.Test.Infrastructure.InMemory.InMemoryOrderRepositoryFactory::Seed(PointOfSale.Infrastructure.InMemory.InMemoryOrderRepository&)
FNDA:0,System.Void PointOfSale.Test.Infrastructure.InMemory.InMemoryOrderRepositoryFactory::Seed(PointOfSale.Infrastructure.InMemory.InMemoryOrderRepository&)
DA:9,0
DA:10,0
DA:11,0
LF:3
LH:0
BRF:0
BRH:0
FNF:1
FNH:0
end_of_record
SF:D:\git\PillarTechnology\checkout-order-total-kata\Test\Infrastructure\InMemory\factories\InMemoryProductRepositoryFactory.cs
FN:8,System.Void PointOfSale.Test.Infrastructure.InMemory.InMemoryProductRepositoryFactory::Seed(PointOfSale.Infrastructure.InMemory.InMemoryProductRepository&)
FNDA:8,System.Void PointOfSale.Test.Infrastructure.InMemory.InMemoryProductRepositoryFactory::Seed(PointOfSale.Infrastructure.InMemory.InMemoryProductRepository&)
DA:9,8
DA:10,152
DA:11,64
DA:12,8
BRDA:10,37,1,64
BRDA:10,37,0,8
LF:4
LH:4
BRF:2
BRH:2
FNF:1
FNH:1
end_of_record
SF:D:\git\PillarTechnology\checkout-order-total-kata\Test\Infrastructure\InMemory\factories\RepositoryFactory.cs
FN:5,T PointOfSale.Test.Infrastructure.InMemory.RepositoryFactory`1::CreateEmptyRepository()
FNDA:8,T PointOfSale.Test.Infrastructure.InMemory.RepositoryFactory`1::CreateEmptyRepository()
DA:6,8
DA:7,8
DA:8,8
FN:10,T PointOfSale.Test.Infrastructure.InMemory.RepositoryFactory`1::CreateSeededRepository()
FNDA:8,T PointOfSale.Test.Infrastructure.InMemory.RepositoryFactory`1::CreateSeededRepository()
DA:11,8
DA:12,8
DA:13,8
DA:14,8
DA:15,8
LF:8
LH:8
BRF:0
BRH:0
FNF:2
FNH:2
end_of_record
SF:D:\git\PillarTechnology\checkout-order-total-kata\Test\Infrastructure\InMemory\repositories\InMemoryOrderRepositoryTest.cs
FN:6,System.Void PointOfSale.Test.Infrastructure.InMemory.InMemoryOrderRepositoryTest::.ctor()
FNDA:0,System.Void PointOfSale.Test.Infrastructure.InMemory.InMemoryOrderRepositoryTest::.ctor()
DA:7,0
DA:8,0
DA:9,0
DA:10,0
LF:4
LH:0
BRF:0
BRH:0
FNF:1
FNH:0
end_of_record
SF:D:\git\PillarTechnology\checkout-order-total-kata\Test\Infrastructure\InMemory\repositories\InMemoryProductRepositoryTest.cs
FN:6,System.Void PointOfSale.Test.Infrastructure.InMemory.InMemoryProductRepositoryTest::.ctor()
FNDA:0,System.Void PointOfSale.Test.Infrastructure.InMemory.InMemoryProductRepositoryTest::.ctor()
DA:7,0
DA:8,0
DA:9,0
DA:10,0
LF:4
LH:0
BRF:0
BRH:0
FNF:1
FNH:0
end_of_record
SF:D:\git\PillarTechnology\checkout-order-total-kata\Test\Services\obj\Debug\netcoreapp2.1\PointOfSale.Test.Services.Program.cs
FN:3,System.Void AutoGeneratedProgram::Main(System.String[])
FNDA:0,System.Void AutoGeneratedProgram::Main(System.String[])
DA:4,0
LF:1
LH:0
BRF:0
BRH:0
FNF:1
FNH:0
end_of_record
SF:D:\git\PillarTechnology\checkout-order-total-kata\Test\Services\ICheckoutServiceTest.cs
FN:15,System.Void PointOfSale.Test.Services.ICheckoutServiceTest::RemoveScannedItem_ScannedItemIsRemovedFromPersistedOrder()
FNDA:0,System.Void PointOfSale.Test.Services.ICheckoutServiceTest::RemoveScannedItem_ScannedItemIsRemovedFromPersistedOrder()
DA:16,0
DA:17,0
DA:18,0
DA:19,0
DA:20,0
DA:22,0
DA:24,0
DA:25,0
DA:26,0
BRDA:24,114,0,0
BRDA:24,114,1,0
FN:29,System.Void PointOfSale.Test.Services.ICheckoutServiceTest::ScanItem_ScannedItemIsAddedToPersistedOrder()
FNDA:0,System.Void PointOfSale.Test.Services.ICheckoutServiceTest::ScanItem_ScannedItemIsAddedToPersistedOrder()
DA:30,0
DA:31,0
DA:32,0
DA:33,0
DA:34,0
DA:36,0
DA:37,0
DA:38,0
BRDA:36,70,0,0
BRDA:36,70,1,0
FN:41,System.Void PointOfSale.Test.Services.ICheckoutServiceTest::ScanWeightedItem_WeightedItemIsAddedToPersistedOrder()
FNDA:0,System.Void PointOfSale.Test.Services.ICheckoutServiceTest::ScanWeightedItem_WeightedItemIsAddedToPersistedOrder()
DA:42,0
DA:43,0
DA:44,0
DA:45,0
DA:46,0
DA:48,0
DA:49,0
DA:50,0
BRDA:48,87,0,0
BRDA:48,87,1,0
LF:25
LH:0
BRF:6
BRH:0
FNF:3
FNH:0
end_of_record
SF:D:\git\PillarTechnology\checkout-order-total-kata\Test\Services\IOrderServiceTest.cs
FN:12,System.Void PointOfSale.Test.Services.IOrderServiceTest::FindOrder_ReturnsOrder()
FNDA:0,System.Void PointOfSale.Test.Services.IOrderServiceTest::FindOrder_ReturnsOrder()
DA:13,0
DA:14,0
DA:16,0
DA:18,0
DA:19,0
LF:5
LH:0
BRF:0
BRH:0
FNF:1
FNH:0
end_of_record
SF:D:\git\PillarTechnology\checkout-order-total-kata\Test\Services\IProductConfigurationServiceTest.cs
FN:28,System.Void PointOfSale.Test.Services.IProductConfigurationServiceTest::CreateProduct_CreatesPersistedProduct(System.String,System.Nullable`1<System.Double>,System.Nullable`1<System.Double>,System.String,System.Nullable`1<System.Double>,System.String)
FNDA:0,System.Void PointOfSale.Test.Services.IProductConfigurationServiceTest::CreateProduct_CreatesPersistedProduct(System.String,System.Nullable`1<System.Double>,System.Nullable`1<System.Double>,System.String,System.Nullable`1<System.Double>,System.String)
DA:29,0
DA:30,0
DA:31,0
DA:32,0
DA:34,0
DA:36,0
DA:38,0
DA:39,0
BRDA:30,13,0,0
BRDA:30,13,1,0
FN:51,System.Void PointOfSale.Test.Services.IProductConfigurationServiceTest::UpdateProduct_UpdatesNonIdentityFieldsInPersistedProduct(System.String,System.Nullable`1<System.Double>,System.Nullable`1<System.Double>,System.String,System.Nullable`1<System.Double>,System.String)
FNDA:0,System.Void PointOfSale.Test.Services.IProductConfigurationServiceTest::UpdateProduct_UpdatesNonIdentityFieldsInPersistedProduct(System.String,System.Nullable`1<System.Double>,System.Nullable`1<System.Double>,System.String,System.Nullable`1<System.Double>,System.String)
DA:52,0
DA:53,0
DA:54,0
DA:55,0
DA:57,0
DA:59,0
DA:61,0
DA:62,0
BRDA:53,13,0,0
BRDA:53,13,1,0
FN:13,System.Void PointOfSale.Test.Services.IProductConfigurationServiceTest::.ctor()
FNDA:0,System.Void PointOfSale.Test.Services.IProductConfigurationServiceTest::.ctor()
DA:14,0
LF:17
LH:0
BRF:4
BRH:0
FNF:3
FNH:0
end_of_record
SF:D:\git\PillarTechnology\checkout-order-total-kata\Test\Services\IProductMarkdownConfigurationServiceTest.cs
FN:19,System.Void PointOfSale.Test.Services.IProductMarkdownConfigurationServiceTest::UpsertProductMarkdown_UpsertsProductMarkdown(System.Decimal,System.Nullable`1<System.DateTime>,System.String,System.String,System.Nullable`1<System.DateTime>)
FNDA:0,System.Void PointOfSale.Test.Services.IProductMarkdownConfigurationServiceTest::UpsertProductMarkdown_UpsertsProductMarkdown(System.Decimal,System.Nullable`1<System.DateTime>,System.String,System.String,System.Nullable`1<System.DateTime>)
DA:20,0
DA:21,0
DA:23,0
DA:25,0
DA:26,0
DA:27,0
DA:28,0
DA:29,0
FN:13,System.Void PointOfSale.Test.Services.IProductMarkdownConfigurationServiceTest::.ctor()
FNDA:0,System.Void PointOfSale.Test.Services.IProductMarkdownConfigurationServiceTest::.ctor()
DA:14,0
FN:40,System.Collections.IEnumerator PointOfSale.Test.Services.IProductMarkdownConfigurationServiceTest/UpsertProductMarkdownData::System.Collections.IEnumerable.GetEnumerator()
FNDA:0,System.Collections.IEnumerator PointOfSale.Test.Services.IProductMarkdownConfigurationServiceTest/UpsertProductMarkdownData::System.Collections.IEnumerable.GetEnumerator()
DA:41,0
FN:32,System.Void PointOfSale.Test.Services.IProductMarkdownConfigurationServiceTest/UpsertProductMarkdownData::.ctor()
FNDA:0,System.Void PointOfSale.Test.Services.IProductMarkdownConfigurationServiceTest/UpsertProductMarkdownData::.ctor()
DA:33,0
FN:35,System.Boolean PointOfSale.Test.Services.IProductMarkdownConfigurationServiceTest/UpsertProductMarkdownData/<GetEnumerator>d__1::MoveNext()
FNDA:0,System.Boolean PointOfSale.Test.Services.IProductMarkdownConfigurationServiceTest/UpsertProductMarkdownData/<GetEnumerator>d__1::MoveNext()
DA:36,0
DA:37,0
DA:38,0
DA:39,0
LF:15
LH:0
BRF:0
BRH:0
FNF:5
FNH:0
end_of_record
SF:D:\git\PillarTechnology\checkout-order-total-kata\WebApi\Controllers\OrderController.cs
FN:21,Microsoft.AspNetCore.Mvc.ActionResult`1<PointOfSale.Services.OrderDto> PointOfSale.WebApi.OrderController::FindOrder(System.Int64)
FNDA:0,Microsoft.AspNetCore.Mvc.ActionResult`1<PointOfSale.Services.OrderDto> PointOfSale.WebApi.OrderController::FindOrder(System.Int64)
DA:22,0
DA:23,0
DA:24,0
FN:28,Microsoft.AspNetCore.Mvc.ActionResult`1<System.Decimal> PointOfSale.WebApi.OrderController::GetOrderPreTaxTotal(System.Int64)
FNDA:0,Microsoft.AspNetCore.Mvc.ActionResult`1<System.Decimal> PointOfSale.WebApi.OrderController::GetOrderPreTaxTotal(System.Int64)
DA:29,0
DA:30,0
DA:31,0
FN:35,Microsoft.AspNetCore.Mvc.ActionResult`1<PointOfSale.Services.ScannedItemDto> PointOfSale.WebApi.OrderController::AddScannedItem(System.Int64,PointOfSale.Services.ScanItemArgs)
FNDA:0,Microsoft.AspNetCore.Mvc.ActionResult`1<PointOfSale.Services.ScannedItemDto> PointOfSale.WebApi.OrderController::AddScannedItem(System.Int64,PointOfSale.Services.ScanItemArgs)
DA:36,0
DA:37,0
DA:38,0
DA:39,0
FN:43,Microsoft.AspNetCore.Mvc.ActionResult`1<PointOfSale.Services.ScannedItemDto> PointOfSale.WebApi.OrderController::AddWeightedScannedItem(System.Int64,PointOfSale.Services.ScanWeightedItemArgs)
FNDA:0,Microsoft.AspNetCore.Mvc.ActionResult`1<PointOfSale.Services.ScannedItemDto> PointOfSale.WebApi.OrderController::AddWeightedScannedItem(System.Int64,PointOfSale.Services.ScanWeightedItemArgs)
DA:44,0
DA:45,0
DA:46,0
DA:47,0
FN:51,Microsoft.AspNetCore.Mvc.ActionResult`1<PointOfSale.Services.ScannedItemDto> PointOfSale.WebApi.OrderController::RemoveScannedItem(System.Int64,System.Int32)
FNDA:0,Microsoft.AspNetCore.Mvc.ActionResult`1<PointOfSale.Services.ScannedItemDto> PointOfSale.WebApi.OrderController::RemoveScannedItem(System.Int64,System.Int32)
DA:52,0
DA:53,0
DA:54,0
DA:55,0
DA:56,0
DA:57,0
DA:59,0
DA:60,0
FN:12,System.Void PointOfSale.WebApi.OrderController::.ctor(PointOfSale.Services.ICheckoutService,PointOfSale.Services.IOrderService)
FNDA:0,System.Void PointOfSale.WebApi.OrderController::.ctor(PointOfSale.Services.ICheckoutService,PointOfSale.Services.IOrderService)
DA:13,0
DA:14,0
DA:15,0
DA:16,0
DA:17,0
LF:27
LH:0
BRF:0
BRH:0
FNF:6
FNH:0
end_of_record
SF:D:\git\PillarTechnology\checkout-order-total-kata\WebApi\Controllers\ProductController.cs
FN:33,Microsoft.AspNetCore.Mvc.ActionResult`1<PointOfSale.Services.ProductDto> PointOfSale.WebApi.ProductController::CreateProduct(PointOfSale.Services.UpsertProductArgs)
FNDA:1,Microsoft.AspNetCore.Mvc.ActionResult`1<PointOfSale.Services.ProductDto> PointOfSale.WebApi.ProductController::CreateProduct(PointOfSale.Services.UpsertProductArgs)
DA:34,1
DA:35,1
DA:36,1
FN:40,Microsoft.AspNetCore.Mvc.ActionResult`1<PointOfSale.Services.ProductDto> PointOfSale.WebApi.ProductController::FindProduct(System.String)
FNDA:0,Microsoft.AspNetCore.Mvc.ActionResult`1<PointOfSale.Services.ProductDto> PointOfSale.WebApi.ProductController::FindProduct(System.String)
DA:41,0
DA:42,0
DA:43,0
FN:47,Microsoft.AspNetCore.Mvc.ActionResult`1<PointOfSale.Services.ProductDto> PointOfSale.WebApi.ProductController::UpdateProduct(System.String,PointOfSale.Services.UpsertProductArgs)
FNDA:0,Microsoft.AspNetCore.Mvc.ActionResult`1<PointOfSale.Services.ProductDto> PointOfSale.WebApi.ProductController::UpdateProduct(System.String,PointOfSale.Services.UpsertProductArgs)
DA:48,0
DA:49,0
DA:50,0
DA:51,0
FN:55,Microsoft.AspNetCore.Mvc.ActionResult`1<PointOfSale.Services.ProductDto> PointOfSale.WebApi.ProductController::CreateMarkdown(System.String,PointOfSale.Services.UpsertProductMarkdownArgs)
FNDA:0,Microsoft.AspNetCore.Mvc.ActionResult`1<PointOfSale.Services.ProductDto> PointOfSale.WebApi.ProductController::CreateMarkdown(System.String,PointOfSale.Services.UpsertProductMarkdownArgs)
DA:56,0
DA:57,0
DA:58,0
DA:59,0
FN:63,Microsoft.AspNetCore.Mvc.ActionResult`1<PointOfSale.Services.ProductDto> PointOfSale.WebApi.ProductController::CreateSpecial(System.String,PointOfSale.Services.CreateSpecialArgs)
FNDA:0,Microsoft.AspNetCore.Mvc.ActionResult`1<PointOfSale.Services.ProductDto> PointOfSale.WebApi.ProductController::CreateSpecial(System.String,PointOfSale.Services.CreateSpecialArgs)
DA:64,0
DA:65,0
DA:66,0
DA:67,0
FN:16,System.Void PointOfSale.WebApi.ProductController::.ctor(PointOfSale.Services.IProductConfigurationService,PointOfSale.Services.IProductMarkdownConfigurationService,PointOfSale.Services.IProductService,PointOfSale.Services.IProductSpecialConfigurationService)
FNDA:1,System.Void PointOfSale.WebApi.ProductController::.ctor(PointOfSale.Services.IProductConfigurationService,PointOfSale.Services.IProductMarkdownConfigurationService,PointOfSale.Services.IProductService,PointOfSale.Services.IProductSpecialConfigurationService)
DA:17,1
DA:18,1
DA:19,1
DA:20,1
DA:21,1
DA:22,1
DA:23,1
DA:24,1
DA:25,1
DA:26,1
DA:27,1
DA:28,1
LF:30
LH:15
BRF:0
BRH:0
FNF:6
FNH:2
end_of_record
SF:D:\git\PillarTechnology\checkout-order-total-kata\WebApi\Program.cs
FN:15,System.Void PointOfSale.WebApi.Program::Main(System.String[])
FNDA:0,System.Void PointOfSale.WebApi.Program::Main(System.String[])
DA:16,0
DA:17,0
DA:18,0
FN:20,Microsoft.AspNetCore.Hosting.IWebHostBuilder PointOfSale.WebApi.Program::CreateWebHostBuilder(System.String[])
FNDA:0,Microsoft.AspNetCore.Hosting.IWebHostBuilder PointOfSale.WebApi.Program::CreateWebHostBuilder(System.String[])
DA:21,0
DA:22,0
LF:5
LH:0
BRF:0
BRH:0
FNF:2
FNH:0
end_of_record
SF:D:\git\PillarTechnology\checkout-order-total-kata\WebApi\Startup.cs
FN:20,Microsoft.Extensions.Configuration.IConfiguration PointOfSale.WebApi.Startup::get_Configuration()
FNDA:0,Microsoft.Extensions.Configuration.IConfiguration PointOfSale.WebApi.Startup::get_Configuration()
DA:21,0
FN:24,System.Void PointOfSale.WebApi.Startup::ConfigureServices(Microsoft.Extensions.DependencyInjection.IServiceCollection)
FNDA:0,System.Void PointOfSale.WebApi.Startup::ConfigureServices(Microsoft.Extensions.DependencyInjection.IServiceCollection)
DA:25,0
DA:26,0
DA:28,0
DA:30,0
DA:31,0
DA:32,0
DA:33,0
DA:35,0
DA:37,0
DA:38,0
DA:40,0
DA:41,0
DA:42,0
DA:44,0
DA:45,0
DA:47,0
DA:48,0
DA:49,0
DA:51,0
DA:52,0
DA:53,0
DA:54,0
DA:55,0
BRDA:28,21,0,0
BRDA:28,21,1,0
FN:58,System.Void PointOfSale.WebApi.Startup::Configure(Microsoft.AspNetCore.Builder.IApplicationBuilder,Microsoft.AspNetCore.Hosting.IHostingEnvironment)
FNDA:0,System.Void PointOfSale.WebApi.Startup::Configure(Microsoft.AspNetCore.Builder.IApplicationBuilder,Microsoft.AspNetCore.Hosting.IHostingEnvironment)
DA:59,0
DA:60,0
DA:61,0
DA:62,0
DA:63,0
DA:65,0
DA:66,0
DA:67,0
DA:69,0
DA:70,0
DA:71,0
BRDA:60,9,0,0
BRDA:60,9,1,0
FN:15,System.Void PointOfSale.WebApi.Startup::.ctor(Microsoft.Extensions.Configuration.IConfiguration)
FNDA:0,System.Void PointOfSale.WebApi.Startup::.ctor(Microsoft.Extensions.Configuration.IConfiguration)
DA:16,0
DA:17,0
DA:18,0
DA:19,0
LF:39
LH:0
BRF:4
BRH:0
FNF:4
FNH:0
end_of_record