SF:D:\git\PillarTechnology\checkout-order-total-kata\PillarTechnology.GroceryPointOfSale.ApplicationServiceImplementations\product-configuration\validators\CreateProductDtoValidator.cs
FN:18,System.Void PillarTechnology.GroceryPointOfSale.ApplicationServices.CreateProductDtoValidator::CreateRules()
FNDA:12,System.Void PillarTechnology.GroceryPointOfSale.ApplicationServices.CreateProductDtoValidator::CreateRules()
DA:19,12
DA:20,12
DA:22,12
DA:23,12
DA:24,21
DA:26,12
DA:27,12
DA:28,12
DA:30,12
DA:31,12
DA:32,21
DA:33,12
FN:11,System.Void PillarTechnology.GroceryPointOfSale.ApplicationServices.CreateProductDtoValidator::.ctor(PillarTechnology.GroceryPointOfSale.Domain.IProductRepository)
FNDA:12,System.Void PillarTechnology.GroceryPointOfSale.ApplicationServices.CreateProductDtoValidator::.ctor(PillarTechnology.GroceryPointOfSale.Domain.IProductRepository)
DA:12,12
DA:13,12
DA:14,12
DA:15,12
DA:16,12
LF:17
LH:17
BRF:0
BRH:0
FNF:2
FNH:2
end_of_record
SF:D:\git\PillarTechnology\checkout-order-total-kata\PillarTechnology.GroceryPointOfSale.ApplicationServiceImplementations\product-configuration\validators\UpdateProductDtoValidator.cs
FN:18,System.Void PillarTechnology.GroceryPointOfSale.ApplicationServices.UpdateProductDtoValidator::CreateRules()
FNDA:12,System.Void PillarTechnology.GroceryPointOfSale.ApplicationServices.UpdateProductDtoValidator::CreateRules()
DA:19,12
DA:20,12
DA:22,12
DA:23,12
DA:24,21
DA:26,12
DA:27,12
DA:28,12
DA:30,12
DA:31,12
DA:32,21
DA:33,12
FN:11,System.Void PillarTechnology.GroceryPointOfSale.ApplicationServices.UpdateProductDtoValidator::.ctor(PillarTechnology.GroceryPointOfSale.Domain.IProductRepository)
FNDA:12,System.Void PillarTechnology.GroceryPointOfSale.ApplicationServices.UpdateProductDtoValidator::.ctor(PillarTechnology.GroceryPointOfSale.Domain.IProductRepository)
DA:12,12
DA:13,12
DA:14,12
DA:15,12
DA:16,12
LF:17
LH:17
BRF:0
BRH:0
FNF:2
FNH:2
end_of_record
SF:D:\git\PillarTechnology\checkout-order-total-kata\PillarTechnology.GroceryPointOfSale.ApplicationServiceImplementations\product-configuration\validators\UpsertProductMarkdownDtoValidator.cs
FN:18,System.Void PillarTechnology.GroceryPointOfSale.ApplicationServices.UpsertProductMarkdownDtoValidator::CreateRules()
FNDA:7,System.Void PillarTechnology.GroceryPointOfSale.ApplicationServices.UpsertProductMarkdownDtoValidator::CreateRules()
DA:19,7
DA:20,7
DA:21,7
DA:22,11
DA:24,7
FN:11,System.Void PillarTechnology.GroceryPointOfSale.ApplicationServices.UpsertProductMarkdownDtoValidator::.ctor(PillarTechnology.GroceryPointOfSale.Domain.IProductRepository)
FNDA:7,System.Void PillarTechnology.GroceryPointOfSale.ApplicationServices.UpsertProductMarkdownDtoValidator::.ctor(PillarTechnology.GroceryPointOfSale.Domain.IProductRepository)
DA:12,7
DA:13,7
DA:14,7
DA:15,7
DA:16,7
LF:10
LH:10
BRF:0
BRH:0
FNF:2
FNH:2
end_of_record
SF:D:\git\PillarTechnology\checkout-order-total-kata\PillarTechnology.GroceryPointOfSale.ApplicationServiceImplementations\automapper\AutoMapperConfiguration.cs
FN:22,AutoMapper.IMapper PillarTechnology.GroceryPointOfSale.ApplicationServiceImplementations.Mapping::get_Mapper()
FNDA:0,AutoMapper.IMapper PillarTechnology.GroceryPointOfSale.ApplicationServiceImplementations.Mapping::get_Mapper()
DA:23,0
FN:10,System.Void PillarTechnology.GroceryPointOfSale.ApplicationServiceImplementations.Mapping::.cctor()
FNDA:0,System.Void PillarTechnology.GroceryPointOfSale.ApplicationServiceImplementations.Mapping::.cctor()
DA:11,0
DA:12,0
DA:13,0
DA:14,0
DA:15,0
DA:16,0
DA:17,0
DA:18,0
DA:19,0
DA:20,0
DA:21,0
LF:12
LH:0
BRF:4
BRH:0
FNF:2
FNH:0
end_of_record
SF:D:\git\PillarTechnology\checkout-order-total-kata\PillarTechnology.GroceryPointOfSale.ApplicationServiceImplementations\automapper\MappingProfile.cs
FN:8,System.Void PillarTechnology.GroceryPointOfSale.ApplicationServiceImplementations.MappingProfile::.ctor()
FNDA:31,System.Void PillarTechnology.GroceryPointOfSale.ApplicationServiceImplementations.MappingProfile::.ctor()
DA:9,31
DA:10,31
DA:11,31
DA:12,31
DA:13,31
DA:14,31
LF:6
LH:6
BRF:0
BRH:0
FNF:1
FNH:1
end_of_record
SF:D:\git\PillarTechnology\checkout-order-total-kata\PillarTechnology.GroceryPointOfSale.ApplicationServiceImplementations\checkout\CheckoutService.cs
FN:18,PillarTechnology.GroceryPointOfSale.Domain.IScannable PillarTechnology.GroceryPointOfSale.ApplicationServiceImplementations.CheckoutService::RemoveScannedItem(System.Int64,System.Int32)
FNDA:1,PillarTechnology.GroceryPointOfSale.Domain.IScannable PillarTechnology.GroceryPointOfSale.ApplicationServiceImplementations.CheckoutService::RemoveScannedItem(System.Int64,System.Int32)
DA:19,1
DA:20,1
DA:22,1
DA:23,1
DA:25,1
DA:26,1
FN:28,PillarTechnology.GroceryPointOfSale.Domain.IScannable PillarTechnology.GroceryPointOfSale.ApplicationServiceImplementations.CheckoutService::ScanItem(System.Int64,System.String)
FNDA:2,PillarTechnology.GroceryPointOfSale.Domain.IScannable PillarTechnology.GroceryPointOfSale.ApplicationServiceImplementations.CheckoutService::ScanItem(System.Int64,System.String)
DA:29,2
DA:30,2
DA:31,2
DA:32,2
DA:34,2
DA:35,1
FN:37,PillarTechnology.GroceryPointOfSale.Domain.IScannable PillarTechnology.GroceryPointOfSale.ApplicationServiceImplementations.CheckoutService::ScanItem(System.Int64,System.String,System.Decimal)
FNDA:2,PillarTechnology.GroceryPointOfSale.Domain.IScannable PillarTechnology.GroceryPointOfSale.ApplicationServiceImplementations.CheckoutService::ScanItem(System.Int64,System.String,System.Decimal)
DA:38,2
DA:39,2
DA:40,2
DA:41,2
DA:43,2
DA:44,1
FN:46,PillarTechnology.GroceryPointOfSale.Domain.IScannable PillarTechnology.GroceryPointOfSale.ApplicationServiceImplementations.CheckoutService::ScanItem(System.Int64,PillarTechnology.GroceryPointOfSale.Domain.Product,PillarTechnology.GroceryPointOfSale.ApplicationServices.IScanInputValidator,PillarTechnology.GroceryPointOfSale.Domain.ScannableFactory)
FNDA:4,PillarTechnology.GroceryPointOfSale.Domain.IScannable PillarTechnology.GroceryPointOfSale.ApplicationServiceImplementations.CheckoutService::ScanItem(System.Int64,PillarTechnology.GroceryPointOfSale.Domain.Product,PillarTechnology.GroceryPointOfSale.ApplicationServices.IScanInputValidator,PillarTechnology.GroceryPointOfSale.Domain.ScannableFactory)
DA:47,4
DA:48,4
DA:50,2
DA:51,2
DA:53,2
DA:54,2
DA:56,2
DA:57,2
FN:11,System.Void PillarTechnology.GroceryPointOfSale.ApplicationServiceImplementations.CheckoutService::.ctor(PillarTechnology.GroceryPointOfSale.Domain.IOrderRepository,PillarTechnology.GroceryPointOfSale.Domain.IProductRepository)
FNDA:5,System.Void PillarTechnology.GroceryPointOfSale.ApplicationServiceImplementations.CheckoutService::.ctor(PillarTechnology.GroceryPointOfSale.Domain.IOrderRepository,PillarTechnology.GroceryPointOfSale.Domain.IProductRepository)
DA:12,5
DA:13,5
DA:14,5
DA:15,5
DA:16,5
LF:31
LH:31
BRF:0
BRH:0
FNF:5
FNH:5
end_of_record
SF:D:\git\PillarTechnology\checkout-order-total-kata\PillarTechnology.GroceryPointOfSale.ApplicationServiceImplementations\checkout\SellByUnitScanInputValidator.cs
FN:16,System.Void PillarTechnology.GroceryPointOfSale.ApplicationServiceImplementations.SellByUnitScanInputValidator::Validate()
FNDA:2,System.Void PillarTechnology.GroceryPointOfSale.ApplicationServiceImplementations.SellByUnitScanInputValidator::Validate()
DA:17,2
DA:18,2
DA:19,1
DA:20,1
BRDA:18,17,0,1
BRDA:18,17,1,1
FN:10,System.Void PillarTechnology.GroceryPointOfSale.ApplicationServiceImplementations.SellByUnitScanInputValidator::.ctor(PillarTechnology.GroceryPointOfSale.Domain.Product)
FNDA:2,System.Void PillarTechnology.GroceryPointOfSale.ApplicationServiceImplementations.SellByUnitScanInputValidator::.ctor(PillarTechnology.GroceryPointOfSale.Domain.Product)
DA:11,2
DA:12,2
DA:13,2
DA:14,2
LF:8
LH:8
BRF:2
BRH:2
FNF:2
FNH:2
end_of_record
SF:D:\git\PillarTechnology\checkout-order-total-kata\PillarTechnology.GroceryPointOfSale.ApplicationServiceImplementations\checkout\SellByWeightScanInputValidator.cs
FN:16,System.Void PillarTechnology.GroceryPointOfSale.ApplicationServiceImplementations.SellByWeightScanInputValidator::Validate()
FNDA:2,System.Void PillarTechnology.GroceryPointOfSale.ApplicationServiceImplementations.SellByWeightScanInputValidator::Validate()
DA:17,2
DA:18,2
DA:19,1
DA:20,1
BRDA:18,17,0,1
BRDA:18,17,1,1
FN:10,System.Void PillarTechnology.GroceryPointOfSale.ApplicationServiceImplementations.SellByWeightScanInputValidator::.ctor(PillarTechnology.GroceryPointOfSale.Domain.Product,System.Decimal)
FNDA:2,System.Void PillarTechnology.GroceryPointOfSale.ApplicationServiceImplementations.SellByWeightScanInputValidator::.ctor(PillarTechnology.GroceryPointOfSale.Domain.Product,System.Decimal)
DA:11,2
DA:12,2
DA:13,2
DA:14,2
LF:8
LH:8
BRF:2
BRH:2
FNF:2
FNH:2
end_of_record
SF:D:\git\PillarTechnology\checkout-order-total-kata\PillarTechnology.GroceryPointOfSale.ApplicationServiceImplementations\data-access\ProductService.cs
FN:19,PillarTechnology.GroceryPointOfSale.ApplicationServices.ProductDto PillarTechnology.GroceryPointOfSale.ApplicationServiceImplementations.ProductService::FindProduct(System.String)
FNDA:0,PillarTechnology.GroceryPointOfSale.ApplicationServices.ProductDto PillarTechnology.GroceryPointOfSale.ApplicationServiceImplementations.ProductService::FindProduct(System.String)
DA:20,0
DA:21,0
DA:22,0
DA:23,0
FN:12,System.Void PillarTechnology.GroceryPointOfSale.ApplicationServiceImplementations.ProductService::.ctor(AutoMapper.IMapper,PillarTechnology.GroceryPointOfSale.Domain.IProductRepository)
FNDA:31,System.Void PillarTechnology.GroceryPointOfSale.ApplicationServiceImplementations.ProductService::.ctor(AutoMapper.IMapper,PillarTechnology.GroceryPointOfSale.Domain.IProductRepository)
DA:13,31
DA:14,31
DA:15,31
DA:16,31
DA:17,31
LF:9
LH:5
BRF:0
BRH:0
FNF:2
FNH:1
end_of_record
SF:D:\git\PillarTechnology\checkout-order-total-kata\PillarTechnology.GroceryPointOfSale.ApplicationServiceImplementations\product-configuration\ProductConfigurationService.cs
FN:21,PillarTechnology.GroceryPointOfSale.ApplicationServices.ProductDto PillarTechnology.GroceryPointOfSale.ApplicationServiceImplementations.ProductConfigurationService::CreateProduct(PillarTechnology.GroceryPointOfSale.ApplicationServices.UpsertProductDto)
FNDA:12,PillarTechnology.GroceryPointOfSale.ApplicationServices.ProductDto PillarTechnology.GroceryPointOfSale.ApplicationServiceImplementations.ProductConfigurationService::CreateProduct(PillarTechnology.GroceryPointOfSale.ApplicationServices.UpsertProductDto)
DA:22,12
DA:23,12
DA:25,2
DA:26,2
DA:28,2
DA:29,2
FN:31,PillarTechnology.GroceryPointOfSale.ApplicationServices.ProductDto PillarTechnology.GroceryPointOfSale.ApplicationServiceImplementations.ProductConfigurationService::UpdateProduct(PillarTechnology.GroceryPointOfSale.ApplicationServices.UpsertProductDto)
FNDA:12,PillarTechnology.GroceryPointOfSale.ApplicationServices.ProductDto PillarTechnology.GroceryPointOfSale.ApplicationServiceImplementations.ProductConfigurationService::UpdateProduct(PillarTechnology.GroceryPointOfSale.ApplicationServices.UpsertProductDto)
DA:32,12
DA:33,12
DA:35,2
DA:36,2
DA:37,2
DA:39,2
DA:40,2
FN:42,PillarTechnology.GroceryPointOfSale.ApplicationServices.ProductDto PillarTechnology.GroceryPointOfSale.ApplicationServiceImplementations.ProductConfigurationService::UpsertProductMarkdown(PillarTechnology.GroceryPointOfSale.ApplicationServices.UpsertProductMarkdownDto)
FNDA:7,PillarTechnology.GroceryPointOfSale.ApplicationServices.ProductDto PillarTechnology.GroceryPointOfSale.ApplicationServiceImplementations.ProductConfigurationService::UpsertProductMarkdown(PillarTechnology.GroceryPointOfSale.ApplicationServices.UpsertProductMarkdownDto)
DA:43,7
DA:44,7
DA:46,3
DA:48,3
DA:49,3
DA:51,0
DA:53,3
DA:55,3
DA:56,3
BRDA:48,49,0,3
BRDA:48,49,1,0
FN:58,System.Void PillarTechnology.GroceryPointOfSale.ApplicationServiceImplementations.ProductConfigurationService::Validate(System.Object,FluentValidation.IValidator)
FNDA:31,System.Void PillarTechnology.GroceryPointOfSale.ApplicationServiceImplementations.ProductConfigurationService::Validate(System.Object,FluentValidation.IValidator)
DA:59,31
DA:60,31
DA:62,31
DA:63,54
DA:64,7
BRDA:62,20,0,24
BRDA:63,39,0,1
BRDA:63,39,1,24
BRDA:62,20,1,7
FN:14,System.Void PillarTechnology.GroceryPointOfSale.ApplicationServiceImplementations.ProductConfigurationService::.ctor(AutoMapper.IMapper,PillarTechnology.GroceryPointOfSale.Domain.IProductRepository)
FNDA:31,System.Void PillarTechnology.GroceryPointOfSale.ApplicationServiceImplementations.ProductConfigurationService::.ctor(AutoMapper.IMapper,PillarTechnology.GroceryPointOfSale.Domain.IProductRepository)
DA:15,31
DA:16,31
DA:17,31
DA:18,31
DA:19,31
LF:32
LH:31
BRF:6
BRH:5
FNF:5
FNH:5
end_of_record
SF:D:\git\PillarTechnology\checkout-order-total-kata\PillarTechnology.GroceryPointOfSale.ApplicationServices\product-configuration\MarkdownDto.cs
FN:6,System.Decimal PillarTechnology.GroceryPointOfSale.ApplicationServices.MarkdownDto::get_AmountOffRetail()
FNDA:6,System.Decimal PillarTechnology.GroceryPointOfSale.ApplicationServices.MarkdownDto::get_AmountOffRetail()
DA:7,6
FN:7,System.DateTime PillarTechnology.GroceryPointOfSale.ApplicationServices.MarkdownDto::get_StartTime()
FNDA:6,System.DateTime PillarTechnology.GroceryPointOfSale.ApplicationServices.MarkdownDto::get_StartTime()
DA:8,6
FN:8,System.DateTime PillarTechnology.GroceryPointOfSale.ApplicationServices.MarkdownDto::get_EndTime()
FNDA:6,System.DateTime PillarTechnology.GroceryPointOfSale.ApplicationServices.MarkdownDto::get_EndTime()
DA:9,6
LF:3
LH:3
BRF:0
BRH:0
FNF:3
FNH:3
end_of_record
SF:D:\git\PillarTechnology\checkout-order-total-kata\PillarTechnology.GroceryPointOfSale.ApplicationServices\product-configuration\ProductDto.cs
FN:6,System.String PillarTechnology.GroceryPointOfSale.ApplicationServices.ProductDto::get_Name()
FNDA:11,System.String PillarTechnology.GroceryPointOfSale.ApplicationServices.ProductDto::get_Name()
DA:7,11
FN:7,System.Decimal PillarTechnology.GroceryPointOfSale.ApplicationServices.ProductDto::get_RetailPrice()
FNDA:11,System.Decimal PillarTechnology.GroceryPointOfSale.ApplicationServices.ProductDto::get_RetailPrice()
DA:8,11
FN:8,System.String PillarTechnology.GroceryPointOfSale.ApplicationServices.ProductDto::get_SellByType()
FNDA:11,System.String PillarTechnology.GroceryPointOfSale.ApplicationServices.ProductDto::get_SellByType()
DA:9,11
FN:9,PillarTechnology.GroceryPointOfSale.ApplicationServices.MarkdownDto PillarTechnology.GroceryPointOfSale.ApplicationServices.ProductDto::get_Markdown()
FNDA:16,PillarTechnology.GroceryPointOfSale.ApplicationServices.MarkdownDto PillarTechnology.GroceryPointOfSale.ApplicationServices.ProductDto::get_Markdown()
DA:10,16
LF:4
LH:4
BRF:0
BRH:0
FNF:4
FNH:4
end_of_record
SF:D:\git\PillarTechnology\checkout-order-total-kata\PillarTechnology.GroceryPointOfSale.ApplicationServices\product-configuration\UpsertProductDto.cs
FN:6,System.String PillarTechnology.GroceryPointOfSale.ApplicationServices.UpsertProductDto::get_Name()
FNDA:74,System.String PillarTechnology.GroceryPointOfSale.ApplicationServices.UpsertProductDto::get_Name()
DA:7,74
FN:7,System.Nullable`1<System.Decimal> PillarTechnology.GroceryPointOfSale.ApplicationServices.UpsertProductDto::get_RetailPrice()
FNDA:78,System.Nullable`1<System.Decimal> PillarTechnology.GroceryPointOfSale.ApplicationServices.UpsertProductDto::get_RetailPrice()
DA:8,78
FN:8,System.String PillarTechnology.GroceryPointOfSale.ApplicationServices.UpsertProductDto::get_SellByType()
FNDA:74,System.String PillarTechnology.GroceryPointOfSale.ApplicationServices.UpsertProductDto::get_SellByType()
DA:9,74
FN:10,System.Void PillarTechnology.GroceryPointOfSale.ApplicationServices.UpsertProductDto::.ctor()
FNDA:0,System.Void PillarTechnology.GroceryPointOfSale.ApplicationServices.UpsertProductDto::.ctor()
DA:11,0
DA:12,0
DA:13,0
FN:14,System.Void PillarTechnology.GroceryPointOfSale.ApplicationServices.UpsertProductDto::.ctor(System.String,System.Nullable`1<System.Decimal>,System.String)
FNDA:24,System.Void PillarTechnology.GroceryPointOfSale.ApplicationServices.UpsertProductDto::.ctor(System.String,System.Nullable`1<System.Decimal>,System.String)
DA:15,24
DA:16,24
DA:17,24
DA:18,24
DA:19,24
DA:20,24
LF:12
LH:9
BRF:0
BRH:0
FNF:5
FNH:4
end_of_record
SF:D:\git\PillarTechnology\checkout-order-total-kata\PillarTechnology.GroceryPointOfSale.ApplicationServices\product-configuration\UpsertProductMarkdownDto.cs
FN:6,System.String PillarTechnology.GroceryPointOfSale.ApplicationServices.UpsertProductMarkdownDto::get_ProductName()
FNDA:21,System.String PillarTechnology.GroceryPointOfSale.ApplicationServices.UpsertProductMarkdownDto::get_ProductName()
DA:7,21
FN:7,System.Nullable`1<System.Decimal> PillarTechnology.GroceryPointOfSale.ApplicationServices.UpsertProductMarkdownDto::get_AmountOffRetail()
FNDA:10,System.Nullable`1<System.Decimal> PillarTechnology.GroceryPointOfSale.ApplicationServices.UpsertProductMarkdownDto::get_AmountOffRetail()
DA:8,10
FN:8,System.DateTime PillarTechnology.GroceryPointOfSale.ApplicationServices.UpsertProductMarkdownDto::get_StartTime()
FNDA:10,System.DateTime PillarTechnology.GroceryPointOfSale.ApplicationServices.UpsertProductMarkdownDto::get_StartTime()
DA:9,10
FN:9,System.DateTime PillarTechnology.GroceryPointOfSale.ApplicationServices.UpsertProductMarkdownDto::get_EndTime()
FNDA:10,System.DateTime PillarTechnology.GroceryPointOfSale.ApplicationServices.UpsertProductMarkdownDto::get_EndTime()
DA:10,10
FN:11,System.Void PillarTechnology.GroceryPointOfSale.ApplicationServices.UpsertProductMarkdownDto::.ctor()
FNDA:0,System.Void PillarTechnology.GroceryPointOfSale.ApplicationServices.UpsertProductMarkdownDto::.ctor()
DA:12,0
DA:13,0
DA:14,0
FN:15,System.Void PillarTechnology.GroceryPointOfSale.ApplicationServices.UpsertProductMarkdownDto::.ctor(System.String,System.Nullable`1<System.Decimal>,System.DateTime,System.DateTime)
FNDA:7,System.Void PillarTechnology.GroceryPointOfSale.ApplicationServices.UpsertProductMarkdownDto::.ctor(System.String,System.Nullable`1<System.Decimal>,System.DateTime,System.DateTime)
DA:16,7
DA:17,7
DA:18,7
DA:19,7
DA:20,7
DA:21,7
DA:22,7
LF:14
LH:11
BRF:0
BRH:0
FNF:6
FNH:5
end_of_record
SF:D:\git\PillarTechnology\checkout-order-total-kata\PillarTechnology.GroceryPointOfSale.Domain\factories\EachesLineItemFactory.cs
FN:12,PillarTechnology.GroceryPointOfSale.Domain.LineItem PillarTechnology.GroceryPointOfSale.Domain.EachesLineItemFactory::CreateLineItem()
FNDA:396,PillarTechnology.GroceryPointOfSale.Domain.LineItem PillarTechnology.GroceryPointOfSale.Domain.EachesLineItemFactory::CreateLineItem()
DA:13,396
DA:14,396
DA:15,391
FN:6,System.Void PillarTechnology.GroceryPointOfSale.Domain.EachesLineItemFactory::.ctor(PillarTechnology.GroceryPointOfSale.Domain.IScannable)
FNDA:392,System.Void PillarTechnology.GroceryPointOfSale.Domain.EachesLineItemFactory::.ctor(PillarTechnology.GroceryPointOfSale.Domain.IScannable)
DA:7,392
DA:8,392
DA:9,391
DA:10,394
LF:7
LH:7
BRF:0
BRH:0
FNF:2
FNH:2
end_of_record
SF:D:\git\PillarTechnology\checkout-order-total-kata\PillarTechnology.GroceryPointOfSale.Domain\factories\WeightedLineItemFactory.cs
FN:12,PillarTechnology.GroceryPointOfSale.Domain.LineItem PillarTechnology.GroceryPointOfSale.Domain.WeightedLineItemFactory::CreateLineItem()
FNDA:105,PillarTechnology.GroceryPointOfSale.Domain.LineItem PillarTechnology.GroceryPointOfSale.Domain.WeightedLineItemFactory::CreateLineItem()
DA:13,105
DA:14,105
DA:15,104
FN:6,System.Void PillarTechnology.GroceryPointOfSale.Domain.WeightedLineItemFactory::.ctor(PillarTechnology.GroceryPointOfSale.Domain.WeightedItem)
FNDA:103,System.Void PillarTechnology.GroceryPointOfSale.Domain.WeightedLineItemFactory::.ctor(PillarTechnology.GroceryPointOfSale.Domain.WeightedItem)
DA:7,103
DA:8,103
DA:9,104
DA:10,106
LF:7
LH:7
BRF:0
BRH:0
FNF:2
FNH:2
end_of_record
SF:D:\git\PillarTechnology\checkout-order-total-kata\PillarTechnology.GroceryPointOfSale.Domain\models\Invoice.cs
FN:8,System.Int64 PillarTechnology.GroceryPointOfSale.Domain.Invoice::get_OrderId()
FNDA:0,System.Int64 PillarTechnology.GroceryPointOfSale.Domain.Invoice::get_OrderId()
DA:9,0
FN:9,System.Collections.Generic.ICollection`1<PillarTechnology.GroceryPointOfSale.Domain.LineItem> PillarTechnology.GroceryPointOfSale.Domain.Invoice::get_LineItems()
FNDA:91,System.Collections.Generic.ICollection`1<PillarTechnology.GroceryPointOfSale.Domain.LineItem> PillarTechnology.GroceryPointOfSale.Domain.Invoice::get_LineItems()
DA:10,91
FN:10,NodaMoney.Money PillarTechnology.GroceryPointOfSale.Domain.Invoice::get_PreTaxTotal()
FNDA:94,NodaMoney.Money PillarTechnology.GroceryPointOfSale.Domain.Invoice::get_PreTaxTotal()
DA:11,94
FN:20,System.String PillarTechnology.GroceryPointOfSale.Domain.Invoice::ToString()
FNDA:0,System.String PillarTechnology.GroceryPointOfSale.Domain.Invoice::ToString()
DA:21,0
DA:22,0
DA:23,0
FN:25,NodaMoney.Money PillarTechnology.GroceryPointOfSale.Domain.Invoice::CalculatePreTaxTotal(System.Collections.Generic.ICollection`1<PillarTechnology.GroceryPointOfSale.Domain.LineItem>)
FNDA:93,NodaMoney.Money PillarTechnology.GroceryPointOfSale.Domain.Invoice::CalculatePreTaxTotal(System.Collections.Generic.ICollection`1<PillarTechnology.GroceryPointOfSale.Domain.LineItem>)
DA:26,93
DA:27,573
DA:28,95
BRDA:27,8,0,1
BRDA:27,8,1,93
FN:30,System.Collections.Generic.ICollection`1<PillarTechnology.GroceryPointOfSale.Domain.LineItem> PillarTechnology.GroceryPointOfSale.Domain.Invoice::CreateLineItems(System.Collections.Generic.IEnumerable`1<PillarTechnology.GroceryPointOfSale.Domain.IScannable>)
FNDA:92,System.Collections.Generic.ICollection`1<PillarTechnology.GroceryPointOfSale.Domain.LineItem> PillarTechnology.GroceryPointOfSale.Domain.Invoice::CreateLineItems(System.Collections.Generic.IEnumerable`1<PillarTechnology.GroceryPointOfSale.Domain.IScannable>)
DA:31,92
DA:32,588
DA:33,480
DA:35,585
DA:36,197
DA:37,95
DA:39,92
DA:40,94
BRDA:32,8,0,2
BRDA:32,8,1,93
BRDA:32,44,0,1
BRDA:32,44,1,95
BRDA:35,88,0,1
BRDA:35,88,1,95
BRDA:35,124,0,1
BRDA:35,124,1,93
FN:12,System.Void PillarTechnology.GroceryPointOfSale.Domain.Invoice::.ctor(PillarTechnology.GroceryPointOfSale.Domain.Order)
FNDA:88,System.Void PillarTechnology.GroceryPointOfSale.Domain.Invoice::.ctor(PillarTechnology.GroceryPointOfSale.Domain.Order)
DA:13,88
DA:14,89
DA:15,88
DA:16,90
DA:17,90
DA:18,94
LF:23
LH:19
BRF:10
BRH:10
FNF:7
FNH:5
end_of_record
SF:D:\git\PillarTechnology\checkout-order-total-kata\PillarTechnology.GroceryPointOfSale.Domain\models\Item.cs
FN:6,System.Int32 PillarTechnology.GroceryPointOfSale.Domain.Item::get_Id()
FNDA:997,System.Int32 PillarTechnology.GroceryPointOfSale.Domain.Item::get_Id()
DA:7,997
FN:8,PillarTechnology.GroceryPointOfSale.Domain.Product PillarTechnology.GroceryPointOfSale.Domain.Item::get_Product()
FNDA:5876,PillarTechnology.GroceryPointOfSale.Domain.Product PillarTechnology.GroceryPointOfSale.Domain.Item::get_Product()
DA:9,5876
FN:16,System.String PillarTechnology.GroceryPointOfSale.Domain.Item::ToString()
FNDA:0,System.String PillarTechnology.GroceryPointOfSale.Domain.Item::ToString()
DA:17,0
DA:18,0
DA:19,0
FN:10,System.Void PillarTechnology.GroceryPointOfSale.Domain.Item::.ctor(PillarTechnology.GroceryPointOfSale.Domain.Product)
FNDA:121,System.Void PillarTechnology.GroceryPointOfSale.Domain.Item::.ctor(PillarTechnology.GroceryPointOfSale.Domain.Product)
DA:11,121
DA:12,121
DA:13,121
DA:14,122
LF:9
LH:6
BRF:0
BRH:0
FNF:4
FNH:3
end_of_record
SF:D:\git\PillarTechnology\checkout-order-total-kata\PillarTechnology.GroceryPointOfSale.Domain\models\LineItem.cs
FN:6,System.String PillarTechnology.GroceryPointOfSale.Domain.LineItem::get_ProductName()
FNDA:0,System.String PillarTechnology.GroceryPointOfSale.Domain.LineItem::get_ProductName()
DA:7,0
FN:7,NodaMoney.Money PillarTechnology.GroceryPointOfSale.Domain.LineItem::get_SalePrice()
FNDA:491,NodaMoney.Money PillarTechnology.GroceryPointOfSale.Domain.LineItem::get_SalePrice()
DA:8,491
FN:8,System.Nullable`1<System.Int32> PillarTechnology.GroceryPointOfSale.Domain.LineItem::get_ScannedItemId()
FNDA:503,System.Nullable`1<System.Int32> PillarTechnology.GroceryPointOfSale.Domain.LineItem::get_ScannedItemId()
DA:9,503
FN:18,System.String PillarTechnology.GroceryPointOfSale.Domain.LineItem::ToString()
FNDA:0,System.String PillarTechnology.GroceryPointOfSale.Domain.LineItem::ToString()
DA:19,0
DA:20,0
DA:21,0
FN:10,System.Void PillarTechnology.GroceryPointOfSale.Domain.LineItem::.ctor(System.String,NodaMoney.Money,System.Nullable`1<System.Int32>)
FNDA:503,System.Void PillarTechnology.GroceryPointOfSale.Domain.LineItem::.ctor(System.String,NodaMoney.Money,System.Nullable`1<System.Int32>)
DA:11,503
DA:12,500
DA:13,502
DA:14,497
DA:15,498
DA:16,497
LF:12
LH:8
BRF:0
BRH:0
FNF:5
FNH:3
end_of_record
SF:D:\git\PillarTechnology\checkout-order-total-kata\PillarTechnology.GroceryPointOfSale.Domain\models\Markdown.cs
FN:7,NodaMoney.Money PillarTechnology.GroceryPointOfSale.Domain.Markdown::get_AmountOffRetail()
FNDA:6,NodaMoney.Money PillarTechnology.GroceryPointOfSale.Domain.Markdown::get_AmountOffRetail()
DA:8,6
FN:8,System.DateTime PillarTechnology.GroceryPointOfSale.Domain.Markdown::get_StartTime()
FNDA:6,System.DateTime PillarTechnology.GroceryPointOfSale.Domain.Markdown::get_StartTime()
DA:9,6
FN:9,System.DateTime PillarTechnology.GroceryPointOfSale.Domain.Markdown::get_EndTime()
FNDA:6,System.DateTime PillarTechnology.GroceryPointOfSale.Domain.Markdown::get_EndTime()
DA:10,6
LF:3
LH:3
BRF:0
BRH:0
FNF:3
FNH:3
end_of_record
SF:D:\git\PillarTechnology\checkout-order-total-kata\PillarTechnology.GroceryPointOfSale.Domain\models\Order.cs
FN:11,System.Int64 PillarTechnology.GroceryPointOfSale.Domain.Order::get_Id()
FNDA:159,System.Int64 PillarTechnology.GroceryPointOfSale.Domain.Order::get_Id()
DA:12,159
FN:12,System.Collections.Generic.IEnumerable`1<PillarTechnology.GroceryPointOfSale.Domain.IScannable> PillarTechnology.GroceryPointOfSale.Domain.Order::get_ScannedItems()
FNDA:315,System.Collections.Generic.IEnumerable`1<PillarTechnology.GroceryPointOfSale.Domain.IScannable> PillarTechnology.GroceryPointOfSale.Domain.Order::get_ScannedItems()
DA:13,315
FN:13,PillarTechnology.GroceryPointOfSale.Domain.Invoice PillarTechnology.GroceryPointOfSale.Domain.Order::get_Invoice()
FNDA:98,PillarTechnology.GroceryPointOfSale.Domain.Invoice PillarTechnology.GroceryPointOfSale.Domain.Order::get_Invoice()
DA:14,98
FN:21,PillarTechnology.GroceryPointOfSale.Domain.Order PillarTechnology.GroceryPointOfSale.Domain.Order::AddScannable(PillarTechnology.GroceryPointOfSale.Domain.IScannable)
FNDA:92,PillarTechnology.GroceryPointOfSale.Domain.Order PillarTechnology.GroceryPointOfSale.Domain.Order::AddScannable(PillarTechnology.GroceryPointOfSale.Domain.IScannable)
DA:22,92
DA:23,92
DA:24,91
DA:25,92
DA:26,92
FN:28,PillarTechnology.GroceryPointOfSale.Domain.IScannable PillarTechnology.GroceryPointOfSale.Domain.Order::RemoveScannedItem(System.Int32)
FNDA:2,PillarTechnology.GroceryPointOfSale.Domain.IScannable PillarTechnology.GroceryPointOfSale.Domain.Order::RemoveScannedItem(System.Int32)
DA:29,2
DA:30,18
DA:31,2
DA:32,2
DA:33,2
FN:35,System.Void PillarTechnology.GroceryPointOfSale.Domain.Order::ScannedItemsChanged(System.Object,System.Collections.Specialized.NotifyCollectionChangedEventArgs)
FNDA:91,System.Void PillarTechnology.GroceryPointOfSale.Domain.Order::ScannedItemsChanged(System.Object,System.Collections.Specialized.NotifyCollectionChangedEventArgs)
DA:36,91
DA:37,91
DA:38,94
FN:9,System.Void PillarTechnology.GroceryPointOfSale.Domain.Order::.ctor()
FNDA:16,System.Void PillarTechnology.GroceryPointOfSale.Domain.Order::.ctor()
DA:10,16
DA:16,16
DA:17,17
DA:18,17
DA:19,16
FN:42,System.Int32 PillarTechnology.GroceryPointOfSale.Domain.Order/ScannedItemIdGenerator::Next(System.Collections.Generic.IEnumerable`1<PillarTechnology.GroceryPointOfSale.Domain.IScannable>)
FNDA:92,System.Int32 PillarTechnology.GroceryPointOfSale.Domain.Order/ScannedItemIdGenerator::Next(System.Collections.Generic.IEnumerable`1<PillarTechnology.GroceryPointOfSale.Domain.IScannable>)
DA:43,92
DA:44,463
DA:45,90
BRDA:44,7,0,79
BRDA:44,16,0,1
BRDA:44,16,1,79
BRDA:44,7,1,13
LF:24
LH:24
BRF:4
BRH:4
FNF:8
FNH:8
end_of_record
SF:D:\git\PillarTechnology\checkout-order-total-kata\PillarTechnology.GroceryPointOfSale.Domain\models\Product.cs
FN:11,System.String PillarTechnology.GroceryPointOfSale.Domain.Product::get_Name()
FNDA:2910,System.String PillarTechnology.GroceryPointOfSale.Domain.Product::get_Name()
DA:12,2910
FN:12,NodaMoney.Money PillarTechnology.GroceryPointOfSale.Domain.Product::get_RetailPrice()
FNDA:687,NodaMoney.Money PillarTechnology.GroceryPointOfSale.Domain.Product::get_RetailPrice()
DA:13,687
FN:13,PillarTechnology.GroceryPointOfSale.Domain.SellByType PillarTechnology.GroceryPointOfSale.Domain.Product::get_SellByType()
FNDA:1374,PillarTechnology.GroceryPointOfSale.Domain.SellByType PillarTechnology.GroceryPointOfSale.Domain.Product::get_SellByType()
DA:14,1374
FN:14,PillarTechnology.GroceryPointOfSale.Domain.Markdown PillarTechnology.GroceryPointOfSale.Domain.Product::get_Markdown()
FNDA:190,PillarTechnology.GroceryPointOfSale.Domain.Markdown PillarTechnology.GroceryPointOfSale.Domain.Product::get_Markdown()
DA:15,190
FN:16,System.Void PillarTechnology.GroceryPointOfSale.Domain.Product::.ctor()
FNDA:0,System.Void PillarTechnology.GroceryPointOfSale.Domain.Product::.ctor()
DA:17,0
DA:18,0
DA:20,0
FN:21,System.Void PillarTechnology.GroceryPointOfSale.Domain.Product::.ctor(System.String,NodaMoney.Money,PillarTechnology.GroceryPointOfSale.Domain.SellByType,PillarTechnology.GroceryPointOfSale.Domain.Markdown)
FNDA:177,System.Void PillarTechnology.GroceryPointOfSale.Domain.Product::.ctor(System.String,NodaMoney.Money,PillarTechnology.GroceryPointOfSale.Domain.SellByType,PillarTechnology.GroceryPointOfSale.Domain.Markdown)
DA:22,177
DA:23,177
DA:24,177
DA:25,176
DA:26,175
DA:27,176
DA:28,176
LF:14
LH:11
BRF:0
BRH:0
FNF:6
FNH:5
end_of_record
SF:D:\git\PillarTechnology\checkout-order-total-kata\PillarTechnology.GroceryPointOfSale.Domain\models\WeightedItem.cs
FN:6,System.Decimal PillarTechnology.GroceryPointOfSale.Domain.WeightedItem::get_Weight()
FNDA:309,System.Decimal PillarTechnology.GroceryPointOfSale.Domain.WeightedItem::get_Weight()
DA:7,309
FN:8,System.Void PillarTechnology.GroceryPointOfSale.Domain.WeightedItem::.ctor(PillarTechnology.GroceryPointOfSale.Domain.Product,System.Decimal)
FNDA:47,System.Void PillarTechnology.GroceryPointOfSale.Domain.WeightedItem::.ctor(PillarTechnology.GroceryPointOfSale.Domain.Product,System.Decimal)
DA:9,47
DA:10,46
DA:11,45
DA:12,46
LF:5
LH:5
BRF:0
BRH:0
FNF:2
FNH:2
end_of_record
SF:D:\git\PillarTechnology\checkout-order-total-kata\PillarTechnology.GroceryPointOfSale.Domain\scannable\creation\ItemFactory.cs
FN:10,PillarTechnology.GroceryPointOfSale.Domain.IScannable PillarTechnology.GroceryPointOfSale.Domain.ItemFactory::CreateScannable()
FNDA:75,PillarTechnology.GroceryPointOfSale.Domain.IScannable PillarTechnology.GroceryPointOfSale.Domain.ItemFactory::CreateScannable()
DA:11,75
DA:12,75
DA:13,76
FN:7,System.Void PillarTechnology.GroceryPointOfSale.Domain.ItemFactory::.ctor(PillarTechnology.GroceryPointOfSale.Domain.Product)
FNDA:229,System.Void PillarTechnology.GroceryPointOfSale.Domain.ItemFactory::.ctor(PillarTechnology.GroceryPointOfSale.Domain.Product)
DA:8,229
LF:4
LH:4
BRF:0
BRH:0
FNF:2
FNH:2
end_of_record
SF:D:\git\PillarTechnology\checkout-order-total-kata\PillarTechnology.GroceryPointOfSale.Domain\scannable\creation\ScannableFactory.cs
FN:7,PillarTechnology.GroceryPointOfSale.Domain.Product PillarTechnology.GroceryPointOfSale.Domain.ScannableFactory::get_Product()
FNDA:243,PillarTechnology.GroceryPointOfSale.Domain.Product PillarTechnology.GroceryPointOfSale.Domain.ScannableFactory::get_Product()
DA:8,243
FN:9,System.Void PillarTechnology.GroceryPointOfSale.Domain.ScannableFactory::.ctor(PillarTechnology.GroceryPointOfSale.Domain.Product)
FNDA:122,System.Void PillarTechnology.GroceryPointOfSale.Domain.ScannableFactory::.ctor(PillarTechnology.GroceryPointOfSale.Domain.Product)
DA:10,122
DA:11,123
DA:12,122
DA:13,121
LF:5
LH:5
BRF:0
BRH:0
FNF:2
FNH:2
end_of_record
SF:D:\git\PillarTechnology\checkout-order-total-kata\PillarTechnology.GroceryPointOfSale.Domain\scannable\creation\WeightedItemFactory.cs
FN:15,PillarTechnology.GroceryPointOfSale.Domain.IScannable PillarTechnology.GroceryPointOfSale.Domain.WeightedItemFactory::CreateScannable()
FNDA:45,PillarTechnology.GroceryPointOfSale.Domain.IScannable PillarTechnology.GroceryPointOfSale.Domain.WeightedItemFactory::CreateScannable()
DA:16,45
DA:17,46
DA:18,45
FN:9,System.Void PillarTechnology.GroceryPointOfSale.Domain.WeightedItemFactory::.ctor(PillarTechnology.GroceryPointOfSale.Domain.Product,System.Decimal)
FNDA:45,System.Void PillarTechnology.GroceryPointOfSale.Domain.WeightedItemFactory::.ctor(PillarTechnology.GroceryPointOfSale.Domain.Product,System.Decimal)
DA:10,45
DA:11,45
DA:12,45
DA:13,45
LF:7
LH:7
BRF:0
BRH:0
FNF:2
FNH:2
end_of_record
SF:D:\git\PillarTechnology\checkout-order-total-kata\PillarTechnology.GroceryPointOfSale.Infrastructure.InMemory\repositories\InMemoryOrderRepository.cs
FN:11,System.Int64 PillarTechnology.GroceryPointOfSale.Infrastructure.InMemory.InMemoryOrderRepository::GetNextId()
FNDA:12,System.Int64 PillarTechnology.GroceryPointOfSale.Infrastructure.InMemory.InMemoryOrderRepository::GetNextId()
DA:12,12
DA:13,17
DA:14,12
BRDA:13,12,0,5
BRDA:13,26,0,1
BRDA:13,26,1,5
BRDA:13,12,1,7
FN:16,PillarTechnology.GroceryPointOfSale.Domain.Order PillarTechnology.GroceryPointOfSale.Infrastructure.InMemory.InMemoryOrderRepository::CreateOrder(PillarTechnology.GroceryPointOfSale.Domain.Order)
FNDA:12,PillarTechnology.GroceryPointOfSale.Domain.Order PillarTechnology.GroceryPointOfSale.Infrastructure.InMemory.InMemoryOrderRepository::CreateOrder(PillarTechnology.GroceryPointOfSale.Domain.Order)
DA:17,12
DA:18,12
DA:19,12
DA:20,12
DA:21,12
FN:23,PillarTechnology.GroceryPointOfSale.Domain.Order PillarTechnology.GroceryPointOfSale.Infrastructure.InMemory.InMemoryOrderRepository::FindOrder(System.Int64)
FNDA:25,PillarTechnology.GroceryPointOfSale.Domain.Order PillarTechnology.GroceryPointOfSale.Infrastructure.InMemory.InMemoryOrderRepository::FindOrder(System.Int64)
DA:24,25
DA:25,59
DA:26,25
FN:28,PillarTechnology.GroceryPointOfSale.Domain.Order PillarTechnology.GroceryPointOfSale.Infrastructure.InMemory.InMemoryOrderRepository::UpdateOrder(PillarTechnology.GroceryPointOfSale.Domain.Order)
FNDA:4,PillarTechnology.GroceryPointOfSale.Domain.Order PillarTechnology.GroceryPointOfSale.Infrastructure.InMemory.InMemoryOrderRepository::UpdateOrder(PillarTechnology.GroceryPointOfSale.Domain.Order)
DA:29,4
DA:30,4
DA:31,4
FN:9,System.Void PillarTechnology.GroceryPointOfSale.Infrastructure.InMemory.InMemoryOrderRepository::.ctor()
FNDA:7,System.Void PillarTechnology.GroceryPointOfSale.Infrastructure.InMemory.InMemoryOrderRepository::.ctor()
DA:10,7
LF:15
LH:15
BRF:4
BRH:4
FNF:5
FNH:5
end_of_record
SF:D:\git\PillarTechnology\checkout-order-total-kata\PillarTechnology.GroceryPointOfSale.Infrastructure.InMemory\repositories\InMemoryProductRepository.cs
FN:12,PillarTechnology.GroceryPointOfSale.Domain.Product PillarTechnology.GroceryPointOfSale.Infrastructure.InMemory.InMemoryProductRepository::CreateProduct(PillarTechnology.GroceryPointOfSale.Domain.Product)
FNDA:120,PillarTechnology.GroceryPointOfSale.Domain.Product PillarTechnology.GroceryPointOfSale.Infrastructure.InMemory.InMemoryProductRepository::CreateProduct(PillarTechnology.GroceryPointOfSale.Domain.Product)
DA:13,120
DA:14,120
DA:15,120
DA:16,120
FN:18,System.Boolean PillarTechnology.GroceryPointOfSale.Infrastructure.InMemory.InMemoryProductRepository::Exists(System.String)
FNDA:22,System.Boolean PillarTechnology.GroceryPointOfSale.Infrastructure.InMemory.InMemoryProductRepository::Exists(System.String)
DA:19,22
DA:20,78
DA:21,22
FN:23,PillarTechnology.GroceryPointOfSale.Domain.Product PillarTechnology.GroceryPointOfSale.Infrastructure.InMemory.InMemoryProductRepository::FindProduct(System.String)
FNDA:143,PillarTechnology.GroceryPointOfSale.Domain.Product PillarTechnology.GroceryPointOfSale.Infrastructure.InMemory.InMemoryProductRepository::FindProduct(System.String)
DA:24,143
DA:25,426
DA:26,143
FN:28,PillarTechnology.GroceryPointOfSale.Domain.Product PillarTechnology.GroceryPointOfSale.Infrastructure.InMemory.InMemoryProductRepository::UpdateProduct(PillarTechnology.GroceryPointOfSale.Domain.Product)
FNDA:8,PillarTechnology.GroceryPointOfSale.Domain.Product PillarTechnology.GroceryPointOfSale.Infrastructure.InMemory.InMemoryProductRepository::UpdateProduct(PillarTechnology.GroceryPointOfSale.Domain.Product)
DA:29,8
DA:30,8
DA:31,8
FN:9,System.Void PillarTechnology.GroceryPointOfSale.Infrastructure.InMemory.InMemoryProductRepository::.ctor()
FNDA:40,System.Void PillarTechnology.GroceryPointOfSale.Infrastructure.InMemory.InMemoryProductRepository::.ctor()
DA:10,40
LF:14
LH:14
BRF:0
BRH:0
FNF:5
FNH:5
end_of_record