SF:D:\git\PillarTechnology\checkout-order-total-kata\PillarTechnology.GroceryPointOfSale.ApplicationServiceImplementations\product-configuration\validators\CreateProductDtoValidator.cs
FN:18,System.Void PillarTechnology.GroceryPointOfSale.ApplicationServices.CreateProductDtoValidator::CreateRules()
FNDA:12,System.Void PillarTechnology.GroceryPointOfSale.ApplicationServices.CreateProductDtoValidator::CreateRules()
DA:19,12
DA:20,12
DA:22,12
DA:23,12
DA:24,21
DA:26,12
DA:27,12
DA:28,12
DA:30,12
DA:31,12
DA:32,21
DA:33,12
FN:11,System.Void PillarTechnology.GroceryPointOfSale.ApplicationServices.CreateProductDtoValidator::.ctor(PillarTechnology.GroceryPointOfSale.Domain.IProductRepository)
FNDA:12,System.Void PillarTechnology.GroceryPointOfSale.ApplicationServices.CreateProductDtoValidator::.ctor(PillarTechnology.GroceryPointOfSale.Domain.IProductRepository)
DA:12,12
DA:13,12
DA:14,12
DA:15,12
DA:16,12
LF:17
LH:17
BRF:0
BRH:0
FNF:2
FNH:2
end_of_record
SF:D:\git\PillarTechnology\checkout-order-total-kata\PillarTechnology.GroceryPointOfSale.ApplicationServiceImplementations\product-configuration\validators\UpdateProductDtoValidator.cs
FN:18,System.Void PillarTechnology.GroceryPointOfSale.ApplicationServices.UpdateProductDtoValidator::CreateRules()
FNDA:12,System.Void PillarTechnology.GroceryPointOfSale.ApplicationServices.UpdateProductDtoValidator::CreateRules()
DA:19,12
DA:20,12
DA:22,12
DA:23,12
DA:24,21
DA:26,12
DA:27,12
DA:28,12
DA:30,12
DA:31,12
DA:32,21
DA:33,12
FN:11,System.Void PillarTechnology.GroceryPointOfSale.ApplicationServices.UpdateProductDtoValidator::.ctor(PillarTechnology.GroceryPointOfSale.Domain.IProductRepository)
FNDA:12,System.Void PillarTechnology.GroceryPointOfSale.ApplicationServices.UpdateProductDtoValidator::.ctor(PillarTechnology.GroceryPointOfSale.Domain.IProductRepository)
DA:12,12
DA:13,12
DA:14,12
DA:15,12
DA:16,12
LF:17
LH:17
BRF:0
BRH:0
FNF:2
FNH:2
end_of_record
SF:D:\git\PillarTechnology\checkout-order-total-kata\PillarTechnology.GroceryPointOfSale.ApplicationServiceImplementations\product-configuration\validators\UpsertProductMarkdownDtoValidator.cs
FN:18,System.Void PillarTechnology.GroceryPointOfSale.ApplicationServices.UpsertProductMarkdownDtoValidator::CreateRules()
FNDA:12,System.Void PillarTechnology.GroceryPointOfSale.ApplicationServices.UpsertProductMarkdownDtoValidator::CreateRules()
DA:19,12
DA:20,12
DA:21,12
DA:22,21
DA:23,12
DA:24,24
DA:25,24
DA:26,24
DA:27,24
DA:28,24
DA:29,24
DA:30,24
DA:32,12
DA:33,36
DA:35,12
DA:36,12
BRDA:32,276,0,1
BRDA:32,276,1,12
FN:11,System.Void PillarTechnology.GroceryPointOfSale.ApplicationServices.UpsertProductMarkdownDtoValidator::.ctor(PillarTechnology.GroceryPointOfSale.Domain.IProductRepository)
FNDA:12,System.Void PillarTechnology.GroceryPointOfSale.ApplicationServices.UpsertProductMarkdownDtoValidator::.ctor(PillarTechnology.GroceryPointOfSale.Domain.IProductRepository)
DA:12,12
DA:13,12
DA:14,12
DA:15,12
DA:16,12
LF:21
LH:21
BRF:2
BRH:2
FNF:2
FNH:2
end_of_record
SF:D:\git\PillarTechnology\checkout-order-total-kata\PillarTechnology.GroceryPointOfSale.ApplicationServiceImplementations\automapper\AutoMapperConfiguration.cs
FN:22,AutoMapper.IMapper PillarTechnology.GroceryPointOfSale.ApplicationServiceImplementations.Mapping::get_Mapper()
FNDA:0,AutoMapper.IMapper PillarTechnology.GroceryPointOfSale.ApplicationServiceImplementations.Mapping::get_Mapper()
DA:23,0
FN:10,System.Void PillarTechnology.GroceryPointOfSale.ApplicationServiceImplementations.Mapping::.cctor()
FNDA:0,System.Void PillarTechnology.GroceryPointOfSale.ApplicationServiceImplementations.Mapping::.cctor()
DA:11,0
DA:12,0
DA:13,0
DA:14,0
DA:15,0
DA:16,0
DA:17,0
DA:18,0
DA:19,0
DA:20,0
DA:21,0
LF:12
LH:0
BRF:4
BRH:0
FNF:2
FNH:0
end_of_record
SF:D:\git\PillarTechnology\checkout-order-total-kata\PillarTechnology.GroceryPointOfSale.ApplicationServiceImplementations\automapper\MappingProfile.cs
FN:8,System.Void PillarTechnology.GroceryPointOfSale.ApplicationServiceImplementations.MappingProfile::.ctor()
FNDA:36,System.Void PillarTechnology.GroceryPointOfSale.ApplicationServiceImplementations.MappingProfile::.ctor()
DA:9,36
DA:10,36
DA:11,36
DA:12,36
DA:13,36
DA:14,36
LF:6
LH:6
BRF:0
BRH:0
FNF:1
FNH:1
end_of_record
SF:D:\git\PillarTechnology\checkout-order-total-kata\PillarTechnology.GroceryPointOfSale.ApplicationServiceImplementations\checkout\CheckoutService.cs
FN:18,PillarTechnology.GroceryPointOfSale.Domain.IScannable PillarTechnology.GroceryPointOfSale.ApplicationServiceImplementations.CheckoutService::RemoveScannedItem(System.Int64,System.Int32)
FNDA:1,PillarTechnology.GroceryPointOfSale.Domain.IScannable PillarTechnology.GroceryPointOfSale.ApplicationServiceImplementations.CheckoutService::RemoveScannedItem(System.Int64,System.Int32)
DA:19,1
DA:20,1
DA:22,1
DA:23,1
DA:25,1
DA:26,1
FN:28,PillarTechnology.GroceryPointOfSale.Domain.IScannable PillarTechnology.GroceryPointOfSale.ApplicationServiceImplementations.CheckoutService::ScanItem(System.Int64,System.String)
FNDA:2,PillarTechnology.GroceryPointOfSale.Domain.IScannable PillarTechnology.GroceryPointOfSale.ApplicationServiceImplementations.CheckoutService::ScanItem(System.Int64,System.String)
DA:29,2
DA:30,2
DA:31,2
DA:32,2
DA:34,2
DA:35,1
FN:37,PillarTechnology.GroceryPointOfSale.Domain.IScannable PillarTechnology.GroceryPointOfSale.ApplicationServiceImplementations.CheckoutService::ScanItem(System.Int64,System.String,System.Decimal)
FNDA:2,PillarTechnology.GroceryPointOfSale.Domain.IScannable PillarTechnology.GroceryPointOfSale.ApplicationServiceImplementations.CheckoutService::ScanItem(System.Int64,System.String,System.Decimal)
DA:38,2
DA:39,2
DA:40,2
DA:41,2
DA:43,2
DA:44,1
FN:46,PillarTechnology.GroceryPointOfSale.Domain.IScannable PillarTechnology.GroceryPointOfSale.ApplicationServiceImplementations.CheckoutService::ScanItem(System.Int64,PillarTechnology.GroceryPointOfSale.Domain.Product,PillarTechnology.GroceryPointOfSale.ApplicationServices.IScanInputValidator,PillarTechnology.GroceryPointOfSale.Domain.ScannableFactory)
FNDA:4,PillarTechnology.GroceryPointOfSale.Domain.IScannable PillarTechnology.GroceryPointOfSale.ApplicationServiceImplementations.CheckoutService::ScanItem(System.Int64,PillarTechnology.GroceryPointOfSale.Domain.Product,PillarTechnology.GroceryPointOfSale.ApplicationServices.IScanInputValidator,PillarTechnology.GroceryPointOfSale.Domain.ScannableFactory)
DA:47,4
DA:48,4
DA:50,2
DA:51,2
DA:53,2
DA:54,2
DA:56,2
DA:57,2
FN:11,System.Void PillarTechnology.GroceryPointOfSale.ApplicationServiceImplementations.CheckoutService::.ctor(PillarTechnology.GroceryPointOfSale.Domain.IOrderRepository,PillarTechnology.GroceryPointOfSale.Domain.IProductRepository)
FNDA:5,System.Void PillarTechnology.GroceryPointOfSale.ApplicationServiceImplementations.CheckoutService::.ctor(PillarTechnology.GroceryPointOfSale.Domain.IOrderRepository,PillarTechnology.GroceryPointOfSale.Domain.IProductRepository)
DA:12,5
DA:13,5
DA:14,5
DA:15,5
DA:16,5
LF:31
LH:31
BRF:0
BRH:0
FNF:5
FNH:5
end_of_record
SF:D:\git\PillarTechnology\checkout-order-total-kata\PillarTechnology.GroceryPointOfSale.ApplicationServiceImplementations\checkout\SellByUnitScanInputValidator.cs
FN:16,System.Void PillarTechnology.GroceryPointOfSale.ApplicationServiceImplementations.SellByUnitScanInputValidator::Validate()
FNDA:2,System.Void PillarTechnology.GroceryPointOfSale.ApplicationServiceImplementations.SellByUnitScanInputValidator::Validate()
DA:17,2
DA:18,2
DA:19,1
DA:20,1
BRDA:18,17,0,1
BRDA:18,17,1,1
FN:10,System.Void PillarTechnology.GroceryPointOfSale.ApplicationServiceImplementations.SellByUnitScanInputValidator::.ctor(PillarTechnology.GroceryPointOfSale.Domain.Product)
FNDA:2,System.Void PillarTechnology.GroceryPointOfSale.ApplicationServiceImplementations.SellByUnitScanInputValidator::.ctor(PillarTechnology.GroceryPointOfSale.Domain.Product)
DA:11,2
DA:12,2
DA:13,2
DA:14,2
LF:8
LH:8
BRF:2
BRH:2
FNF:2
FNH:2
end_of_record
SF:D:\git\PillarTechnology\checkout-order-total-kata\PillarTechnology.GroceryPointOfSale.ApplicationServiceImplementations\checkout\SellByWeightScanInputValidator.cs
FN:16,System.Void PillarTechnology.GroceryPointOfSale.ApplicationServiceImplementations.SellByWeightScanInputValidator::Validate()
FNDA:2,System.Void PillarTechnology.GroceryPointOfSale.ApplicationServiceImplementations.SellByWeightScanInputValidator::Validate()
DA:17,2
DA:18,2
DA:19,1
DA:20,1
BRDA:18,17,0,1
BRDA:18,17,1,1
FN:10,System.Void PillarTechnology.GroceryPointOfSale.ApplicationServiceImplementations.SellByWeightScanInputValidator::.ctor(PillarTechnology.GroceryPointOfSale.Domain.Product,System.Decimal)
FNDA:2,System.Void PillarTechnology.GroceryPointOfSale.ApplicationServiceImplementations.SellByWeightScanInputValidator::.ctor(PillarTechnology.GroceryPointOfSale.Domain.Product,System.Decimal)
DA:11,2
DA:12,2
DA:13,2
DA:14,2
LF:8
LH:8
BRF:2
BRH:2
FNF:2
FNH:2
end_of_record
SF:D:\git\PillarTechnology\checkout-order-total-kata\PillarTechnology.GroceryPointOfSale.ApplicationServiceImplementations\data-access\ProductService.cs
FN:19,PillarTechnology.GroceryPointOfSale.ApplicationServices.ProductDto PillarTechnology.GroceryPointOfSale.ApplicationServiceImplementations.ProductService::FindProduct(System.String)
FNDA:0,PillarTechnology.GroceryPointOfSale.ApplicationServices.ProductDto PillarTechnology.GroceryPointOfSale.ApplicationServiceImplementations.ProductService::FindProduct(System.String)
DA:20,0
DA:21,0
DA:22,0
DA:23,0
FN:12,System.Void PillarTechnology.GroceryPointOfSale.ApplicationServiceImplementations.ProductService::.ctor(AutoMapper.IMapper,PillarTechnology.GroceryPointOfSale.Domain.IProductRepository)
FNDA:36,System.Void PillarTechnology.GroceryPointOfSale.ApplicationServiceImplementations.ProductService::.ctor(AutoMapper.IMapper,PillarTechnology.GroceryPointOfSale.Domain.IProductRepository)
DA:13,36
DA:14,36
DA:15,36
DA:16,36
DA:17,36
LF:9
LH:5
BRF:0
BRH:0
FNF:2
FNH:1
end_of_record
SF:D:\git\PillarTechnology\checkout-order-total-kata\PillarTechnology.GroceryPointOfSale.ApplicationServiceImplementations\product-configuration\ProductConfigurationService.cs
FN:21,PillarTechnology.GroceryPointOfSale.ApplicationServices.ProductDto PillarTechnology.GroceryPointOfSale.ApplicationServiceImplementations.ProductConfigurationService::CreateProduct(PillarTechnology.GroceryPointOfSale.ApplicationServices.UpsertProductDto)
FNDA:12,PillarTechnology.GroceryPointOfSale.ApplicationServices.ProductDto PillarTechnology.GroceryPointOfSale.ApplicationServiceImplementations.ProductConfigurationService::CreateProduct(PillarTechnology.GroceryPointOfSale.ApplicationServices.UpsertProductDto)
DA:22,12
DA:23,12
DA:25,2
DA:26,2
DA:28,2
DA:29,2
FN:31,PillarTechnology.GroceryPointOfSale.ApplicationServices.ProductDto PillarTechnology.GroceryPointOfSale.ApplicationServiceImplementations.ProductConfigurationService::UpdateProduct(PillarTechnology.GroceryPointOfSale.ApplicationServices.UpsertProductDto)
FNDA:12,PillarTechnology.GroceryPointOfSale.ApplicationServices.ProductDto PillarTechnology.GroceryPointOfSale.ApplicationServiceImplementations.ProductConfigurationService::UpdateProduct(PillarTechnology.GroceryPointOfSale.ApplicationServices.UpsertProductDto)
DA:32,12
DA:33,12
DA:35,2
DA:36,2
DA:37,2
DA:39,2
DA:40,2
FN:42,PillarTechnology.GroceryPointOfSale.ApplicationServices.ProductDto PillarTechnology.GroceryPointOfSale.ApplicationServiceImplementations.ProductConfigurationService::UpsertProductMarkdown(PillarTechnology.GroceryPointOfSale.ApplicationServices.UpsertProductMarkdownDto)
FNDA:12,PillarTechnology.GroceryPointOfSale.ApplicationServices.ProductDto PillarTechnology.GroceryPointOfSale.ApplicationServiceImplementations.ProductConfigurationService::UpsertProductMarkdown(PillarTechnology.GroceryPointOfSale.ApplicationServices.UpsertProductMarkdownDto)
DA:43,12
DA:44,12
DA:46,2
DA:48,2
DA:49,2
DA:51,0
DA:53,2
DA:55,2
DA:56,2
BRDA:48,49,0,2
BRDA:48,49,1,0
FN:58,System.Void PillarTechnology.GroceryPointOfSale.ApplicationServiceImplementations.ProductConfigurationService::Validate(System.Object,FluentValidation.IValidator)
FNDA:36,System.Void PillarTechnology.GroceryPointOfSale.ApplicationServiceImplementations.ProductConfigurationService::Validate(System.Object,FluentValidation.IValidator)
DA:59,36
DA:60,36
DA:62,36
DA:63,66
DA:64,6
BRDA:62,20,0,30
BRDA:63,39,0,1
BRDA:63,39,1,30
BRDA:62,20,1,6
FN:14,System.Void PillarTechnology.GroceryPointOfSale.ApplicationServiceImplementations.ProductConfigurationService::.ctor(AutoMapper.IMapper,PillarTechnology.GroceryPointOfSale.Domain.IProductRepository)
FNDA:36,System.Void PillarTechnology.GroceryPointOfSale.ApplicationServiceImplementations.ProductConfigurationService::.ctor(AutoMapper.IMapper,PillarTechnology.GroceryPointOfSale.Domain.IProductRepository)
DA:15,36
DA:16,36
DA:17,36
DA:18,36
DA:19,36
LF:32
LH:31
BRF:6
BRH:5
FNF:5
FNH:5
end_of_record
SF:D:\git\PillarTechnology\checkout-order-total-kata\PillarTechnology.GroceryPointOfSale.ApplicationServices\product-configuration\MarkdownDto.cs
FN:6,System.Decimal PillarTechnology.GroceryPointOfSale.ApplicationServices.MarkdownDto::get_AmountOffRetail()
FNDA:4,System.Decimal PillarTechnology.GroceryPointOfSale.ApplicationServices.MarkdownDto::get_AmountOffRetail()
DA:7,4
FN:7,System.DateTime PillarTechnology.GroceryPointOfSale.ApplicationServices.MarkdownDto::get_StartTime()
FNDA:4,System.DateTime PillarTechnology.GroceryPointOfSale.ApplicationServices.MarkdownDto::get_StartTime()
DA:8,4
FN:8,System.DateTime PillarTechnology.GroceryPointOfSale.ApplicationServices.MarkdownDto::get_EndTime()
FNDA:4,System.DateTime PillarTechnology.GroceryPointOfSale.ApplicationServices.MarkdownDto::get_EndTime()
DA:9,4
LF:3
LH:3
BRF:0
BRH:0
FNF:3
FNH:3
end_of_record
SF:D:\git\PillarTechnology\checkout-order-total-kata\PillarTechnology.GroceryPointOfSale.ApplicationServices\product-configuration\ProductDto.cs
FN:6,System.String PillarTechnology.GroceryPointOfSale.ApplicationServices.ProductDto::get_Name()
FNDA:10,System.String PillarTechnology.GroceryPointOfSale.ApplicationServices.ProductDto::get_Name()
DA:7,10
FN:7,System.Decimal PillarTechnology.GroceryPointOfSale.ApplicationServices.ProductDto::get_RetailPrice()
FNDA:10,System.Decimal PillarTechnology.GroceryPointOfSale.ApplicationServices.ProductDto::get_RetailPrice()
DA:8,10
FN:8,System.String PillarTechnology.GroceryPointOfSale.ApplicationServices.ProductDto::get_SellByType()
FNDA:10,System.String PillarTechnology.GroceryPointOfSale.ApplicationServices.ProductDto::get_SellByType()
DA:9,10
FN:9,PillarTechnology.GroceryPointOfSale.ApplicationServices.MarkdownDto PillarTechnology.GroceryPointOfSale.ApplicationServices.ProductDto::get_Markdown()
FNDA:12,PillarTechnology.GroceryPointOfSale.ApplicationServices.MarkdownDto PillarTechnology.GroceryPointOfSale.ApplicationServices.ProductDto::get_Markdown()
DA:10,12
LF:4
LH:4
BRF:0
BRH:0
FNF:4
FNH:4
end_of_record
SF:D:\git\PillarTechnology\checkout-order-total-kata\PillarTechnology.GroceryPointOfSale.ApplicationServices\product-configuration\UpsertProductDto.cs
FN:6,System.String PillarTechnology.GroceryPointOfSale.ApplicationServices.UpsertProductDto::get_Name()
FNDA:74,System.String PillarTechnology.GroceryPointOfSale.ApplicationServices.UpsertProductDto::get_Name()
DA:7,74
FN:7,System.Nullable`1<System.Decimal> PillarTechnology.GroceryPointOfSale.ApplicationServices.UpsertProductDto::get_RetailPrice()
FNDA:78,System.Nullable`1<System.Decimal> PillarTechnology.GroceryPointOfSale.ApplicationServices.UpsertProductDto::get_RetailPrice()
DA:8,78
FN:8,System.String PillarTechnology.GroceryPointOfSale.ApplicationServices.UpsertProductDto::get_SellByType()
FNDA:74,System.String PillarTechnology.GroceryPointOfSale.ApplicationServices.UpsertProductDto::get_SellByType()
DA:9,74
FN:10,System.Void PillarTechnology.GroceryPointOfSale.ApplicationServices.UpsertProductDto::.ctor()
FNDA:0,System.Void PillarTechnology.GroceryPointOfSale.ApplicationServices.UpsertProductDto::.ctor()
DA:11,0
DA:12,0
DA:13,0
FN:14,System.Void PillarTechnology.GroceryPointOfSale.ApplicationServices.UpsertProductDto::.ctor(System.String,System.Nullable`1<System.Decimal>,System.String)
FNDA:24,System.Void PillarTechnology.GroceryPointOfSale.ApplicationServices.UpsertProductDto::.ctor(System.String,System.Nullable`1<System.Decimal>,System.String)
DA:15,24
DA:16,24
DA:17,24
DA:18,24
DA:19,24
DA:20,24
LF:12
LH:9
BRF:0
BRH:0
FNF:5
FNH:4
end_of_record
SF:D:\git\PillarTechnology\checkout-order-total-kata\PillarTechnology.GroceryPointOfSale.ApplicationServices\product-configuration\UpsertProductMarkdownDto.cs
FN:6,System.String PillarTechnology.GroceryPointOfSale.ApplicationServices.UpsertProductMarkdownDto::get_ProductName()
FNDA:42,System.String PillarTechnology.GroceryPointOfSale.ApplicationServices.UpsertProductMarkdownDto::get_ProductName()
DA:7,42
FN:7,System.Nullable`1<System.Decimal> PillarTechnology.GroceryPointOfSale.ApplicationServices.UpsertProductMarkdownDto::get_AmountOffRetail()
FNDA:38,System.Nullable`1<System.Decimal> PillarTechnology.GroceryPointOfSale.ApplicationServices.UpsertProductMarkdownDto::get_AmountOffRetail()
DA:8,38
FN:8,System.Nullable`1<System.DateTime> PillarTechnology.GroceryPointOfSale.ApplicationServices.UpsertProductMarkdownDto::get_StartTime()
FNDA:36,System.Nullable`1<System.DateTime> PillarTechnology.GroceryPointOfSale.ApplicationServices.UpsertProductMarkdownDto::get_StartTime()
DA:9,36
FN:9,System.Nullable`1<System.DateTime> PillarTechnology.GroceryPointOfSale.ApplicationServices.UpsertProductMarkdownDto::get_EndTime()
FNDA:60,System.Nullable`1<System.DateTime> PillarTechnology.GroceryPointOfSale.ApplicationServices.UpsertProductMarkdownDto::get_EndTime()
DA:10,60
FN:11,System.Void PillarTechnology.GroceryPointOfSale.ApplicationServices.UpsertProductMarkdownDto::.ctor()
FNDA:0,System.Void PillarTechnology.GroceryPointOfSale.ApplicationServices.UpsertProductMarkdownDto::.ctor()
DA:12,0
DA:13,0
DA:14,0
FN:15,System.Void PillarTechnology.GroceryPointOfSale.ApplicationServices.UpsertProductMarkdownDto::.ctor(System.String,System.Nullable`1<System.Decimal>,System.Nullable`1<System.DateTime>,System.Nullable`1<System.DateTime>)
FNDA:12,System.Void PillarTechnology.GroceryPointOfSale.ApplicationServices.UpsertProductMarkdownDto::.ctor(System.String,System.Nullable`1<System.Decimal>,System.Nullable`1<System.DateTime>,System.Nullable`1<System.DateTime>)
DA:16,12
DA:17,12
DA:18,12
DA:19,12
DA:20,12
DA:21,12
DA:22,12
LF:14
LH:11
BRF:0
BRH:0
FNF:6
FNH:5
end_of_record
SF:D:\git\PillarTechnology\checkout-order-total-kata\PillarTechnology.GroceryPointOfSale.Domain\DateTimeExtensions.cs
FN:7,System.DateTime PillarTechnology.GroceryPointOfSale.Domain.DateTimeExtensions::StartOfWeek(System.DateTime)
FNDA:44,System.DateTime PillarTechnology.GroceryPointOfSale.Domain.DateTimeExtensions::StartOfWeek(System.DateTime)
DA:8,44
DA:9,44
DA:10,44
DA:11,44
FN:12,System.DateTime PillarTechnology.GroceryPointOfSale.Domain.DateTimeExtensions::StartOfLastWeek(System.DateTime)
FNDA:2,System.DateTime PillarTechnology.GroceryPointOfSale.Domain.DateTimeExtensions::StartOfLastWeek(System.DateTime)
DA:13,2
FN:13,System.DateTime PillarTechnology.GroceryPointOfSale.Domain.DateTimeExtensions::StartOfNextWeek(System.DateTime)
FNDA:2,System.DateTime PillarTechnology.GroceryPointOfSale.Domain.DateTimeExtensions::StartOfNextWeek(System.DateTime)
DA:14,2
FN:14,System.DateTime PillarTechnology.GroceryPointOfSale.Domain.DateTimeExtensions::EndOfWeek(System.DateTime)
FNDA:13,System.DateTime PillarTechnology.GroceryPointOfSale.Domain.DateTimeExtensions::EndOfWeek(System.DateTime)
DA:15,13
FN:15,System.DateTime PillarTechnology.GroceryPointOfSale.Domain.DateTimeExtensions::EndOfLastWeek(System.DateTime)
FNDA:2,System.DateTime PillarTechnology.GroceryPointOfSale.Domain.DateTimeExtensions::EndOfLastWeek(System.DateTime)
DA:16,2
FN:16,System.DateTime PillarTechnology.GroceryPointOfSale.Domain.DateTimeExtensions::EndOfNextWeek(System.DateTime)
FNDA:2,System.DateTime PillarTechnology.GroceryPointOfSale.Domain.DateTimeExtensions::EndOfNextWeek(System.DateTime)
DA:17,2
LF:9
LH:9
BRF:0
BRH:0
FNF:6
FNH:6
end_of_record
SF:D:\git\PillarTechnology\checkout-order-total-kata\PillarTechnology.GroceryPointOfSale.Domain\models\Invoice.cs
FN:9,System.Int64 PillarTechnology.GroceryPointOfSale.Domain.Invoice::get_OrderId()
FNDA:0,System.Int64 PillarTechnology.GroceryPointOfSale.Domain.Invoice::get_OrderId()
DA:10,0
FN:10,System.Collections.Generic.IEnumerable`1<PillarTechnology.GroceryPointOfSale.Domain.LineItem> PillarTechnology.GroceryPointOfSale.Domain.Invoice::get_LineItems()
FNDA:1,System.Collections.Generic.IEnumerable`1<PillarTechnology.GroceryPointOfSale.Domain.LineItem> PillarTechnology.GroceryPointOfSale.Domain.Invoice::get_LineItems()
DA:11,1
FN:11,NodaMoney.Money PillarTechnology.GroceryPointOfSale.Domain.Invoice::get_PreTaxTotal()
FNDA:1,NodaMoney.Money PillarTechnology.GroceryPointOfSale.Domain.Invoice::get_PreTaxTotal()
DA:12,1
FN:21,System.String PillarTechnology.GroceryPointOfSale.Domain.Invoice::ToString()
FNDA:0,System.String PillarTechnology.GroceryPointOfSale.Domain.Invoice::ToString()
DA:22,0
DA:23,0
DA:24,0
FN:13,System.Void PillarTechnology.GroceryPointOfSale.Domain.Invoice::.ctor(System.Int64,System.Collections.Generic.IEnumerable`1<PillarTechnology.GroceryPointOfSale.Domain.LineItem>,NodaMoney.Money)
FNDA:64,System.Void PillarTechnology.GroceryPointOfSale.Domain.Invoice::.ctor(System.Int64,System.Collections.Generic.IEnumerable`1<PillarTechnology.GroceryPointOfSale.Domain.LineItem>,NodaMoney.Money)
DA:14,64
DA:15,64
DA:16,64
DA:17,64
DA:18,64
DA:19,64
FN:28,PillarTechnology.GroceryPointOfSale.Domain.Order PillarTechnology.GroceryPointOfSale.Domain.InvoiceFactory::get_Order()
FNDA:499,PillarTechnology.GroceryPointOfSale.Domain.Order PillarTechnology.GroceryPointOfSale.Domain.InvoiceFactory::get_Order()
DA:29,499
FN:36,PillarTechnology.GroceryPointOfSale.Domain.Invoice PillarTechnology.GroceryPointOfSale.Domain.InvoiceFactory::CreateInvoice()
FNDA:64,PillarTechnology.GroceryPointOfSale.Domain.Invoice PillarTechnology.GroceryPointOfSale.Domain.InvoiceFactory::CreateInvoice()
DA:37,64
DA:38,64
DA:39,64
DA:40,64
DA:41,64
FN:43,NodaMoney.Money PillarTechnology.GroceryPointOfSale.Domain.InvoiceFactory::CalculatePreTaxTotal(System.Collections.Generic.ICollection`1<PillarTechnology.GroceryPointOfSale.Domain.LineItem>)
FNDA:64,NodaMoney.Money PillarTechnology.GroceryPointOfSale.Domain.InvoiceFactory::CalculatePreTaxTotal(System.Collections.Generic.ICollection`1<PillarTechnology.GroceryPointOfSale.Domain.LineItem>)
DA:44,64
DA:45,457
DA:46,64
BRDA:45,8,0,1
BRDA:45,8,1,64
FN:48,System.Collections.Generic.ICollection`1<PillarTechnology.GroceryPointOfSale.Domain.LineItem> PillarTechnology.GroceryPointOfSale.Domain.InvoiceFactory::CreateLineItems()
FNDA:64,System.Collections.Generic.ICollection`1<PillarTechnology.GroceryPointOfSale.Domain.LineItem> PillarTechnology.GroceryPointOfSale.Domain.InvoiceFactory::CreateLineItems()
DA:49,64
DA:50,64
DA:52,1114
DA:53,307
DA:54,2670
DA:56,307
DA:58,307
DA:59,223
DA:61,84
DA:62,84
DA:64,64
DA:65,64
BRDA:52,25,0,1
BRDA:52,25,1,64
BRDA:52,192,1,307
BRDA:58,140,0,210
BRDA:58,140,1,97
BRDA:58,168,1,84
BRDA:58,168,0,371
BRDA:52,192,0,64
FN:30,System.Void PillarTechnology.GroceryPointOfSale.Domain.InvoiceFactory::.ctor(PillarTechnology.GroceryPointOfSale.Domain.Order)
FNDA:64,System.Void PillarTechnology.GroceryPointOfSale.Domain.InvoiceFactory::.ctor(PillarTechnology.GroceryPointOfSale.Domain.Order)
DA:31,64
DA:32,64
DA:33,64
DA:34,64
FN:67,System.Boolean PillarTechnology.GroceryPointOfSale.Domain.InvoiceFactory/<CreateScannedItemLineItems>d__8::MoveNext()
FNDA:307,System.Boolean PillarTechnology.GroceryPointOfSale.Domain.InvoiceFactory/<CreateScannedItemLineItems>d__8::MoveNext()
DA:68,307
DA:69,1539
DA:70,309
DA:71,309
DA:72,309
DA:73,309
DA:75,309
DA:76,309
DA:77,307
BRDA:69,267,1,309
BRDA:71,106,0,99
BRDA:71,106,1,210
BRDA:68,14,1,309
BRDA:69,267,0,307
FN:79,System.Boolean PillarTechnology.GroceryPointOfSale.Domain.InvoiceFactory/<CreateMarkdownLineItems>d__9::MoveNext()
FNDA:84,System.Boolean PillarTechnology.GroceryPointOfSale.Domain.InvoiceFactory/<CreateMarkdownLineItems>d__9::MoveNext()
DA:80,84
DA:81,419
DA:82,84
DA:83,84
DA:84,84
DA:85,84
DA:87,84
DA:88,84
DA:89,84
BRDA:81,300,1,84
BRDA:83,106,0,28
BRDA:83,106,1,56
BRDA:80,14,1,84
BRDA:81,300,0,84
LF:55
LH:51
BRF:20
BRH:20
FNF:12
FNH:10
end_of_record
SF:D:\git\PillarTechnology\checkout-order-total-kata\PillarTechnology.GroceryPointOfSale.Domain\models\Item.cs
FN:6,System.Int32 PillarTechnology.GroceryPointOfSale.Domain.Item::get_Id()
FNDA:629,System.Int32 PillarTechnology.GroceryPointOfSale.Domain.Item::get_Id()
DA:7,629
FN:8,PillarTechnology.GroceryPointOfSale.Domain.Product PillarTechnology.GroceryPointOfSale.Domain.Item::get_Product()
FNDA:11763,PillarTechnology.GroceryPointOfSale.Domain.Product PillarTechnology.GroceryPointOfSale.Domain.Item::get_Product()
DA:9,11763
FN:16,System.String PillarTechnology.GroceryPointOfSale.Domain.Item::ToString()
FNDA:0,System.String PillarTechnology.GroceryPointOfSale.Domain.Item::ToString()
DA:17,0
DA:18,0
DA:19,0
FN:10,System.Void PillarTechnology.GroceryPointOfSale.Domain.Item::.ctor(PillarTechnology.GroceryPointOfSale.Domain.Product)
FNDA:74,System.Void PillarTechnology.GroceryPointOfSale.Domain.Item::.ctor(PillarTechnology.GroceryPointOfSale.Domain.Product)
DA:11,74
DA:12,74
DA:13,74
DA:14,74
LF:9
LH:6
BRF:0
BRH:0
FNF:4
FNH:3
end_of_record
SF:D:\git\PillarTechnology\checkout-order-total-kata\PillarTechnology.GroceryPointOfSale.Domain\models\LineItem.cs
FN:6,System.String PillarTechnology.GroceryPointOfSale.Domain.LineItem::get_ProductName()
FNDA:0,System.String PillarTechnology.GroceryPointOfSale.Domain.LineItem::get_ProductName()
DA:7,0
FN:7,NodaMoney.Money PillarTechnology.GroceryPointOfSale.Domain.LineItem::get_SalePrice()
FNDA:393,NodaMoney.Money PillarTechnology.GroceryPointOfSale.Domain.LineItem::get_SalePrice()
DA:8,393
FN:8,System.Nullable`1<System.Int32> PillarTechnology.GroceryPointOfSale.Domain.LineItem::get_ScannedItemId()
FNDA:411,System.Nullable`1<System.Int32> PillarTechnology.GroceryPointOfSale.Domain.LineItem::get_ScannedItemId()
DA:9,411
FN:18,System.String PillarTechnology.GroceryPointOfSale.Domain.LineItem::ToString()
FNDA:0,System.String PillarTechnology.GroceryPointOfSale.Domain.LineItem::ToString()
DA:19,0
DA:20,0
DA:21,0
FN:10,System.Void PillarTechnology.GroceryPointOfSale.Domain.LineItem::.ctor(System.String,NodaMoney.Money,System.Nullable`1<System.Int32>)
FNDA:393,System.Void PillarTechnology.GroceryPointOfSale.Domain.LineItem::.ctor(System.String,NodaMoney.Money,System.Nullable`1<System.Int32>)
DA:11,393
DA:12,393
DA:13,393
DA:14,393
DA:15,393
DA:16,393
LF:12
LH:8
BRF:0
BRH:0
FNF:5
FNH:3
end_of_record
SF:D:\git\PillarTechnology\checkout-order-total-kata\PillarTechnology.GroceryPointOfSale.Domain\models\Markdown.cs
FN:7,NodaMoney.Money PillarTechnology.GroceryPointOfSale.Domain.Markdown::get_AmountOffRetail()
FNDA:178,NodaMoney.Money PillarTechnology.GroceryPointOfSale.Domain.Markdown::get_AmountOffRetail()
DA:8,178
FN:8,System.DateTime PillarTechnology.GroceryPointOfSale.Domain.Markdown::get_StartTime()
FNDA:220,System.DateTime PillarTechnology.GroceryPointOfSale.Domain.Markdown::get_StartTime()
DA:9,220
FN:9,System.DateTime PillarTechnology.GroceryPointOfSale.Domain.Markdown::get_EndTime()
FNDA:164,System.DateTime PillarTechnology.GroceryPointOfSale.Domain.Markdown::get_EndTime()
DA:10,164
FN:13,System.Boolean PillarTechnology.GroceryPointOfSale.Domain.Markdown::get_IsActive()
FNDA:210,System.Boolean PillarTechnology.GroceryPointOfSale.Domain.Markdown::get_IsActive()
DA:14,210
DA:15,210
DA:16,210
DA:17,210
BRDA:16,19,0,154
BRDA:16,19,1,56
FN:19,System.Void PillarTechnology.GroceryPointOfSale.Domain.Markdown::.ctor(NodaMoney.Money,System.DateTime,System.DateTime)
FNDA:8,System.Void PillarTechnology.GroceryPointOfSale.Domain.Markdown::.ctor(NodaMoney.Money,System.DateTime,System.DateTime)
DA:20,8
DA:21,8
DA:22,8
DA:23,8
DA:24,8
DA:25,8
LF:13
LH:13
BRF:2
BRH:2
FNF:5
FNH:5
end_of_record
SF:D:\git\PillarTechnology\checkout-order-total-kata\PillarTechnology.GroceryPointOfSale.Domain\models\Order.cs
FN:11,System.Int64 PillarTechnology.GroceryPointOfSale.Domain.Order::get_Id()
FNDA:112,System.Int64 PillarTechnology.GroceryPointOfSale.Domain.Order::get_Id()
DA:12,112
FN:12,System.Collections.Generic.IEnumerable`1<PillarTechnology.GroceryPointOfSale.Domain.IScannable> PillarTechnology.GroceryPointOfSale.Domain.Order::get_ScannedItems()
FNDA:1146,System.Collections.Generic.IEnumerable`1<PillarTechnology.GroceryPointOfSale.Domain.IScannable> PillarTechnology.GroceryPointOfSale.Domain.Order::get_ScannedItems()
DA:13,1146
FN:13,PillarTechnology.GroceryPointOfSale.Domain.Invoice PillarTechnology.GroceryPointOfSale.Domain.Order::get_Invoice()
FNDA:66,PillarTechnology.GroceryPointOfSale.Domain.Invoice PillarTechnology.GroceryPointOfSale.Domain.Order::get_Invoice()
DA:14,66
FN:21,PillarTechnology.GroceryPointOfSale.Domain.Order PillarTechnology.GroceryPointOfSale.Domain.Order::AddScannable(PillarTechnology.GroceryPointOfSale.Domain.IScannable)
FNDA:60,PillarTechnology.GroceryPointOfSale.Domain.Order PillarTechnology.GroceryPointOfSale.Domain.Order::AddScannable(PillarTechnology.GroceryPointOfSale.Domain.IScannable)
DA:22,60
DA:23,60
DA:24,60
DA:25,60
DA:26,60
FN:28,PillarTechnology.GroceryPointOfSale.Domain.IScannable PillarTechnology.GroceryPointOfSale.Domain.Order::RemoveScannedItem(System.Int32)
FNDA:2,PillarTechnology.GroceryPointOfSale.Domain.IScannable PillarTechnology.GroceryPointOfSale.Domain.Order::RemoveScannedItem(System.Int32)
DA:29,2
DA:30,18
DA:31,2
DA:32,2
DA:33,2
FN:35,System.Void PillarTechnology.GroceryPointOfSale.Domain.Order::ScannedItemsChanged(System.Object,System.Collections.Specialized.NotifyCollectionChangedEventArgs)
FNDA:62,System.Void PillarTechnology.GroceryPointOfSale.Domain.Order::ScannedItemsChanged(System.Object,System.Collections.Specialized.NotifyCollectionChangedEventArgs)
DA:36,62
DA:37,62
DA:38,62
FN:9,System.Void PillarTechnology.GroceryPointOfSale.Domain.Order::.ctor()
FNDA:9,System.Void PillarTechnology.GroceryPointOfSale.Domain.Order::.ctor()
DA:10,9
DA:16,9
DA:17,9
DA:18,9
DA:19,8
FN:42,System.Int32 PillarTechnology.GroceryPointOfSale.Domain.Order/ScannedItemIdGenerator::Next(System.Collections.Generic.IEnumerable`1<PillarTechnology.GroceryPointOfSale.Domain.IScannable>)
FNDA:60,System.Int32 PillarTechnology.GroceryPointOfSale.Domain.Order/ScannedItemIdGenerator::Next(System.Collections.Generic.IEnumerable`1<PillarTechnology.GroceryPointOfSale.Domain.IScannable>)
DA:43,60
DA:44,279
DA:45,60
BRDA:44,7,0,52
BRDA:44,16,0,1
BRDA:44,16,1,52
BRDA:44,7,1,8
LF:24
LH:24
BRF:4
BRH:4
FNF:8
FNH:8
end_of_record
SF:D:\git\PillarTechnology\checkout-order-total-kata\PillarTechnology.GroceryPointOfSale.Domain\models\Product.cs
FN:11,System.String PillarTechnology.GroceryPointOfSale.Domain.Product::get_Name()
FNDA:8865,System.String PillarTechnology.GroceryPointOfSale.Domain.Product::get_Name()
DA:12,8865
FN:12,NodaMoney.Money PillarTechnology.GroceryPointOfSale.Domain.Product::get_RetailPrice()
FNDA:350,NodaMoney.Money PillarTechnology.GroceryPointOfSale.Domain.Product::get_RetailPrice()
DA:13,350
FN:13,PillarTechnology.GroceryPointOfSale.Domain.SellByType PillarTechnology.GroceryPointOfSale.Domain.Product::get_SellByType()
FNDA:490,PillarTechnology.GroceryPointOfSale.Domain.SellByType PillarTechnology.GroceryPointOfSale.Domain.Product::get_SellByType()
DA:14,490
FN:14,PillarTechnology.GroceryPointOfSale.Domain.Markdown PillarTechnology.GroceryPointOfSale.Domain.Product::get_Markdown()
FNDA:705,PillarTechnology.GroceryPointOfSale.Domain.Markdown PillarTechnology.GroceryPointOfSale.Domain.Product::get_Markdown()
DA:15,705
FN:16,System.Void PillarTechnology.GroceryPointOfSale.Domain.Product::.ctor()
FNDA:0,System.Void PillarTechnology.GroceryPointOfSale.Domain.Product::.ctor()
DA:17,0
FN:18,System.Void PillarTechnology.GroceryPointOfSale.Domain.Product::.ctor(System.String,NodaMoney.Money,PillarTechnology.GroceryPointOfSale.Domain.SellByType,PillarTechnology.GroceryPointOfSale.Domain.Markdown)
FNDA:11,System.Void PillarTechnology.GroceryPointOfSale.Domain.Product::.ctor(System.String,NodaMoney.Money,PillarTechnology.GroceryPointOfSale.Domain.SellByType,PillarTechnology.GroceryPointOfSale.Domain.Markdown)
DA:19,11
DA:20,11
DA:21,11
DA:22,11
DA:23,11
DA:24,11
DA:25,11
LF:12
LH:11
BRF:0
BRH:0
FNF:6
FNH:5
end_of_record
SF:D:\git\PillarTechnology\checkout-order-total-kata\PillarTechnology.GroceryPointOfSale.Domain\models\WeightedItem.cs
FN:6,System.Decimal PillarTechnology.GroceryPointOfSale.Domain.WeightedItem::get_Weight()
FNDA:381,System.Decimal PillarTechnology.GroceryPointOfSale.Domain.WeightedItem::get_Weight()
DA:7,381
FN:8,System.Void PillarTechnology.GroceryPointOfSale.Domain.WeightedItem::.ctor(PillarTechnology.GroceryPointOfSale.Domain.Product,System.Decimal)
FNDA:37,System.Void PillarTechnology.GroceryPointOfSale.Domain.WeightedItem::.ctor(PillarTechnology.GroceryPointOfSale.Domain.Product,System.Decimal)
DA:9,37
DA:10,37
DA:11,37
DA:12,37
LF:5
LH:5
BRF:0
BRH:0
FNF:2
FNH:2
end_of_record
SF:D:\git\PillarTechnology\checkout-order-total-kata\PillarTechnology.GroceryPointOfSale.Domain\scannable\creation\ItemFactory.cs
FN:12,PillarTechnology.GroceryPointOfSale.Domain.IScannable PillarTechnology.GroceryPointOfSale.Domain.ItemFactory::CreateScannable()
FNDA:37,PillarTechnology.GroceryPointOfSale.Domain.IScannable PillarTechnology.GroceryPointOfSale.Domain.ItemFactory::CreateScannable()
DA:13,37
DA:14,37
DA:15,37
FN:17,System.Void PillarTechnology.GroceryPointOfSale.Domain.ItemFactory::Configure(PillarTechnology.GroceryPointOfSale.Domain.Product)
FNDA:36,System.Void PillarTechnology.GroceryPointOfSale.Domain.ItemFactory::Configure(PillarTechnology.GroceryPointOfSale.Domain.Product)
DA:18,36
DA:19,36
DA:20,36
FN:7,System.Void PillarTechnology.GroceryPointOfSale.Domain.ItemFactory::.ctor()
FNDA:27,System.Void PillarTechnology.GroceryPointOfSale.Domain.ItemFactory::.ctor()
DA:8,27
FN:9,System.Void PillarTechnology.GroceryPointOfSale.Domain.ItemFactory::.ctor(PillarTechnology.GroceryPointOfSale.Domain.Product)
FNDA:6,System.Void PillarTechnology.GroceryPointOfSale.Domain.ItemFactory::.ctor(PillarTechnology.GroceryPointOfSale.Domain.Product)
DA:10,6
LF:8
LH:8
BRF:0
BRH:0
FNF:4
FNH:4
end_of_record
SF:D:\git\PillarTechnology\checkout-order-total-kata\PillarTechnology.GroceryPointOfSale.Domain\scannable\creation\ScannableFactory.cs
FN:7,PillarTechnology.GroceryPointOfSale.Domain.Product PillarTechnology.GroceryPointOfSale.Domain.ScannableFactory::get_Product()
FNDA:150,PillarTechnology.GroceryPointOfSale.Domain.Product PillarTechnology.GroceryPointOfSale.Domain.ScannableFactory::get_Product()
DA:8,150
FN:9,System.Void PillarTechnology.GroceryPointOfSale.Domain.ScannableFactory::.ctor()
FNDA:54,System.Void PillarTechnology.GroceryPointOfSale.Domain.ScannableFactory::.ctor()
DA:10,54
FN:11,System.Void PillarTechnology.GroceryPointOfSale.Domain.ScannableFactory::.ctor(PillarTechnology.GroceryPointOfSale.Domain.Product)
FNDA:4,System.Void PillarTechnology.GroceryPointOfSale.Domain.ScannableFactory::.ctor(PillarTechnology.GroceryPointOfSale.Domain.Product)
DA:12,4
DA:13,4
DA:14,4
DA:15,4
LF:6
LH:6
BRF:0
BRH:0
FNF:3
FNH:3
end_of_record
SF:D:\git\PillarTechnology\checkout-order-total-kata\PillarTechnology.GroceryPointOfSale.Domain\scannable\creation\WeightedItemFactory.cs
FN:7,System.Decimal PillarTechnology.GroceryPointOfSale.Domain.WeightedItemFactory::get_Weight()
FNDA:75,System.Decimal PillarTechnology.GroceryPointOfSale.Domain.WeightedItemFactory::get_Weight()
DA:8,75
FN:17,PillarTechnology.GroceryPointOfSale.Domain.IScannable PillarTechnology.GroceryPointOfSale.Domain.WeightedItemFactory::CreateScannable()
FNDA:37,PillarTechnology.GroceryPointOfSale.Domain.IScannable PillarTechnology.GroceryPointOfSale.Domain.WeightedItemFactory::CreateScannable()
DA:18,37
DA:19,37
DA:20,37
FN:22,System.Void PillarTechnology.GroceryPointOfSale.Domain.WeightedItemFactory::Configure(PillarTechnology.GroceryPointOfSale.Domain.Product,System.Decimal)
FNDA:36,System.Void PillarTechnology.GroceryPointOfSale.Domain.WeightedItemFactory::Configure(PillarTechnology.GroceryPointOfSale.Domain.Product,System.Decimal)
DA:23,36
DA:24,36
DA:25,36
DA:26,36
FN:9,System.Void PillarTechnology.GroceryPointOfSale.Domain.WeightedItemFactory::.ctor()
FNDA:27,System.Void PillarTechnology.GroceryPointOfSale.Domain.WeightedItemFactory::.ctor()
DA:10,27
FN:11,System.Void PillarTechnology.GroceryPointOfSale.Domain.WeightedItemFactory::.ctor(PillarTechnology.GroceryPointOfSale.Domain.Product,System.Decimal)
FNDA:2,System.Void PillarTechnology.GroceryPointOfSale.Domain.WeightedItemFactory::.ctor(PillarTechnology.GroceryPointOfSale.Domain.Product,System.Decimal)
DA:12,2
DA:13,2
DA:14,2
DA:15,2
LF:13
LH:13
BRF:0
BRH:0
FNF:5
FNH:5
end_of_record
SF:D:\git\PillarTechnology\checkout-order-total-kata\PillarTechnology.GroceryPointOfSale.Infrastructure.InMemory\repositories\InMemoryOrderRepository.cs
FN:11,System.Int64 PillarTechnology.GroceryPointOfSale.Infrastructure.InMemory.InMemoryOrderRepository::GetNextId()
FNDA:7,System.Int64 PillarTechnology.GroceryPointOfSale.Infrastructure.InMemory.InMemoryOrderRepository::GetNextId()
DA:12,7
DA:13,7
DA:14,7
BRDA:13,12,0,0
BRDA:13,26,0,0
BRDA:13,26,1,0
BRDA:13,12,1,7
FN:16,PillarTechnology.GroceryPointOfSale.Domain.Order PillarTechnology.GroceryPointOfSale.Infrastructure.InMemory.InMemoryOrderRepository::CreateOrder(PillarTechnology.GroceryPointOfSale.Domain.Order)
FNDA:7,PillarTechnology.GroceryPointOfSale.Domain.Order PillarTechnology.GroceryPointOfSale.Infrastructure.InMemory.InMemoryOrderRepository::CreateOrder(PillarTechnology.GroceryPointOfSale.Domain.Order)
DA:17,7
DA:18,7
DA:19,7
DA:20,7
DA:21,7
FN:23,PillarTechnology.GroceryPointOfSale.Domain.Order PillarTechnology.GroceryPointOfSale.Infrastructure.InMemory.InMemoryOrderRepository::FindOrder(System.Int64)
FNDA:20,PillarTechnology.GroceryPointOfSale.Domain.Order PillarTechnology.GroceryPointOfSale.Infrastructure.InMemory.InMemoryOrderRepository::FindOrder(System.Int64)
DA:24,20
DA:25,40
DA:26,20
FN:28,PillarTechnology.GroceryPointOfSale.Domain.Order PillarTechnology.GroceryPointOfSale.Infrastructure.InMemory.InMemoryOrderRepository::UpdateOrder(PillarTechnology.GroceryPointOfSale.Domain.Order)
FNDA:4,PillarTechnology.GroceryPointOfSale.Domain.Order PillarTechnology.GroceryPointOfSale.Infrastructure.InMemory.InMemoryOrderRepository::UpdateOrder(PillarTechnology.GroceryPointOfSale.Domain.Order)
DA:29,4
DA:30,4
DA:31,4
FN:9,System.Void PillarTechnology.GroceryPointOfSale.Infrastructure.InMemory.InMemoryOrderRepository::.ctor()
FNDA:7,System.Void PillarTechnology.GroceryPointOfSale.Infrastructure.InMemory.InMemoryOrderRepository::.ctor()
DA:10,7
LF:15
LH:15
BRF:4
BRH:1
FNF:5
FNH:5
end_of_record
SF:D:\git\PillarTechnology\checkout-order-total-kata\PillarTechnology.GroceryPointOfSale.Infrastructure.InMemory\repositories\InMemoryProductRepository.cs
FN:12,PillarTechnology.GroceryPointOfSale.Domain.Product PillarTechnology.GroceryPointOfSale.Infrastructure.InMemory.InMemoryProductRepository::CreateProduct(PillarTechnology.GroceryPointOfSale.Domain.Product)
FNDA:403,PillarTechnology.GroceryPointOfSale.Domain.Product PillarTechnology.GroceryPointOfSale.Infrastructure.InMemory.InMemoryProductRepository::CreateProduct(PillarTechnology.GroceryPointOfSale.Domain.Product)
DA:13,403
DA:14,403
DA:15,403
DA:16,403
FN:18,System.Boolean PillarTechnology.GroceryPointOfSale.Infrastructure.InMemory.InMemoryProductRepository::Exists(System.String)
FNDA:27,System.Boolean PillarTechnology.GroceryPointOfSale.Infrastructure.InMemory.InMemoryProductRepository::Exists(System.String)
DA:19,27
DA:20,174
DA:21,27
FN:23,PillarTechnology.GroceryPointOfSale.Domain.Product PillarTechnology.GroceryPointOfSale.Infrastructure.InMemory.InMemoryProductRepository::FindProduct(System.String)
FNDA:446,PillarTechnology.GroceryPointOfSale.Domain.Product PillarTechnology.GroceryPointOfSale.Infrastructure.InMemory.InMemoryProductRepository::FindProduct(System.String)
DA:24,446
DA:25,2427
DA:26,446
FN:28,PillarTechnology.GroceryPointOfSale.Domain.Product PillarTechnology.GroceryPointOfSale.Infrastructure.InMemory.InMemoryProductRepository::UpdateProduct(PillarTechnology.GroceryPointOfSale.Domain.Product)
FNDA:12,PillarTechnology.GroceryPointOfSale.Domain.Product PillarTechnology.GroceryPointOfSale.Infrastructure.InMemory.InMemoryProductRepository::UpdateProduct(PillarTechnology.GroceryPointOfSale.Domain.Product)
DA:29,12
DA:30,12
DA:31,12
FN:9,System.Void PillarTechnology.GroceryPointOfSale.Infrastructure.InMemory.InMemoryProductRepository::.ctor()
FNDA:50,System.Void PillarTechnology.GroceryPointOfSale.Infrastructure.InMemory.InMemoryProductRepository::.ctor()
DA:10,50
LF:14
LH:14
BRF:0
BRH:0
FNF:5
FNH:5
end_of_record